#
# There is insufficient memory for the Java Runtime Environment to continue.
# Native memory allocation (malloc) failed to allocate 844416 bytes for Chunk::new
# Possible reasons:
#   The system is out of physical RAM or swap space
#   The process is running with CompressedOops enabled, and the Java Heap may be blocking the growth of the native heap
# Possible solutions:
#   Reduce memory load on the system
#   Increase physical memory or swap space
#   Check if swap backing store is full
#   Decrease Java heap size (-Xmx/-Xms)
#   Decrease number of Java threads
#   Decrease Java thread stack sizes (-Xss)
#   Set larger code cache with -XX:ReservedCodeCacheSize=
#   JVM is running with Unscaled Compressed Oops mode in which the Java heap is
#     placed in the first 4GB address space. The Java Heap base address is the
#     maximum limit for the native heap growth. Please use -XX:HeapBaseMinAddress
#     to set the Java Heap base and to place the Java Heap above 4GB virtual address.
# This output file may be truncated or incomplete.
#
#  Out of Memory Error (./src/hotspot/share/memory/arena.cpp:197), pid=11208, tid=11856
#
# JRE version: OpenJDK Runtime Environment (11.0.10) (build 11.0.10+0-b96-7249189)
# Java VM: OpenJDK 64-Bit Server VM (11.0.10+0-b96-7249189, mixed mode, tiered, compressed oops, g1 gc, windows-amd64)
# No core dump will be written. Minidumps are not enabled by default on client versions of Windows
#

---------------  S U M M A R Y ------------

Command Line: --add-opens=java.base/java.util=ALL-UNNAMED --add-opens=java.base/java.lang=ALL-UNNAMED --add-opens=java.base/java.lang.invoke=ALL-UNNAMED --add-opens=java.base/java.util=ALL-UNNAMED --add-opens=java.prefs/java.util.prefs=ALL-UNNAMED --add-opens=java.prefs/java.util.prefs=ALL-UNNAMED --add-opens=java.base/java.nio.charset=ALL-UNNAMED --add-opens=java.base/java.net=ALL-UNNAMED --add-opens=java.base/java.util.concurrent.atomic=ALL-UNNAMED -Xmx2048m -Dfile.encoding=UTF-8 -Duser.country=RU -Duser.language=ru -Duser.variant org.gradle.launcher.daemon.bootstrap.GradleDaemon 7.0.2

Host: Intel(R) Core(TM) i3-8130U CPU @ 2.20GHz, 4 cores, 15G,  Windows 10 , 64 bit Build 19041 (10.0.19041.2364)
Time: Tue Jan 24 22:48:21 2023 RTZ 4 (зима) elapsed time: 18.354704 seconds (0d 0h 0m 18s)

---------------  T H R E A D  ---------------

Current thread (0x0000013d69913800):  JavaThread "C2 CompilerThread1" daemon [_thread_in_native, id=11856, stack(0x0000003345100000,0x0000003345200000)]


Current CompileTask:
C2:  18354 6607       4       sun.reflect.generics.parser.SignatureParser::parseFieldTypeSignature (73 bytes)

Stack: [0x0000003345100000,0x0000003345200000]
Native frames: (J=compiled Java code, j=interpreted, Vv=VM code, C=native code)
V  [jvm.dll+0x5ecfaa]
V  [jvm.dll+0x722bd5]
V  [jvm.dll+0x72412d]
V  [jvm.dll+0x7247e3]
V  [jvm.dll+0x242928]
V  [jvm.dll+0xbc4fc]
V  [jvm.dll+0xbca0c]
V  [jvm.dll+0x2b4fd4]
V  [jvm.dll+0x506028]
V  [jvm.dll+0x203253]
V  [jvm.dll+0x1fd07c]
V  [jvm.dll+0x1fa77f]
V  [jvm.dll+0x18354c]
V  [jvm.dll+0x208ee7]
V  [jvm.dll+0x207731]
V  [jvm.dll+0x6eb1cf]
V  [jvm.dll+0x6e3d45]
V  [jvm.dll+0x5ebe96]
C  [ucrtbase.dll+0x21bb2]
C  [KERNEL32.DLL+0x17614]
C  [ntdll.dll+0x526a1]


---------------  P R O C E S S  ---------------

Threads class SMR info:
_java_thread_list=0x0000013d6a2e6770, length=43, elements={
0x0000013d47d8c000, 0x0000013d64121800, 0x0000013d64122800, 0x0000013d64140800,
0x0000013d64185800, 0x0000013d64186800, 0x0000013d64189000, 0x0000013d6418b000,
0x0000013d641dc000, 0x0000013d642f5800, 0x0000013d665c1800, 0x0000013d65754800,
0x0000013d66784800, 0x0000013d65dde800, 0x0000013d66f02800, 0x0000013d65ce7000,
0x0000013d663aa000, 0x0000013d66871800, 0x0000013d65aad800, 0x0000013d65aac000,
0x0000013d65aad000, 0x0000013d65aae800, 0x0000013d66bb0800, 0x0000013d66baf000,
0x0000013d66bae000, 0x0000013d66baf800, 0x0000013d66bb1800, 0x0000013d66bb2000,
0x0000013d66bb3000, 0x0000013d66bad800, 0x0000013d66bb7000, 0x0000013d66bb9800,
0x0000013d66bb8800, 0x0000013d66bb8000, 0x0000013d66bb6000, 0x0000013d66bb4800,
0x0000013d66bbb000, 0x0000013d66bbc000, 0x0000013d66e7b800, 0x0000013d66e78000,
0x0000013d66e7a000, 0x0000013d66e79000, 0x0000013d69913800
}

Java Threads: ( => current thread )
  0x0000013d47d8c000 JavaThread "main" [_thread_blocked, id=12564, stack(0x0000003343300000,0x0000003343400000)]
  0x0000013d64121800 JavaThread "Reference Handler" daemon [_thread_blocked, id=12808, stack(0x0000003343a00000,0x0000003343b00000)]
  0x0000013d64122800 JavaThread "Finalizer" daemon [_thread_blocked, id=13196, stack(0x0000003343b00000,0x0000003343c00000)]
  0x0000013d64140800 JavaThread "Signal Dispatcher" daemon [_thread_blocked, id=10692, stack(0x0000003343c00000,0x0000003343d00000)]
  0x0000013d64185800 JavaThread "Attach Listener" daemon [_thread_blocked, id=18332, stack(0x0000003343d00000,0x0000003343e00000)]
  0x0000013d64186800 JavaThread "Service Thread" daemon [_thread_blocked, id=9876, stack(0x0000003343e00000,0x0000003343f00000)]
  0x0000013d64189000 JavaThread "C2 CompilerThread0" daemon [_thread_in_native, id=17628, stack(0x0000003343f00000,0x0000003344000000)]
  0x0000013d6418b000 JavaThread "C1 CompilerThread0" daemon [_thread_in_vm, id=18920, stack(0x0000003344000000,0x0000003344100000)]
  0x0000013d641dc000 JavaThread "Sweeper thread" daemon [_thread_blocked, id=15712, stack(0x0000003344100000,0x0000003344200000)]
  0x0000013d642f5800 JavaThread "Common-Cleaner" daemon [_thread_blocked, id=8700, stack(0x0000003344200000,0x0000003344300000)]
  0x0000013d665c1800 JavaThread "Daemon health stats" [_thread_blocked, id=5984, stack(0x0000003344800000,0x0000003344900000)]
  0x0000013d65754800 JavaThread "Incoming local TCP Connector on port 59741" [_thread_in_native, id=17260, stack(0x0000003344400000,0x0000003344500000)]
  0x0000013d66784800 JavaThread "Daemon periodic checks" [_thread_blocked, id=9884, stack(0x0000003344900000,0x0000003344a00000)]
  0x0000013d65dde800 JavaThread "Daemon" [_thread_blocked, id=10484, stack(0x0000003344a00000,0x0000003344b00000)]
  0x0000013d66f02800 JavaThread "Handler for socket connection from /127.0.0.1:59741 to /127.0.0.1:59743" [_thread_in_native, id=14152, stack(0x0000003344b00000,0x0000003344c00000)]
  0x0000013d65ce7000 JavaThread "Cancel handler" [_thread_blocked, id=8784, stack(0x0000003344c00000,0x0000003344d00000)]
  0x0000013d663aa000 JavaThread "Daemon worker" [_thread_in_Java, id=13712, stack(0x0000003344d00000,0x0000003344e00000)]
  0x0000013d66871800 JavaThread "Asynchronous log dispatcher for DefaultDaemonConnection: socket connection from /127.0.0.1:59741 to /127.0.0.1:59743" [_thread_blocked, id=13540, stack(0x0000003344e00000,0x0000003344f00000)]
  0x0000013d65aad800 JavaThread "Stdin handler" [_thread_blocked, id=11004, stack(0x0000003344f00000,0x0000003345000000)]
  0x0000013d65aac000 JavaThread "Daemon client event forwarder" [_thread_blocked, id=15688, stack(0x0000003345000000,0x0000003345100000)]
  0x0000013d65aad000 JavaThread "Cache worker for file hash cache (C:\Users\tatia\.gradle\caches\7.0.2\fileHashes)" [_thread_blocked, id=9716, stack(0x0000003345200000,0x0000003345300000)]
  0x0000013d65aae800 JavaThread "File lock request listener" [_thread_in_native, id=12632, stack(0x0000003345300000,0x0000003345400000)]
  0x0000013d66bb0800 JavaThread "Cache worker for journal cache (C:\Users\tatia\.gradle\caches\journal-1)" [_thread_blocked, id=18508, stack(0x0000003345400000,0x0000003345500000)]
  0x0000013d66baf000 JavaThread "Cache worker for file hash cache (C:\Users\tatia\AndroidStudioProjects\MyApplicationTest\.gradle\7.0.2\fileHashes)" [_thread_blocked, id=11524, stack(0x0000003345500000,0x0000003345600000)]
  0x0000013d66bae000 JavaThread "File watcher server" daemon [_thread_in_native, id=17548, stack(0x0000003345600000,0x0000003345700000)]
  0x0000013d66baf800 JavaThread "File watcher consumer" daemon [_thread_blocked, id=4332, stack(0x0000003345700000,0x0000003345800000)]
  0x0000013d66bb1800 JavaThread "Cache worker for checksums cache (C:\Users\tatia\AndroidStudioProjects\MyApplicationTest\.gradle\checksums)" [_thread_blocked, id=11736, stack(0x0000003345800000,0x0000003345900000)]
  0x0000013d66bb2000 JavaThread "Cache worker for cache directory md-supplier (C:\Users\tatia\.gradle\caches\7.0.2\md-supplier)" [_thread_blocked, id=14228, stack(0x0000003345900000,0x0000003345a00000)]
  0x0000013d66bb3000 JavaThread "Cache worker for cache directory md-rule (C:\Users\tatia\.gradle\caches\7.0.2\md-rule)" [_thread_blocked, id=15388, stack(0x0000003345a00000,0x0000003345b00000)]
  0x0000013d66bad800 JavaThread "Cache worker for execution history cache (C:\Users\tatia\.gradle\caches\7.0.2\executionHistory)" [_thread_blocked, id=5188, stack(0x0000003345b00000,0x0000003345c00000)]
  0x0000013d66bb7000 JavaThread "jar transforms" [_thread_blocked, id=7160, stack(0x0000003345c00000,0x0000003345d00000)]
  0x0000013d66bb9800 JavaThread "jar transforms Thread 2" [_thread_blocked, id=6804, stack(0x0000003345d00000,0x0000003345e00000)]
  0x0000013d66bb8800 JavaThread "Cache worker for file content cache (C:\Users\tatia\.gradle\caches\7.0.2\fileContent)" [_thread_blocked, id=16092, stack(0x0000003345e00000,0x0000003345f00000)]
  0x0000013d66bb8000 JavaThread "Cache worker for dependencies-accessors (C:\Users\tatia\AndroidStudioProjects\MyApplicationTest\.gradle\7.0.2\dependencies-accessors)" [_thread_blocked, id=14372, stack(0x0000003345f00000,0x0000003346000000)]
  0x0000013d66bb6000 JavaThread "jar transforms Thread 3" [_thread_blocked, id=9572, stack(0x0000003346000000,0x0000003346100000)]
  0x0000013d66bb4800 JavaThread "Cache worker for Build Output Cleanup Cache (C:\Users\tatia\AndroidStudioProjects\MyApplicationTest\.gradle\buildOutputCleanup)" [_thread_blocked, id=6456, stack(0x0000003346100000,0x0000003346200000)]
  0x0000013d66bbb000 JavaThread "Build operations" [_thread_blocked, id=13524, stack(0x0000003346200000,0x0000003346300000)]
  0x0000013d66bbc000 JavaThread "Build operations Thread 2" [_thread_blocked, id=17152, stack(0x0000003346300000,0x0000003346400000)]
  0x0000013d66e7b800 JavaThread "Build operations Thread 3" [_thread_blocked, id=8964, stack(0x0000003346400000,0x0000003346500000)]
  0x0000013d66e78000 JavaThread "Build operations Thread 4" [_thread_blocked, id=11532, stack(0x0000003346500000,0x0000003346600000)]
  0x0000013d66e7a000 JavaThread "jar transforms Thread 4" [_thread_blocked, id=17512, stack(0x0000003346600000,0x0000003346700000)]
  0x0000013d66e79000 JavaThread "Memory manager" [_thread_blocked, id=12828, stack(0x0000003346700000,0x0000003346800000)]
=>0x0000013d69913800 JavaThread "C2 CompilerThread1" daemon [_thread_in_native, id=11856, stack(0x0000003345100000,0x0000003345200000)]

Other Threads:
  0x0000013d638fe800 VMThread "VM Thread" [stack: 0x0000003343900000,0x0000003343a00000] [id=18828]
  0x0000013d6431b000 WatcherThread [stack: 0x0000003344300000,0x0000003344400000] [id=9820]
  0x0000013d47dc5800 GCTaskThread "GC Thread#0" [stack: 0x0000003343400000,0x0000003343500000] [id=16548]
  0x0000013d64a6d800 GCTaskThread "GC Thread#1" [stack: 0x0000003344500000,0x0000003344600000] [id=7772]
  0x0000013d648db000 GCTaskThread "GC Thread#2" [stack: 0x0000003344600000,0x0000003344700000] [id=13928]
  0x0000013d64d3b800 GCTaskThread "GC Thread#3" [stack: 0x0000003344700000,0x0000003344800000] [id=1240]
  0x0000013d47df6000 ConcurrentGCThread "G1 Main Marker" [stack: 0x0000003343500000,0x0000003343600000] [id=14496]
  0x0000013d47df8000 ConcurrentGCThread "G1 Conc#0" [stack: 0x0000003343600000,0x0000003343700000] [id=15612]
  0x0000013d6376a800 ConcurrentGCThread "G1 Refine#0" [stack: 0x0000003343700000,0x0000003343800000] [id=15916]
  0x0000013d6376b800 ConcurrentGCThread "G1 Young RemSet Sampling" [stack: 0x0000003343800000,0x0000003343900000] [id=14404]

Threads with active compile tasks:
C2 CompilerThread0  18402 6625       4       sun.reflect.generics.parser.SignatureParser::parseClassTypeSignature (118 bytes)
C1 CompilerThread0  18402 6650       3       java.lang.ClassValue$ClassValueMap::addToCache (92 bytes)
C2 CompilerThread1  18402 6607       4       sun.reflect.generics.parser.SignatureParser::parseFieldTypeSignature (73 bytes)

VM state:not at safepoint (normal execution)

VM Mutex/Monitor currently owned by a thread: None

Heap address: 0x0000000080000000, size: 2048 MB, Compressed Oops mode: 32-bit
Narrow klass base: 0x0000000000000000, Narrow klass shift: 3
Compressed class space size: 1073741824 Address: 0x0000000100000000

Heap:
 garbage-first heap   total 262144K, used 174512K [0x0000000080000000, 0x0000000100000000)
  region size 1024K, 146 young (149504K), 20 survivors (20480K)
 Metaspace       used 68679K, capacity 70286K, committed 70476K, reserved 1110016K
  class space    used 8891K, capacity 9507K, committed 9548K, reserved 1048576K
Heap Regions: E=young(eden), S=young(survivor), O=old, HS=humongous(starts), HC=humongous(continues), CS=collection set, F=free, A=archive, TAMS=top-at-mark-start (previous, next)
|   0|0x0000000080000000, 0x0000000080100000, 0x0000000080100000|100%| O|  |TAMS 0x0000000080100000, 0x0000000080000000| Untracked 
|   1|0x0000000080100000, 0x0000000080200000, 0x0000000080200000|100%| O|  |TAMS 0x0000000080200000, 0x0000000080100000| Untracked 
|   2|0x0000000080200000, 0x0000000080300000, 0x0000000080300000|100%|HS|  |TAMS 0x0000000080300000, 0x0000000080200000| Complete 
|   3|0x0000000080300000, 0x0000000080400000, 0x0000000080400000|100%|HS|  |TAMS 0x0000000080400000, 0x0000000080300000| Complete 
|   4|0x0000000080400000, 0x0000000080500000, 0x0000000080500000|100%|HC|  |TAMS 0x0000000080500000, 0x0000000080400000| Complete 
|   5|0x0000000080500000, 0x0000000080600000, 0x0000000080600000|100%|HC|  |TAMS 0x0000000080600000, 0x0000000080500000| Complete 
|   6|0x0000000080600000, 0x0000000080700000, 0x0000000080700000|100%| O|  |TAMS 0x0000000080700000, 0x0000000080600000| Untracked 
|   7|0x0000000080700000, 0x0000000080800000, 0x0000000080800000|100%| O|  |TAMS 0x0000000080800000, 0x0000000080700000| Untracked 
|   8|0x0000000080800000, 0x0000000080900000, 0x0000000080900000|100%| O|  |TAMS 0x0000000080900000, 0x0000000080800000| Untracked 
|   9|0x0000000080900000, 0x0000000080a00000, 0x0000000080a00000|100%| O|  |TAMS 0x0000000080a00000, 0x0000000080900000| Untracked 
|  10|0x0000000080a00000, 0x0000000080b00000, 0x0000000080b00000|100%|HS|  |TAMS 0x0000000080b00000, 0x0000000080a00000| Complete 
|  11|0x0000000080b00000, 0x0000000080c00000, 0x0000000080c00000|100%|HS|  |TAMS 0x0000000080c00000, 0x0000000080b00000| Complete 
|  12|0x0000000080c00000, 0x0000000080d00000, 0x0000000080d00000|100%|HC|  |TAMS 0x0000000080d00000, 0x0000000080c00000| Complete 
|  13|0x0000000080d00000, 0x0000000080e00000, 0x0000000080e00000|100%| O|  |TAMS 0x0000000080e00000, 0x0000000080d00000| Untracked 
|  14|0x0000000080e00000, 0x0000000080f00000, 0x0000000080f00000|100%| O|  |TAMS 0x0000000080f00000, 0x0000000080e00000| Untracked 
|  15|0x0000000080f00000, 0x0000000081000000, 0x0000000081000000|100%| O|  |TAMS 0x0000000081000000, 0x0000000080f00000| Untracked 
|  16|0x0000000081000000, 0x0000000081100000, 0x0000000081100000|100%| O|  |TAMS 0x0000000081100000, 0x0000000081000000| Untracked 
|  17|0x0000000081100000, 0x0000000081200000, 0x0000000081200000|100%| O|  |TAMS 0x0000000081200000, 0x0000000081100000| Untracked 
|  18|0x0000000081200000, 0x0000000081300000, 0x0000000081300000|100%| O|  |TAMS 0x0000000081300000, 0x0000000081200000| Untracked 
|  19|0x0000000081300000, 0x0000000081400000, 0x0000000081400000|100%| O|  |TAMS 0x0000000081400000, 0x0000000081300000| Untracked 
|  20|0x0000000081400000, 0x0000000081500000, 0x0000000081500000|100%| O|  |TAMS 0x0000000081500000, 0x0000000081400000| Untracked 
|  21|0x0000000081500000, 0x0000000081600000, 0x0000000081600000|100%| O|  |TAMS 0x0000000081600000, 0x0000000081500000| Untracked 
|  22|0x0000000081600000, 0x0000000081700000, 0x0000000081700000|100%| O|  |TAMS 0x0000000081700000, 0x0000000081600000| Untracked 
|  23|0x0000000081700000, 0x0000000081800000, 0x0000000081800000|100%| O|  |TAMS 0x0000000081800000, 0x0000000081700000| Untracked 
|  24|0x0000000081800000, 0x0000000081900000, 0x0000000081900000|100%| O|  |TAMS 0x0000000081900000, 0x0000000081800000| Untracked 
|  25|0x0000000081900000, 0x000000008196c000, 0x0000000081a00000| 42%| O|  |TAMS 0x000000008196c000, 0x0000000081900000| Untracked 
|  26|0x0000000081a00000, 0x0000000081b00000, 0x0000000081b00000|100%|HS|  |TAMS 0x0000000081a00000, 0x0000000081a00000| Complete 
|  27|0x0000000081b00000, 0x0000000081b00000, 0x0000000081c00000|  0%| F|  |TAMS 0x0000000081b00000, 0x0000000081b00000| Untracked 
|  28|0x0000000081c00000, 0x0000000081c00000, 0x0000000081d00000|  0%| F|  |TAMS 0x0000000081c00000, 0x0000000081c00000| Untracked 
|  29|0x0000000081d00000, 0x0000000081d00000, 0x0000000081e00000|  0%| F|  |TAMS 0x0000000081d00000, 0x0000000081d00000| Untracked 
|  30|0x0000000081e00000, 0x0000000081e00000, 0x0000000081f00000|  0%| F|  |TAMS 0x0000000081e00000, 0x0000000081e00000| Untracked 
|  31|0x0000000081f00000, 0x0000000081f00000, 0x0000000082000000|  0%| F|  |TAMS 0x0000000081f00000, 0x0000000081f00000| Untracked 
|  32|0x0000000082000000, 0x0000000082000000, 0x0000000082100000|  0%| F|  |TAMS 0x0000000082000000, 0x0000000082000000| Untracked 
|  33|0x0000000082100000, 0x0000000082100000, 0x0000000082200000|  0%| F|  |TAMS 0x0000000082100000, 0x0000000082100000| Untracked 
|  34|0x0000000082200000, 0x0000000082200000, 0x0000000082300000|  0%| F|  |TAMS 0x0000000082200000, 0x0000000082200000| Untracked 
|  35|0x0000000082300000, 0x0000000082300000, 0x0000000082400000|  0%| F|  |TAMS 0x0000000082300000, 0x0000000082300000| Untracked 
|  36|0x0000000082400000, 0x0000000082400000, 0x0000000082500000|  0%| F|  |TAMS 0x0000000082400000, 0x0000000082400000| Untracked 
|  37|0x0000000082500000, 0x0000000082500000, 0x0000000082600000|  0%| F|  |TAMS 0x0000000082500000, 0x0000000082500000| Untracked 
|  38|0x0000000082600000, 0x0000000082600000, 0x0000000082700000|  0%| F|  |TAMS 0x0000000082600000, 0x0000000082600000| Untracked 
|  39|0x0000000082700000, 0x0000000082700000, 0x0000000082800000|  0%| F|  |TAMS 0x0000000082700000, 0x0000000082700000| Untracked 
|  40|0x0000000082800000, 0x0000000082800000, 0x0000000082900000|  0%| F|  |TAMS 0x0000000082800000, 0x0000000082800000| Untracked 
|  41|0x0000000082900000, 0x0000000082900000, 0x0000000082a00000|  0%| F|  |TAMS 0x0000000082900000, 0x0000000082900000| Untracked 
|  42|0x0000000082a00000, 0x0000000082a00000, 0x0000000082b00000|  0%| F|  |TAMS 0x0000000082a00000, 0x0000000082a00000| Untracked 
|  43|0x0000000082b00000, 0x0000000082b00000, 0x0000000082c00000|  0%| F|  |TAMS 0x0000000082b00000, 0x0000000082b00000| Untracked 
|  44|0x0000000082c00000, 0x0000000082c00000, 0x0000000082d00000|  0%| F|  |TAMS 0x0000000082c00000, 0x0000000082c00000| Untracked 
|  45|0x0000000082d00000, 0x0000000082d00000, 0x0000000082e00000|  0%| F|  |TAMS 0x0000000082d00000, 0x0000000082d00000| Untracked 
|  46|0x0000000082e00000, 0x0000000082e00000, 0x0000000082f00000|  0%| F|  |TAMS 0x0000000082e00000, 0x0000000082e00000| Untracked 
|  47|0x0000000082f00000, 0x0000000082f00000, 0x0000000083000000|  0%| F|  |TAMS 0x0000000082f00000, 0x0000000082f00000| Untracked 
|  48|0x0000000083000000, 0x0000000083000000, 0x0000000083100000|  0%| F|  |TAMS 0x0000000083000000, 0x0000000083000000| Untracked 
|  49|0x0000000083100000, 0x0000000083100000, 0x0000000083200000|  0%| F|  |TAMS 0x0000000083100000, 0x0000000083100000| Untracked 
|  50|0x0000000083200000, 0x0000000083200000, 0x0000000083300000|  0%| F|  |TAMS 0x0000000083200000, 0x0000000083200000| Untracked 
|  51|0x0000000083300000, 0x0000000083300000, 0x0000000083400000|  0%| F|  |TAMS 0x0000000083300000, 0x0000000083300000| Untracked 
|  52|0x0000000083400000, 0x0000000083400000, 0x0000000083500000|  0%| F|  |TAMS 0x0000000083400000, 0x0000000083400000| Untracked 
|  53|0x0000000083500000, 0x0000000083500000, 0x0000000083600000|  0%| F|  |TAMS 0x0000000083500000, 0x0000000083500000| Untracked 
|  54|0x0000000083600000, 0x0000000083600000, 0x0000000083700000|  0%| F|  |TAMS 0x0000000083600000, 0x0000000083600000| Untracked 
|  55|0x0000000083700000, 0x0000000083700000, 0x0000000083800000|  0%| F|  |TAMS 0x0000000083700000, 0x0000000083700000| Untracked 
|  56|0x0000000083800000, 0x0000000083800000, 0x0000000083900000|  0%| F|  |TAMS 0x0000000083800000, 0x0000000083800000| Untracked 
|  57|0x0000000083900000, 0x0000000083900000, 0x0000000083a00000|  0%| F|  |TAMS 0x0000000083900000, 0x0000000083900000| Untracked 
|  58|0x0000000083a00000, 0x0000000083a00000, 0x0000000083b00000|  0%| F|  |TAMS 0x0000000083a00000, 0x0000000083a00000| Untracked 
|  59|0x0000000083b00000, 0x0000000083b00000, 0x0000000083c00000|  0%| F|  |TAMS 0x0000000083b00000, 0x0000000083b00000| Untracked 
|  60|0x0000000083c00000, 0x0000000083c00000, 0x0000000083d00000|  0%| F|  |TAMS 0x0000000083c00000, 0x0000000083c00000| Untracked 
|  61|0x0000000083d00000, 0x0000000083d00000, 0x0000000083e00000|  0%| F|  |TAMS 0x0000000083d00000, 0x0000000083d00000| Untracked 
|  62|0x0000000083e00000, 0x0000000083e00000, 0x0000000083f00000|  0%| F|  |TAMS 0x0000000083e00000, 0x0000000083e00000| Untracked 
|  63|0x0000000083f00000, 0x0000000083f00000, 0x0000000084000000|  0%| F|  |TAMS 0x0000000083f00000, 0x0000000083f00000| Untracked 
|  64|0x0000000084000000, 0x0000000084000000, 0x0000000084100000|  0%| F|  |TAMS 0x0000000084000000, 0x0000000084000000| Untracked 
|  65|0x0000000084100000, 0x0000000084100000, 0x0000000084200000|  0%| F|  |TAMS 0x0000000084100000, 0x0000000084100000| Untracked 
|  66|0x0000000084200000, 0x0000000084200000, 0x0000000084300000|  0%| F|  |TAMS 0x0000000084200000, 0x0000000084200000| Untracked 
|  67|0x0000000084300000, 0x0000000084300000, 0x0000000084400000|  0%| F|  |TAMS 0x0000000084300000, 0x0000000084300000| Untracked 
|  68|0x0000000084400000, 0x0000000084400000, 0x0000000084500000|  0%| F|  |TAMS 0x0000000084400000, 0x0000000084400000| Untracked 
|  69|0x0000000084500000, 0x0000000084500000, 0x0000000084600000|  0%| F|  |TAMS 0x0000000084500000, 0x0000000084500000| Untracked 
|  70|0x0000000084600000, 0x0000000084600000, 0x0000000084700000|  0%| F|  |TAMS 0x0000000084600000, 0x0000000084600000| Untracked 
|  71|0x0000000084700000, 0x0000000084700000, 0x0000000084800000|  0%| F|  |TAMS 0x0000000084700000, 0x0000000084700000| Untracked 
|  72|0x0000000084800000, 0x0000000084800000, 0x0000000084900000|  0%| F|  |TAMS 0x0000000084800000, 0x0000000084800000| Untracked 
|  73|0x0000000084900000, 0x0000000084900000, 0x0000000084a00000|  0%| F|  |TAMS 0x0000000084900000, 0x0000000084900000| Untracked 
|  74|0x0000000084a00000, 0x0000000084a00000, 0x0000000084b00000|  0%| F|  |TAMS 0x0000000084a00000, 0x0000000084a00000| Untracked 
|  75|0x0000000084b00000, 0x0000000084b00000, 0x0000000084c00000|  0%| F|  |TAMS 0x0000000084b00000, 0x0000000084b00000| Untracked 
|  76|0x0000000084c00000, 0x0000000084c00000, 0x0000000084d00000|  0%| F|  |TAMS 0x0000000084c00000, 0x0000000084c00000| Untracked 
|  77|0x0000000084d00000, 0x0000000084d00000, 0x0000000084e00000|  0%| F|  |TAMS 0x0000000084d00000, 0x0000000084d00000| Untracked 
|  78|0x0000000084e00000, 0x0000000084e00000, 0x0000000084f00000|  0%| F|  |TAMS 0x0000000084e00000, 0x0000000084e00000| Untracked 
|  79|0x0000000084f00000, 0x0000000084f00000, 0x0000000085000000|  0%| F|  |TAMS 0x0000000084f00000, 0x0000000084f00000| Untracked 
|  80|0x0000000085000000, 0x0000000085000000, 0x0000000085100000|  0%| F|  |TAMS 0x0000000085000000, 0x0000000085000000| Untracked 
|  81|0x0000000085100000, 0x0000000085100000, 0x0000000085200000|  0%| F|  |TAMS 0x0000000085100000, 0x0000000085100000| Untracked 
|  82|0x0000000085200000, 0x0000000085200000, 0x0000000085300000|  0%| F|  |TAMS 0x0000000085200000, 0x0000000085200000| Untracked 
|  83|0x0000000085300000, 0x0000000085300000, 0x0000000085400000|  0%| F|  |TAMS 0x0000000085300000, 0x0000000085300000| Untracked 
|  84|0x0000000085400000, 0x0000000085400000, 0x0000000085500000|  0%| F|  |TAMS 0x0000000085400000, 0x0000000085400000| Untracked 
|  85|0x0000000085500000, 0x0000000085500000, 0x0000000085600000|  0%| F|  |TAMS 0x0000000085500000, 0x0000000085500000| Untracked 
|  86|0x0000000085600000, 0x0000000085600000, 0x0000000085700000|  0%| F|  |TAMS 0x0000000085600000, 0x0000000085600000| Untracked 
|  87|0x0000000085700000, 0x0000000085700000, 0x0000000085800000|  0%| F|  |TAMS 0x0000000085700000, 0x0000000085700000| Untracked 
|  88|0x0000000085800000, 0x0000000085800000, 0x0000000085900000|  0%| F|  |TAMS 0x0000000085800000, 0x0000000085800000| Untracked 
|  89|0x0000000085900000, 0x0000000085900000, 0x0000000085a00000|  0%| F|  |TAMS 0x0000000085900000, 0x0000000085900000| Untracked 
|  90|0x0000000085a00000, 0x0000000085a00000, 0x0000000085b00000|  0%| F|  |TAMS 0x0000000085a00000, 0x0000000085a00000| Untracked 
|  91|0x0000000085b00000, 0x0000000085b00000, 0x0000000085c00000|  0%| F|  |TAMS 0x0000000085b00000, 0x0000000085b00000| Untracked 
|  92|0x0000000085c00000, 0x0000000085c00000, 0x0000000085d00000|  0%| F|  |TAMS 0x0000000085c00000, 0x0000000085c00000| Untracked 
|  93|0x0000000085d00000, 0x0000000085d00000, 0x0000000085e00000|  0%| F|  |TAMS 0x0000000085d00000, 0x0000000085d00000| Untracked 
|  94|0x0000000085e00000, 0x0000000085e00000, 0x0000000085f00000|  0%| F|  |TAMS 0x0000000085e00000, 0x0000000085e00000| Untracked 
|  95|0x0000000085f00000, 0x0000000085f00000, 0x0000000086000000|  0%| F|  |TAMS 0x0000000085f00000, 0x0000000085f00000| Untracked 
|  96|0x0000000086000000, 0x0000000086000000, 0x0000000086100000|  0%| F|  |TAMS 0x0000000086000000, 0x0000000086000000| Untracked 
|  97|0x0000000086100000, 0x0000000086100000, 0x0000000086200000|  0%| F|  |TAMS 0x0000000086100000, 0x0000000086100000| Untracked 
|  98|0x0000000086200000, 0x0000000086200000, 0x0000000086300000|  0%| F|  |TAMS 0x0000000086200000, 0x0000000086200000| Untracked 
|  99|0x0000000086300000, 0x0000000086400000, 0x0000000086400000|100%| S|CS|TAMS 0x0000000086300000, 0x0000000086300000| Complete 
| 100|0x0000000086400000, 0x0000000086500000, 0x0000000086500000|100%| S|CS|TAMS 0x0000000086400000, 0x0000000086400000| Complete 
| 101|0x0000000086500000, 0x0000000086500000, 0x0000000086600000|  0%| F|  |TAMS 0x0000000086500000, 0x0000000086500000| Untracked 
| 102|0x0000000086600000, 0x0000000086600000, 0x0000000086700000|  0%| F|  |TAMS 0x0000000086600000, 0x0000000086600000| Untracked 
| 103|0x0000000086700000, 0x0000000086700000, 0x0000000086800000|  0%| F|  |TAMS 0x0000000086700000, 0x0000000086700000| Untracked 
| 104|0x0000000086800000, 0x0000000086800000, 0x0000000086900000|  0%| F|  |TAMS 0x0000000086800000, 0x0000000086800000| Untracked 
| 105|0x0000000086900000, 0x0000000086900000, 0x0000000086a00000|  0%| F|  |TAMS 0x0000000086900000, 0x0000000086900000| Untracked 
| 106|0x0000000086a00000, 0x0000000086a00000, 0x0000000086b00000|  0%| F|  |TAMS 0x0000000086a00000, 0x0000000086a00000| Untracked 
| 107|0x0000000086b00000, 0x0000000086b00000, 0x0000000086c00000|  0%| F|  |TAMS 0x0000000086b00000, 0x0000000086b00000| Untracked 
| 108|0x0000000086c00000, 0x0000000086c00000, 0x0000000086d00000|  0%| F|  |TAMS 0x0000000086c00000, 0x0000000086c00000| Untracked 
| 109|0x0000000086d00000, 0x0000000086d00000, 0x0000000086e00000|  0%| F|  |TAMS 0x0000000086d00000, 0x0000000086d00000| Untracked 
| 110|0x0000000086e00000, 0x0000000086e00000, 0x0000000086f00000|  0%| F|  |TAMS 0x0000000086e00000, 0x0000000086e00000| Untracked 
| 111|0x0000000086f00000, 0x0000000086f80800, 0x0000000087000000| 50%| E|  |TAMS 0x0000000086f00000, 0x0000000086f00000| Complete 
| 112|0x0000000087000000, 0x0000000087100000, 0x0000000087100000|100%| E|CS|TAMS 0x0000000087000000, 0x0000000087000000| Complete 
| 113|0x0000000087100000, 0x0000000087200000, 0x0000000087200000|100%| E|CS|TAMS 0x0000000087100000, 0x0000000087100000| Complete 
| 114|0x0000000087200000, 0x0000000087300000, 0x0000000087300000|100%| S|CS|TAMS 0x0000000087200000, 0x0000000087200000| Complete 
| 115|0x0000000087300000, 0x0000000087400000, 0x0000000087400000|100%| S|CS|TAMS 0x0000000087300000, 0x0000000087300000| Complete 
| 116|0x0000000087400000, 0x0000000087500000, 0x0000000087500000|100%| S|CS|TAMS 0x0000000087400000, 0x0000000087400000| Complete 
| 117|0x0000000087500000, 0x0000000087600000, 0x0000000087600000|100%| S|CS|TAMS 0x0000000087500000, 0x0000000087500000| Complete 
| 118|0x0000000087600000, 0x0000000087700000, 0x0000000087700000|100%| S|CS|TAMS 0x0000000087600000, 0x0000000087600000| Complete 
| 119|0x0000000087700000, 0x0000000087800000, 0x0000000087800000|100%| S|CS|TAMS 0x0000000087700000, 0x0000000087700000| Complete 
| 120|0x0000000087800000, 0x0000000087900000, 0x0000000087900000|100%| S|CS|TAMS 0x0000000087800000, 0x0000000087800000| Complete 
| 121|0x0000000087900000, 0x0000000087a00000, 0x0000000087a00000|100%| S|CS|TAMS 0x0000000087900000, 0x0000000087900000| Complete 
| 122|0x0000000087a00000, 0x0000000087b00000, 0x0000000087b00000|100%| S|CS|TAMS 0x0000000087a00000, 0x0000000087a00000| Complete 
| 123|0x0000000087b00000, 0x0000000087c00000, 0x0000000087c00000|100%| S|CS|TAMS 0x0000000087b00000, 0x0000000087b00000| Complete 
| 124|0x0000000087c00000, 0x0000000087d00000, 0x0000000087d00000|100%| S|CS|TAMS 0x0000000087c00000, 0x0000000087c00000| Complete 
| 125|0x0000000087d00000, 0x0000000087e00000, 0x0000000087e00000|100%| S|CS|TAMS 0x0000000087d00000, 0x0000000087d00000| Complete 
| 126|0x0000000087e00000, 0x0000000087f00000, 0x0000000087f00000|100%| S|CS|TAMS 0x0000000087e00000, 0x0000000087e00000| Complete 
| 127|0x0000000087f00000, 0x0000000088000000, 0x0000000088000000|100%| S|CS|TAMS 0x0000000087f00000, 0x0000000087f00000| Complete 
| 128|0x0000000088000000, 0x0000000088100000, 0x0000000088100000|100%| S|CS|TAMS 0x0000000088000000, 0x0000000088000000| Complete 
| 129|0x0000000088100000, 0x0000000088200000, 0x0000000088200000|100%| S|CS|TAMS 0x0000000088100000, 0x0000000088100000| Complete 
| 130|0x0000000088200000, 0x0000000088300000, 0x0000000088300000|100%| S|CS|TAMS 0x0000000088200000, 0x0000000088200000| Complete 
| 131|0x0000000088300000, 0x0000000088400000, 0x0000000088400000|100%| S|CS|TAMS 0x0000000088300000, 0x0000000088300000| Complete 
| 132|0x0000000088400000, 0x0000000088500000, 0x0000000088500000|100%| E|CS|TAMS 0x0000000088400000, 0x0000000088400000| Complete 
| 133|0x0000000088500000, 0x0000000088600000, 0x0000000088600000|100%| E|CS|TAMS 0x0000000088500000, 0x0000000088500000| Complete 
| 134|0x0000000088600000, 0x0000000088700000, 0x0000000088700000|100%| E|CS|TAMS 0x0000000088600000, 0x0000000088600000| Complete 
| 135|0x0000000088700000, 0x0000000088800000, 0x0000000088800000|100%| E|CS|TAMS 0x0000000088700000, 0x0000000088700000| Complete 
| 136|0x0000000088800000, 0x0000000088900000, 0x0000000088900000|100%| E|CS|TAMS 0x0000000088800000, 0x0000000088800000| Complete 
| 137|0x0000000088900000, 0x0000000088a00000, 0x0000000088a00000|100%| E|CS|TAMS 0x0000000088900000, 0x0000000088900000| Complete 
| 138|0x0000000088a00000, 0x0000000088b00000, 0x0000000088b00000|100%| E|CS|TAMS 0x0000000088a00000, 0x0000000088a00000| Complete 
| 139|0x0000000088b00000, 0x0000000088c00000, 0x0000000088c00000|100%| E|CS|TAMS 0x0000000088b00000, 0x0000000088b00000| Complete 
| 140|0x0000000088c00000, 0x0000000088d00000, 0x0000000088d00000|100%| E|CS|TAMS 0x0000000088c00000, 0x0000000088c00000| Complete 
| 141|0x0000000088d00000, 0x0000000088e00000, 0x0000000088e00000|100%| E|CS|TAMS 0x0000000088d00000, 0x0000000088d00000| Complete 
| 142|0x0000000088e00000, 0x0000000088f00000, 0x0000000088f00000|100%| E|CS|TAMS 0x0000000088e00000, 0x0000000088e00000| Complete 
| 143|0x0000000088f00000, 0x0000000089000000, 0x0000000089000000|100%| E|CS|TAMS 0x0000000088f00000, 0x0000000088f00000| Complete 
| 144|0x0000000089000000, 0x0000000089100000, 0x0000000089100000|100%| E|CS|TAMS 0x0000000089000000, 0x0000000089000000| Complete 
| 145|0x0000000089100000, 0x0000000089200000, 0x0000000089200000|100%| E|CS|TAMS 0x0000000089100000, 0x0000000089100000| Complete 
| 146|0x0000000089200000, 0x0000000089300000, 0x0000000089300000|100%| E|CS|TAMS 0x0000000089200000, 0x0000000089200000| Complete 
| 147|0x0000000089300000, 0x0000000089400000, 0x0000000089400000|100%| E|CS|TAMS 0x0000000089300000, 0x0000000089300000| Complete 
| 148|0x0000000089400000, 0x0000000089500000, 0x0000000089500000|100%| E|CS|TAMS 0x0000000089400000, 0x0000000089400000| Complete 
| 149|0x0000000089500000, 0x0000000089600000, 0x0000000089600000|100%| E|CS|TAMS 0x0000000089500000, 0x0000000089500000| Complete 
| 150|0x0000000089600000, 0x0000000089700000, 0x0000000089700000|100%| E|CS|TAMS 0x0000000089600000, 0x0000000089600000| Complete 
| 151|0x0000000089700000, 0x0000000089800000, 0x0000000089800000|100%| E|CS|TAMS 0x0000000089700000, 0x0000000089700000| Complete 
| 152|0x0000000089800000, 0x0000000089900000, 0x0000000089900000|100%| E|CS|TAMS 0x0000000089800000, 0x0000000089800000| Complete 
| 153|0x0000000089900000, 0x0000000089a00000, 0x0000000089a00000|100%| E|CS|TAMS 0x0000000089900000, 0x0000000089900000| Complete 
| 154|0x0000000089a00000, 0x0000000089b00000, 0x0000000089b00000|100%| E|CS|TAMS 0x0000000089a00000, 0x0000000089a00000| Complete 
| 155|0x0000000089b00000, 0x0000000089c00000, 0x0000000089c00000|100%| E|CS|TAMS 0x0000000089b00000, 0x0000000089b00000| Complete 
| 156|0x0000000089c00000, 0x0000000089d00000, 0x0000000089d00000|100%| E|CS|TAMS 0x0000000089c00000, 0x0000000089c00000| Complete 
| 157|0x0000000089d00000, 0x0000000089e00000, 0x0000000089e00000|100%| E|CS|TAMS 0x0000000089d00000, 0x0000000089d00000| Complete 
| 158|0x0000000089e00000, 0x0000000089f00000, 0x0000000089f00000|100%| E|CS|TAMS 0x0000000089e00000, 0x0000000089e00000| Complete 
| 159|0x0000000089f00000, 0x000000008a000000, 0x000000008a000000|100%| E|CS|TAMS 0x0000000089f00000, 0x0000000089f00000| Complete 
| 160|0x000000008a000000, 0x000000008a100000, 0x000000008a100000|100%| E|CS|TAMS 0x000000008a000000, 0x000000008a000000| Complete 
| 161|0x000000008a100000, 0x000000008a200000, 0x000000008a200000|100%| E|CS|TAMS 0x000000008a100000, 0x000000008a100000| Complete 
| 162|0x000000008a200000, 0x000000008a300000, 0x000000008a300000|100%| E|CS|TAMS 0x000000008a200000, 0x000000008a200000| Complete 
| 163|0x000000008a300000, 0x000000008a400000, 0x000000008a400000|100%| E|CS|TAMS 0x000000008a300000, 0x000000008a300000| Complete 
| 164|0x000000008a400000, 0x000000008a500000, 0x000000008a500000|100%| E|CS|TAMS 0x000000008a400000, 0x000000008a400000| Complete 
| 165|0x000000008a500000, 0x000000008a600000, 0x000000008a600000|100%| E|CS|TAMS 0x000000008a500000, 0x000000008a500000| Complete 
| 166|0x000000008a600000, 0x000000008a700000, 0x000000008a700000|100%| E|CS|TAMS 0x000000008a600000, 0x000000008a600000| Complete 
| 167|0x000000008a700000, 0x000000008a800000, 0x000000008a800000|100%| E|CS|TAMS 0x000000008a700000, 0x000000008a700000| Complete 
| 168|0x000000008a800000, 0x000000008a900000, 0x000000008a900000|100%| E|CS|TAMS 0x000000008a800000, 0x000000008a800000| Complete 
| 169|0x000000008a900000, 0x000000008aa00000, 0x000000008aa00000|100%| E|CS|TAMS 0x000000008a900000, 0x000000008a900000| Complete 
| 170|0x000000008aa00000, 0x000000008ab00000, 0x000000008ab00000|100%| E|CS|TAMS 0x000000008aa00000, 0x000000008aa00000| Complete 
| 171|0x000000008ab00000, 0x000000008ac00000, 0x000000008ac00000|100%| E|CS|TAMS 0x000000008ab00000, 0x000000008ab00000| Complete 
| 172|0x000000008ac00000, 0x000000008ad00000, 0x000000008ad00000|100%| E|CS|TAMS 0x000000008ac00000, 0x000000008ac00000| Complete 
| 173|0x000000008ad00000, 0x000000008ae00000, 0x000000008ae00000|100%| E|CS|TAMS 0x000000008ad00000, 0x000000008ad00000| Complete 
| 174|0x000000008ae00000, 0x000000008af00000, 0x000000008af00000|100%| E|CS|TAMS 0x000000008ae00000, 0x000000008ae00000| Complete 
| 175|0x000000008af00000, 0x000000008b000000, 0x000000008b000000|100%| E|CS|TAMS 0x000000008af00000, 0x000000008af00000| Complete 
| 176|0x000000008b000000, 0x000000008b100000, 0x000000008b100000|100%| E|CS|TAMS 0x000000008b000000, 0x000000008b000000| Complete 
| 177|0x000000008b100000, 0x000000008b200000, 0x000000008b200000|100%| E|CS|TAMS 0x000000008b100000, 0x000000008b100000| Complete 
| 178|0x000000008b200000, 0x000000008b300000, 0x000000008b300000|100%| E|CS|TAMS 0x000000008b200000, 0x000000008b200000| Complete 
| 179|0x000000008b300000, 0x000000008b400000, 0x000000008b400000|100%| E|CS|TAMS 0x000000008b300000, 0x000000008b300000| Complete 
| 180|0x000000008b400000, 0x000000008b500000, 0x000000008b500000|100%| E|CS|TAMS 0x000000008b400000, 0x000000008b400000| Complete 
| 181|0x000000008b500000, 0x000000008b600000, 0x000000008b600000|100%| E|CS|TAMS 0x000000008b500000, 0x000000008b500000| Complete 
| 182|0x000000008b600000, 0x000000008b700000, 0x000000008b700000|100%| E|CS|TAMS 0x000000008b600000, 0x000000008b600000| Complete 
| 183|0x000000008b700000, 0x000000008b800000, 0x000000008b800000|100%| E|CS|TAMS 0x000000008b700000, 0x000000008b700000| Complete 
| 184|0x000000008b800000, 0x000000008b900000, 0x000000008b900000|100%| E|CS|TAMS 0x000000008b800000, 0x000000008b800000| Complete 
| 185|0x000000008b900000, 0x000000008ba00000, 0x000000008ba00000|100%| E|CS|TAMS 0x000000008b900000, 0x000000008b900000| Complete 
| 186|0x000000008ba00000, 0x000000008bb00000, 0x000000008bb00000|100%| E|CS|TAMS 0x000000008ba00000, 0x000000008ba00000| Complete 
| 187|0x000000008bb00000, 0x000000008bc00000, 0x000000008bc00000|100%| E|CS|TAMS 0x000000008bb00000, 0x000000008bb00000| Complete 
| 188|0x000000008bc00000, 0x000000008bd00000, 0x000000008bd00000|100%| E|CS|TAMS 0x000000008bc00000, 0x000000008bc00000| Complete 
| 189|0x000000008bd00000, 0x000000008be00000, 0x000000008be00000|100%| E|CS|TAMS 0x000000008bd00000, 0x000000008bd00000| Complete 
| 190|0x000000008be00000, 0x000000008bf00000, 0x000000008bf00000|100%| E|CS|TAMS 0x000000008be00000, 0x000000008be00000| Complete 
| 191|0x000000008bf00000, 0x000000008c000000, 0x000000008c000000|100%| E|CS|TAMS 0x000000008bf00000, 0x000000008bf00000| Complete 
| 192|0x000000008c000000, 0x000000008c100000, 0x000000008c100000|100%| E|CS|TAMS 0x000000008c000000, 0x000000008c000000| Complete 
| 193|0x000000008c100000, 0x000000008c200000, 0x000000008c200000|100%| E|CS|TAMS 0x000000008c100000, 0x000000008c100000| Complete 
| 194|0x000000008c200000, 0x000000008c300000, 0x000000008c300000|100%| E|CS|TAMS 0x000000008c200000, 0x000000008c200000| Complete 
| 195|0x000000008c300000, 0x000000008c400000, 0x000000008c400000|100%| E|CS|TAMS 0x000000008c300000, 0x000000008c300000| Complete 
| 196|0x000000008c400000, 0x000000008c500000, 0x000000008c500000|100%| E|CS|TAMS 0x000000008c400000, 0x000000008c400000| Complete 
| 197|0x000000008c500000, 0x000000008c600000, 0x000000008c600000|100%| E|CS|TAMS 0x000000008c500000, 0x000000008c500000| Complete 
| 198|0x000000008c600000, 0x000000008c700000, 0x000000008c700000|100%| E|CS|TAMS 0x000000008c600000, 0x000000008c600000| Complete 
| 199|0x000000008c700000, 0x000000008c800000, 0x000000008c800000|100%| E|CS|TAMS 0x000000008c700000, 0x000000008c700000| Complete 
| 200|0x000000008c800000, 0x000000008c900000, 0x000000008c900000|100%| E|CS|TAMS 0x000000008c800000, 0x000000008c800000| Complete 
| 201|0x000000008c900000, 0x000000008ca00000, 0x000000008ca00000|100%| E|CS|TAMS 0x000000008c900000, 0x000000008c900000| Complete 
| 202|0x000000008ca00000, 0x000000008cb00000, 0x000000008cb00000|100%| E|CS|TAMS 0x000000008ca00000, 0x000000008ca00000| Complete 
| 203|0x000000008cb00000, 0x000000008cc00000, 0x000000008cc00000|100%| E|CS|TAMS 0x000000008cb00000, 0x000000008cb00000| Complete 
| 204|0x000000008cc00000, 0x000000008cd00000, 0x000000008cd00000|100%| E|CS|TAMS 0x000000008cc00000, 0x000000008cc00000| Complete 
| 205|0x000000008cd00000, 0x000000008ce00000, 0x000000008ce00000|100%| E|CS|TAMS 0x000000008cd00000, 0x000000008cd00000| Complete 
| 206|0x000000008ce00000, 0x000000008cf00000, 0x000000008cf00000|100%| E|CS|TAMS 0x000000008ce00000, 0x000000008ce00000| Complete 
| 207|0x000000008cf00000, 0x000000008d000000, 0x000000008d000000|100%| E|CS|TAMS 0x000000008cf00000, 0x000000008cf00000| Complete 
| 208|0x000000008d000000, 0x000000008d100000, 0x000000008d100000|100%| E|CS|TAMS 0x000000008d000000, 0x000000008d000000| Complete 
| 209|0x000000008d100000, 0x000000008d200000, 0x000000008d200000|100%| E|CS|TAMS 0x000000008d100000, 0x000000008d100000| Complete 
| 210|0x000000008d200000, 0x000000008d300000, 0x000000008d300000|100%| E|CS|TAMS 0x000000008d200000, 0x000000008d200000| Complete 
| 211|0x000000008d300000, 0x000000008d400000, 0x000000008d400000|100%| E|CS|TAMS 0x000000008d300000, 0x000000008d300000| Complete 
| 212|0x000000008d400000, 0x000000008d500000, 0x000000008d500000|100%| E|CS|TAMS 0x000000008d400000, 0x000000008d400000| Complete 
| 213|0x000000008d500000, 0x000000008d600000, 0x000000008d600000|100%| E|CS|TAMS 0x000000008d500000, 0x000000008d500000| Complete 
| 214|0x000000008d600000, 0x000000008d700000, 0x000000008d700000|100%| E|  |TAMS 0x000000008d600000, 0x000000008d600000| Complete 
| 215|0x000000008d700000, 0x000000008d800000, 0x000000008d800000|100%| E|CS|TAMS 0x000000008d700000, 0x000000008d700000| Complete 
| 216|0x000000008d800000, 0x000000008d900000, 0x000000008d900000|100%| E|CS|TAMS 0x000000008d800000, 0x000000008d800000| Complete 
| 217|0x000000008d900000, 0x000000008da00000, 0x000000008da00000|100%| E|CS|TAMS 0x000000008d900000, 0x000000008d900000| Complete 
| 218|0x000000008da00000, 0x000000008db00000, 0x000000008db00000|100%| E|CS|TAMS 0x000000008da00000, 0x000000008da00000| Complete 
| 219|0x000000008db00000, 0x000000008dc00000, 0x000000008dc00000|100%| E|CS|TAMS 0x000000008db00000, 0x000000008db00000| Complete 
| 220|0x000000008dc00000, 0x000000008dd00000, 0x000000008dd00000|100%| E|CS|TAMS 0x000000008dc00000, 0x000000008dc00000| Complete 
| 221|0x000000008dd00000, 0x000000008de00000, 0x000000008de00000|100%| E|CS|TAMS 0x000000008dd00000, 0x000000008dd00000| Complete 
| 222|0x000000008de00000, 0x000000008df00000, 0x000000008df00000|100%| E|CS|TAMS 0x000000008de00000, 0x000000008de00000| Complete 
| 223|0x000000008df00000, 0x000000008e000000, 0x000000008e000000|100%| E|CS|TAMS 0x000000008df00000, 0x000000008df00000| Complete 
| 224|0x000000008e000000, 0x000000008e100000, 0x000000008e100000|100%| E|CS|TAMS 0x000000008e000000, 0x000000008e000000| Complete 
| 225|0x000000008e100000, 0x000000008e200000, 0x000000008e200000|100%| E|CS|TAMS 0x000000008e100000, 0x000000008e100000| Complete 
| 226|0x000000008e200000, 0x000000008e300000, 0x000000008e300000|100%| E|CS|TAMS 0x000000008e200000, 0x000000008e200000| Complete 
| 227|0x000000008e300000, 0x000000008e400000, 0x000000008e400000|100%| E|CS|TAMS 0x000000008e300000, 0x000000008e300000| Complete 
| 228|0x000000008e400000, 0x000000008e500000, 0x000000008e500000|100%| E|CS|TAMS 0x000000008e400000, 0x000000008e400000| Complete 
| 229|0x000000008e500000, 0x000000008e600000, 0x000000008e600000|100%| E|CS|TAMS 0x000000008e500000, 0x000000008e500000| Complete 
| 230|0x000000008e600000, 0x000000008e700000, 0x000000008e700000|100%| E|CS|TAMS 0x000000008e600000, 0x000000008e600000| Complete 
| 231|0x000000008e700000, 0x000000008e800000, 0x000000008e800000|100%| E|CS|TAMS 0x000000008e700000, 0x000000008e700000| Complete 
| 232|0x000000008e800000, 0x000000008e900000, 0x000000008e900000|100%| E|CS|TAMS 0x000000008e800000, 0x000000008e800000| Complete 
| 233|0x000000008e900000, 0x000000008ea00000, 0x000000008ea00000|100%| E|CS|TAMS 0x000000008e900000, 0x000000008e900000| Complete 
| 234|0x000000008ea00000, 0x000000008eb00000, 0x000000008eb00000|100%| E|CS|TAMS 0x000000008ea00000, 0x000000008ea00000| Complete 
| 235|0x000000008eb00000, 0x000000008ec00000, 0x000000008ec00000|100%| E|CS|TAMS 0x000000008eb00000, 0x000000008eb00000| Complete 
| 236|0x000000008ec00000, 0x000000008ed00000, 0x000000008ed00000|100%| E|CS|TAMS 0x000000008ec00000, 0x000000008ec00000| Complete 
| 237|0x000000008ed00000, 0x000000008ee00000, 0x000000008ee00000|100%| E|CS|TAMS 0x000000008ed00000, 0x000000008ed00000| Complete 
| 238|0x000000008ee00000, 0x000000008ef00000, 0x000000008ef00000|100%| E|CS|TAMS 0x000000008ee00000, 0x000000008ee00000| Complete 
| 239|0x000000008ef00000, 0x000000008f000000, 0x000000008f000000|100%| E|CS|TAMS 0x000000008ef00000, 0x000000008ef00000| Complete 
| 240|0x000000008f000000, 0x000000008f100000, 0x000000008f100000|100%| E|CS|TAMS 0x000000008f000000, 0x000000008f000000| Complete 
| 241|0x000000008f100000, 0x000000008f200000, 0x000000008f200000|100%| E|CS|TAMS 0x000000008f100000, 0x000000008f100000| Complete 
| 242|0x000000008f200000, 0x000000008f300000, 0x000000008f300000|100%| E|CS|TAMS 0x000000008f200000, 0x000000008f200000| Complete 
| 243|0x000000008f300000, 0x000000008f400000, 0x000000008f400000|100%| E|CS|TAMS 0x000000008f300000, 0x000000008f300000| Complete 
| 244|0x000000008f400000, 0x000000008f500000, 0x000000008f500000|100%| E|CS|TAMS 0x000000008f400000, 0x000000008f400000| Complete 
| 245|0x000000008f500000, 0x000000008f600000, 0x000000008f600000|100%| E|CS|TAMS 0x000000008f500000, 0x000000008f500000| Complete 
| 246|0x000000008f600000, 0x000000008f700000, 0x000000008f700000|100%| E|CS|TAMS 0x000000008f600000, 0x000000008f600000| Complete 
| 247|0x000000008f700000, 0x000000008f800000, 0x000000008f800000|100%| E|CS|TAMS 0x000000008f700000, 0x000000008f700000| Complete 
| 248|0x000000008f800000, 0x000000008f900000, 0x000000008f900000|100%| E|CS|TAMS 0x000000008f800000, 0x000000008f800000| Complete 
| 249|0x000000008f900000, 0x000000008fa00000, 0x000000008fa00000|100%| E|CS|TAMS 0x000000008f900000, 0x000000008f900000| Complete 
| 250|0x000000008fa00000, 0x000000008fb00000, 0x000000008fb00000|100%| E|CS|TAMS 0x000000008fa00000, 0x000000008fa00000| Complete 
| 251|0x000000008fb00000, 0x000000008fc00000, 0x000000008fc00000|100%| E|CS|TAMS 0x000000008fb00000, 0x000000008fb00000| Complete 
| 252|0x000000008fc00000, 0x000000008fd00000, 0x000000008fd00000|100%| E|CS|TAMS 0x000000008fc00000, 0x000000008fc00000| Complete 
| 253|0x000000008fd00000, 0x000000008fe00000, 0x000000008fe00000|100%| E|CS|TAMS 0x000000008fd00000, 0x000000008fd00000| Complete 
| 254|0x000000008fe00000, 0x000000008ff00000, 0x000000008ff00000|100%| E|CS|TAMS 0x000000008fe00000, 0x000000008fe00000| Complete 
| 255|0x000000008ff00000, 0x0000000090000000, 0x0000000090000000|100%| E|CS|TAMS 0x000000008ff00000, 0x000000008ff00000| Complete 

Card table byte_map: [0x0000013d5ca70000,0x0000013d5ce70000] _byte_map_base: 0x0000013d5c670000

Marking Bits (Prev, Next): (CMBitMap*) 0x0000013d47ded1e0, (CMBitMap*) 0x0000013d47ded1a8
 Prev Bits: [0x0000013d5f270000, 0x0000013d61270000)
 Next Bits: [0x0000013d5d270000, 0x0000013d5f270000)

Polling page: 0x0000013d47c40000

Metaspace:

Usage:
  Non-class:     59.35 MB capacity,    58.39 MB ( 98%) used,   819.82 KB (  1%) free+waste,   168.69 KB ( <1%) overhead. 
      Class:      9.28 MB capacity,     8.68 MB ( 94%) used,   536.42 KB (  6%) free+waste,    78.81 KB ( <1%) overhead. 
       Both:     68.64 MB capacity,    67.07 MB ( 98%) used,     1.32 MB (  2%) free+waste,   247.50 KB ( <1%) overhead. 

Virtual space:
  Non-class space:       60.00 MB reserved,      59.50 MB (>99%) committed 
      Class space:        1.00 GB reserved,       9.32 MB ( <1%) committed 
             Both:        1.06 GB reserved,      68.82 MB (  6%) committed 

Chunk freelists:
   Non-Class:  21.00 KB
       Class:  0 bytes
        Both:  21.00 KB

MaxMetaspaceSize: 17179869184.00 GB
CompressedClassSpaceSize: 1.00 GB

CodeHeap 'non-profiled nmethods': size=120064Kb used=4168Kb max_used=4168Kb free=115895Kb
 bounds [0x0000013d54b10000, 0x0000013d54f30000, 0x0000013d5c050000]
CodeHeap 'profiled nmethods': size=120000Kb used=14283Kb max_used=14283Kb free=105716Kb
 bounds [0x0000013d4d5e0000, 0x0000013d4e3e0000, 0x0000013d54b10000]
CodeHeap 'non-nmethods': size=5696Kb used=2264Kb max_used=2305Kb free=3431Kb
 bounds [0x0000013d4d050000, 0x0000013d4d2c0000, 0x0000013d4d5e0000]
 total_blobs=7497 nmethods=6639 adapters=769
 compilation: enabled
              stopped_count=0, restarted_count=0
 full_count=0

Compilation events (20 events):
Event: 18.235 Thread 0x0000013d6418b000 6632       3       sun.reflect.generics.tree.ClassSignature::<init> (20 bytes)
Event: 18.235 Thread 0x0000013d6418b000 nmethod 6632 0x0000013d4e3c1590 code [0x0000013d4e3c1740, 0x0000013d4e3c19b8]
Event: 18.244 Thread 0x0000013d6418b000 6635       3       java.lang.reflect.ProxyGenerator::code_astore (11 bytes)
Event: 18.244 Thread 0x0000013d6418b000 nmethod 6635 0x0000013d4e3c1a90 code [0x0000013d4e3c1c40, 0x0000013d4e3c1d88]
Event: 18.283 Thread 0x0000013d6418b000 6636       3       java.lang.String::replaceAll (13 bytes)
Event: 18.283 Thread 0x0000013d6418b000 nmethod 6636 0x0000013d4e3c1e10 code [0x0000013d4e3c2000, 0x0000013d4e3c2288]
Event: 18.300 Thread 0x0000013d6418b000 6637       2       java.util.ArrayList$Itr::<init> (26 bytes)
Event: 18.300 Thread 0x0000013d6418b000 nmethod 6637 0x0000013d4e3c2410 code [0x0000013d4e3c25c0, 0x0000013d4e3c2718]
Event: 18.300 Thread 0x0000013d6418b000 6638       1       org.gradle.internal.reflect.annotations.impl.DefaultPropertyAnnotationMetadata::getAnnotations (5 bytes)
Event: 18.300 Thread 0x0000013d6418b000 nmethod 6638 0x0000013d54f21b90 code [0x0000013d54f21d40, 0x0000013d54f21df8]
Event: 18.300 Thread 0x0000013d6418b000 6639       3       com.google.common.collect.AbstractMapBasedMultimap$WrappedCollection$WrappedIterator::next (14 bytes)
Event: 18.300 Thread 0x0000013d6418b000 nmethod 6639 0x0000013d4e3c2810 code [0x0000013d4e3c2a00, 0x0000013d4e3c2e08]
Event: 18.304 Thread 0x0000013d6418b000 6641       1       org.gradle.internal.reflect.annotations.impl.DefaultPropertyAnnotationMetadata::getPropertyName (5 bytes)
Event: 18.304 Thread 0x0000013d6418b000 nmethod 6641 0x0000013d54f21e90 code [0x0000013d54f22040, 0x0000013d54f220f8]
Event: 18.313 Thread 0x0000013d6418b000 6642       3       jdk.internal.reflect.ClassFileAssembler::opc_athrow (12 bytes)
Event: 18.313 Thread 0x0000013d6418b000 nmethod 6642 0x0000013d4e3c2f90 code [0x0000013d4e3c3160, 0x0000013d4e3c3408]
Event: 18.333 Thread 0x0000013d6418b000 6643       3       sun.reflect.generics.tree.SimpleClassTypeSignature::accept (8 bytes)
Event: 18.333 Thread 0x0000013d6418b000 nmethod 6643 0x0000013d4e3c3590 code [0x0000013d4e3c37a0, 0x0000013d4e3c3c08]
Event: 18.336 Thread 0x0000013d6418b000 6644       3       org.gradle.internal.instantiation.generator.AbstractClassGenerator::isRoleType (49 bytes)
Event: 18.336 Thread 0x0000013d6418b000 nmethod 6644 0x0000013d4e3c3e90 code [0x0000013d4e3c40a0, 0x0000013d4e3c4658]

GC Heap History (14 events):
Event: 0.885 GC heap before
{Heap before GC invocations=0 (full 0):
 garbage-first heap   total 262144K, used 19456K [0x0000000080000000, 0x0000000100000000)
  region size 1024K, 14 young (14336K), 0 survivors (0K)
 Metaspace       used 6750K, capacity 6933K, committed 7168K, reserved 1056768K
  class space    used 584K, capacity 650K, committed 768K, reserved 1048576K
}
Event: 0.889 GC heap after
{Heap after GC invocations=1 (full 0):
 garbage-first heap   total 262144K, used 8364K [0x0000000080000000, 0x0000000100000000)
  region size 1024K, 2 young (2048K), 2 survivors (2048K)
 Metaspace       used 6750K, capacity 6933K, committed 7168K, reserved 1056768K
  class space    used 584K, capacity 650K, committed 768K, reserved 1048576K
}
Event: 1.354 GC heap before
{Heap before GC invocations=1 (full 0):
 garbage-first heap   total 262144K, used 19628K [0x0000000080000000, 0x0000000100000000)
  region size 1024K, 13 young (13312K), 2 survivors (2048K)
 Metaspace       used 10234K, capacity 10497K, committed 10624K, reserved 1058816K
  class space    used 1064K, capacity 1139K, committed 1152K, reserved 1048576K
}
Event: 1.356 GC heap after
{Heap after GC invocations=2 (full 0):
 garbage-first heap   total 262144K, used 9584K [0x0000000080000000, 0x0000000100000000)
  region size 1024K, 2 young (2048K), 2 survivors (2048K)
 Metaspace       used 10234K, capacity 10497K, committed 10624K, reserved 1058816K
  class space    used 1064K, capacity 1139K, committed 1152K, reserved 1048576K
}
Event: 2.223 GC heap before
{Heap before GC invocations=2 (full 0):
 garbage-first heap   total 262144K, used 40304K [0x0000000080000000, 0x0000000100000000)
  region size 1024K, 31 young (31744K), 2 survivors (2048K)
 Metaspace       used 11171K, capacity 11450K, committed 11520K, reserved 1058816K
  class space    used 1166K, capacity 1243K, committed 1280K, reserved 1048576K
}
Event: 2.227 GC heap after
{Heap after GC invocations=3 (full 0):
 garbage-first heap   total 262144K, used 12588K [0x0000000080000000, 0x0000000100000000)
  region size 1024K, 4 young (4096K), 4 survivors (4096K)
 Metaspace       used 11171K, capacity 11450K, committed 11520K, reserved 1058816K
  class space    used 1166K, capacity 1243K, committed 1280K, reserved 1048576K
}
Event: 4.194 GC heap before
{Heap before GC invocations=3 (full 0):
 garbage-first heap   total 262144K, used 76076K [0x0000000080000000, 0x0000000100000000)
  region size 1024K, 68 young (69632K), 4 survivors (4096K)
 Metaspace       used 20575K, capacity 21100K, committed 21248K, reserved 1067008K
  class space    used 2504K, capacity 2690K, committed 2816K, reserved 1048576K
}
Event: 4.203 GC heap after
{Heap after GC invocations=4 (full 0):
 garbage-first heap   total 262144K, used 16999K [0x0000000080000000, 0x0000000100000000)
  region size 1024K, 9 young (9216K), 9 survivors (9216K)
 Metaspace       used 20575K, capacity 21100K, committed 21248K, reserved 1067008K
  class space    used 2504K, capacity 2690K, committed 2816K, reserved 1048576K
}
Event: 7.038 GC heap before
{Heap before GC invocations=5 (full 0):
 garbage-first heap   total 262144K, used 130663K [0x0000000080000000, 0x0000000100000000)
  region size 1024K, 121 young (123904K), 9 survivors (9216K)
 Metaspace       used 35036K, capacity 35834K, committed 35840K, reserved 1081344K
  class space    used 4544K, capacity 4864K, committed 4864K, reserved 1048576K
}
Event: 7.061 GC heap after
{Heap after GC invocations=6 (full 0):
 garbage-first heap   total 262144K, used 21828K [0x0000000080000000, 0x0000000100000000)
  region size 1024K, 14 young (14336K), 14 survivors (14336K)
 Metaspace       used 35036K, capacity 35834K, committed 35840K, reserved 1081344K
  class space    used 4544K, capacity 4864K, committed 4864K, reserved 1048576K
}
Event: 10.936 GC heap before
{Heap before GC invocations=7 (full 0):
 garbage-first heap   total 262144K, used 155972K [0x0000000080000000, 0x0000000100000000)
  region size 1024K, 142 young (145408K), 14 survivors (14336K)
 Metaspace       used 45544K, capacity 46652K, committed 46796K, reserved 1089536K
  class space    used 5852K, capacity 6264K, committed 6348K, reserved 1048576K
}
Event: 10.960 GC heap after
{Heap after GC invocations=8 (full 0):
 garbage-first heap   total 262144K, used 29849K [0x0000000080000000, 0x0000000100000000)
  region size 1024K, 13 young (13312K), 13 survivors (13312K)
 Metaspace       used 45544K, capacity 46652K, committed 46796K, reserved 1089536K
  class space    used 5852K, capacity 6264K, committed 6348K, reserved 1048576K
}
Event: 14.949 GC heap before
{Heap before GC invocations=8 (full 0):
 garbage-first heap   total 262144K, used 159897K [0x0000000080000000, 0x0000000100000000)
  region size 1024K, 137 young (140288K), 13 survivors (13312K)
 Metaspace       used 58665K, capacity 60162K, committed 60236K, reserved 1101824K
  class space    used 7438K, capacity 7992K, committed 8012K, reserved 1048576K
}
Event: 14.994 GC heap after
{Heap after GC invocations=9 (full 0):
 garbage-first heap   total 262144K, used 46512K [0x0000000080000000, 0x0000000100000000)
  region size 1024K, 20 young (20480K), 20 survivors (20480K)
 Metaspace       used 58665K, capacity 60162K, committed 60236K, reserved 1101824K
  class space    used 7438K, capacity 7992K, committed 8012K, reserved 1048576K
}

Deoptimization events (20 events):
Event: 16.920 Thread 0x0000013d663aa000 DEOPT PACKING pc=0x0000013d54ca6780 sp=0x0000003344df5c90
Event: 16.920 Thread 0x0000013d663aa000 DEOPT UNPACKING pc=0x0000013d4d0778af sp=0x0000003344df5c40 mode 2
Event: 17.016 Thread 0x0000013d663aa000 DEOPT PACKING pc=0x0000013d4d678ab4 sp=0x0000003344df9800
Event: 17.016 Thread 0x0000013d663aa000 DEOPT UNPACKING pc=0x0000013d4d0776ce sp=0x0000003344df8d50 mode 0
Event: 17.042 Thread 0x0000013d663aa000 Uncommon trap: trap_request=0xfffffff4 fr.pc=0x0000013d54ed080c relative=0x000000000000096c
Event: 17.042 Thread 0x0000013d663aa000 Uncommon trap: reason=null_check action=make_not_entrant pc=0x0000013d54ed080c method=com.sun.beans.introspect.MethodInfo$MethodOrder.compare(Ljava/lang/reflect/Method;Ljava/lang/reflect/Method;)I @ 133 c2
Event: 17.042 Thread 0x0000013d663aa000 DEOPT PACKING pc=0x0000013d54ed080c sp=0x0000003344df3eb0
Event: 17.042 Thread 0x0000013d663aa000 DEOPT UNPACKING pc=0x0000013d4d0778af sp=0x0000003344df3e50 mode 2
Event: 17.151 Thread 0x0000013d663aa000 Uncommon trap: trap_request=0xffffff4d fr.pc=0x0000013d54d11bb8 relative=0x0000000000005c38
Event: 17.151 Thread 0x0000013d663aa000 Uncommon trap: reason=unstable_if action=reinterpret pc=0x0000013d54d11bb8 method=org.codehaus.groovy.runtime.metaclass.MetaMethodIndex.isOverridden(Lgroovy/lang/MetaMethod;Lgroovy/lang/MetaMethod;)Z @ 33 c2
Event: 17.151 Thread 0x0000013d663aa000 DEOPT PACKING pc=0x0000013d54d11bb8 sp=0x0000003344df4b40
Event: 17.151 Thread 0x0000013d663aa000 DEOPT UNPACKING pc=0x0000013d4d0778af sp=0x0000003344df4b58 mode 2
Event: 17.211 Thread 0x0000013d663aa000 Uncommon trap: trap_request=0xfffffff4 fr.pc=0x0000013d54d84c18 relative=0x0000000000000798
Event: 17.211 Thread 0x0000013d663aa000 Uncommon trap: reason=null_check action=make_not_entrant pc=0x0000013d54d84c18 method=org.gradle.util.internal.SimpleMapInterner.intern(Ljava/lang/Object;)Ljava/lang/Object; @ 2 c2
Event: 17.211 Thread 0x0000013d663aa000 DEOPT PACKING pc=0x0000013d54d84c18 sp=0x0000003344df77b0
Event: 17.211 Thread 0x0000013d663aa000 DEOPT UNPACKING pc=0x0000013d4d0778af sp=0x0000003344df7778 mode 2
Event: 17.211 Thread 0x0000013d663aa000 Uncommon trap: trap_request=0xffffff4d fr.pc=0x0000013d54d85bd8 relative=0x0000000000000778
Event: 17.211 Thread 0x0000013d663aa000 Uncommon trap: reason=unstable_if action=reinterpret pc=0x0000013d54d85bd8 method=org.gradle.util.internal.SimpleMapInterner.intern(Ljava/lang/String;)Ljava/lang/String; @ 1 c2
Event: 17.211 Thread 0x0000013d663aa000 DEOPT PACKING pc=0x0000013d54d85bd8 sp=0x0000003344df7740
Event: 17.211 Thread 0x0000013d663aa000 DEOPT UNPACKING pc=0x0000013d4d0778af sp=0x0000003344df7708 mode 2

Classes redefined (0 events):
No events

Internal exceptions (20 events):
Event: 17.101 Thread 0x0000013d663aa000 Exception <a 'java/lang/ClassNotFoundException'{0x000000008b4f6f70}: org/gradle/api/internal/FactoryNamedDomainObjectContainerCustomizer> (0x000000008b4f6f70) thrown at [./src/hotspot/share/classfile/systemDictionary.cpp, line 231]
Event: 17.102 Thread 0x0000013d663aa000 Exception <a 'java/lang/ClassNotFoundException'{0x000000008b337618}: org/gradle/api/internal/FactoryNamedDomainObjectContainer_DecoratedCustomizer> (0x000000008b337618) thrown at [./src/hotspot/share/classfile/systemDictionary.cpp, line 231]
Event: 17.156 Thread 0x0000013d663aa000 Exception <a 'java/lang/ClassNotFoundException'{0x000000008b161c18}: com/android/build/gradle/internal/dsl/BuildType_DecoratedBeanInfo> (0x000000008b161c18) thrown at [./src/hotspot/share/classfile/systemDictionary.cpp, line 231]
Event: 17.157 Thread 0x0000013d663aa000 Exception <a 'java/lang/ClassNotFoundException'{0x000000008b17a5c0}: com/android/build/gradle/internal/dsl/BuildTypeBeanInfo> (0x000000008b17a5c0) thrown at [./src/hotspot/share/classfile/systemDictionary.cpp, line 231]
Event: 17.158 Thread 0x0000013d663aa000 Exception <a 'java/lang/ClassNotFoundException'{0x000000008b192700}: com/android/builder/core/AbstractBuildTypeBeanInfo> (0x000000008b192700) thrown at [./src/hotspot/share/classfile/systemDictionary.cpp, line 231]
Event: 17.158 Thread 0x0000013d663aa000 Exception <a 'java/lang/ClassNotFoundException'{0x000000008b1aac70}: com/android/builder/core/AbstractBuildTypeCustomizer> (0x000000008b1aac70) thrown at [./src/hotspot/share/classfile/systemDictionary.cpp, line 231]
Event: 17.160 Thread 0x0000013d663aa000 Exception <a 'java/lang/ClassNotFoundException'{0x000000008b1dfb98}: com/android/build/gradle/internal/dsl/BuildTypeCustomizer> (0x000000008b1dfb98) thrown at [./src/hotspot/share/classfile/systemDictionary.cpp, line 231]
Event: 17.164 Thread 0x0000013d663aa000 Exception <a 'java/lang/ClassNotFoundException'{0x000000008b06c700}: com/android/build/gradle/internal/dsl/BuildType_DecoratedCustomizer> (0x000000008b06c700) thrown at [./src/hotspot/share/classfile/systemDictionary.cpp, line 231]
Event: 17.179 Thread 0x0000013d663aa000 Exception <a 'java/lang/ClassNotFoundException'{0x000000008af34a80}: build_86s3337eeeayovrfxqismdc9j$_run_closure1$_closure4BeanInfo> (0x000000008af34a80) thrown at [./src/hotspot/share/classfile/systemDictionary.cpp, line 231]
Event: 17.180 Thread 0x0000013d663aa000 Exception <a 'java/lang/ClassNotFoundException'{0x000000008af45368}: build_86s3337eeeayovrfxqismdc9j$_run_closure1$_closure4Customizer> (0x000000008af45368) thrown at [./src/hotspot/share/classfile/systemDictionary.cpp, line 231]
Event: 17.182 Thread 0x0000013d663aa000 Exception <a 'java/lang/ClassNotFoundException'{0x000000008af73fb8}: build_86s3337eeeayovrfxqismdc9j$_run_closure1BeanInfo> (0x000000008af73fb8) thrown at [./src/hotspot/share/classfile/systemDictionary.cpp, line 231]
Event: 17.182 Thread 0x0000013d663aa000 Exception <a 'java/lang/ClassNotFoundException'{0x000000008af84190}: build_86s3337eeeayovrfxqismdc9j$_run_closure1Customizer> (0x000000008af84190) thrown at [./src/hotspot/share/classfile/systemDictionary.cpp, line 231]
Event: 17.191 Thread 0x0000013d663aa000 Exception <a 'java/lang/ClassNotFoundException'{0x000000008afe1d70}: org/gradle/api/JavaVersionBeanInfo> (0x000000008afe1d70) thrown at [./src/hotspot/share/classfile/systemDictionary.cpp, line 231]
Event: 17.193 Thread 0x0000013d663aa000 Exception <a 'java/lang/ClassNotFoundException'{0x000000008ae0c5f0}: org/gradle/api/JavaVersionCustomizer> (0x000000008ae0c5f0) thrown at [./src/hotspot/share/classfile/systemDictionary.cpp, line 231]
Event: 17.197 Thread 0x0000013d663aa000 Exception <a 'java/lang/ClassNotFoundException'{0x000000008ae653c8}: com/android/build/gradle/internal/CompileOptions_DecoratedBeanInfo> (0x000000008ae653c8) thrown at [./src/hotspot/share/classfile/systemDictionary.cpp, line 231]
Event: 17.197 Thread 0x0000013d663aa000 Exception <a 'java/lang/ClassNotFoundException'{0x000000008ae7cae0}: com/android/build/gradle/internal/CompileOptionsBeanInfo> (0x000000008ae7cae0) thrown at [./src/hotspot/share/classfile/systemDictionary.cpp, line 231]
Event: 17.198 Thread 0x0000013d663aa000 Exception <a 'java/lang/ClassNotFoundException'{0x000000008ae94cf0}: com/android/build/gradle/internal/CompileOptionsCustomizer> (0x000000008ae94cf0) thrown at [./src/hotspot/share/classfile/systemDictionary.cpp, line 231]
Event: 17.199 Thread 0x0000013d663aa000 Exception <a 'java/lang/ClassNotFoundException'{0x000000008aeb9600}: com/android/build/gradle/internal/CompileOptions_DecoratedCustomizer> (0x000000008aeb9600) thrown at [./src/hotspot/share/classfile/systemDictionary.cpp, line 231]
Event: 17.210 Thread 0x0000013d663aa000 Implicit null exception at 0x0000013d54d844b2 to 0x0000013d54d84c08
Event: 17.211 Thread 0x0000013d663aa000 Implicit null exception at 0x0000013d54d85496 to 0x0000013d54d85bc0

Events (20 events):
Event: 18.333 loading class com/android/build/gradle/tasks/ExternalNativeBuildTask
Event: 18.333 loading class com/android/build/gradle/tasks/ExternalNativeBuildTask done
Event: 18.334 loading class com/android/build/gradle/internal/tasks/UnsafeOutputsTask
Event: 18.334 loading class com/android/build/gradle/internal/tasks/UnsafeOutputsTask done
Event: 18.346 loading class com/android/build/gradle/internal/dsl/VariantOutputFactory
Event: 18.346 loading class com/android/build/gradle/internal/dsl/VariantOutputFactory done
Event: 18.347 loading class com/android/build/gradle/internal/api/ApkVariantOutputImpl
Event: 18.347 loading class com/android/build/gradle/internal/api/ApkVariantOutputImpl done
Event: 18.347 loading class com/android/build/gradle/api/ApkVariantOutput
Event: 18.347 loading class com/android/build/gradle/api/ApkVariantOutput done
Event: 18.348 loading class com/android/build/gradle/internal/api/BaseVariantOutputImpl
Event: 18.348 loading class com/android/build/gradle/internal/api/BaseVariantOutputImpl done
Event: 18.349 loading class com/android/build/api/variant/impl/VariantOutputImpl
Event: 18.349 loading class com/android/build/api/variant/impl/VariantOutputImpl done
Event: 18.349 loading class com/android/build/api/variant/impl/VariantOutputImpl
Event: 18.349 loading class com/android/build/api/variant/impl/VariantOutputImpl done
Event: 18.349 loading class com/android/build/gradle/internal/dsl/VariantOutputFactory
Event: 18.349 loading class com/android/build/gradle/internal/dsl/VariantOutputFactory done
Event: 18.352 loading class com/android/build/api/variant/impl/FilterConfigurationImpl
Event: 18.352 loading class com/android/build/api/variant/impl/FilterConfigurationImpl done


Dynamic libraries:
0x00007ff721500000 - 0x00007ff72150a000 	C:\Program Files\Android\Android Studio\jre\bin\java.exe
0x00007ff8bb090000 - 0x00007ff8bb288000 	C:\WINDOWS\SYSTEM32\ntdll.dll
0x00007ff8ba7e0000 - 0x00007ff8ba89f000 	C:\WINDOWS\System32\KERNEL32.DLL
0x00007ff8b8780000 - 0x00007ff8b8a52000 	C:\WINDOWS\System32\KERNELBASE.dll
0x00007ff8b8fd0000 - 0x00007ff8b90d0000 	C:\WINDOWS\System32\ucrtbase.dll
0x00007ff891770000 - 0x00007ff891787000 	C:\Program Files\Android\Android Studio\jre\bin\VCRUNTIME140.dll
0x00007ff885460000 - 0x00007ff885479000 	C:\Program Files\Android\Android Studio\jre\bin\jli.dll
0x00007ff8ba2d0000 - 0x00007ff8ba471000 	C:\WINDOWS\System32\USER32.dll
0x00007ff8b8a60000 - 0x00007ff8b8a82000 	C:\WINDOWS\System32\win32u.dll
0x00007ff8ba210000 - 0x00007ff8ba23b000 	C:\WINDOWS\System32\GDI32.dll
0x00007ff8b8e90000 - 0x00007ff8b8f9f000 	C:\WINDOWS\System32\gdi32full.dll
0x00007ff8b8d40000 - 0x00007ff8b8ddd000 	C:\WINDOWS\System32\msvcp_win.dll
0x00007ff89e3d0000 - 0x00007ff89e66a000 	C:\WINDOWS\WinSxS\amd64_microsoft.windows.common-controls_6595b64144ccf1df_6.0.19041.1110_none_60b5254171f9507e\COMCTL32.dll
0x00007ff8ba480000 - 0x00007ff8ba51e000 	C:\WINDOWS\System32\msvcrt.dll
0x00007ff8bb010000 - 0x00007ff8bb042000 	C:\WINDOWS\System32\IMM32.DLL
0x00007ff87cf40000 - 0x00007ff87cfdd000 	C:\Program Files\Android\Android Studio\jre\bin\msvcp140.dll
0x00007ff84af00000 - 0x00007ff84b9cf000 	C:\Program Files\Android\Android Studio\jre\bin\server\jvm.dll
0x00007ff8b90d0000 - 0x00007ff8b917e000 	C:\WINDOWS\System32\ADVAPI32.dll
0x00007ff8b9720000 - 0x00007ff8b97bc000 	C:\WINDOWS\System32\sechost.dll
0x00007ff8b9870000 - 0x00007ff8b9995000 	C:\WINDOWS\System32\RPCRT4.dll
0x00007ff8ba610000 - 0x00007ff8ba618000 	C:\WINDOWS\System32\PSAPI.DLL
0x00007ff8b2570000 - 0x00007ff8b2579000 	C:\WINDOWS\SYSTEM32\WSOCK32.dll
0x00007ff8ba770000 - 0x00007ff8ba7db000 	C:\WINDOWS\System32\WS2_32.dll
0x00007ff89e670000 - 0x00007ff89e697000 	C:\WINDOWS\SYSTEM32\WINMM.dll
0x00007ff8a98a0000 - 0x00007ff8a98aa000 	C:\WINDOWS\SYSTEM32\VERSION.dll
0x00007ff8b6fd0000 - 0x00007ff8b6fe2000 	C:\WINDOWS\SYSTEM32\kernel.appcore.dll
0x00007ff8b1180000 - 0x00007ff8b1191000 	C:\Program Files\Android\Android Studio\jre\bin\verify.dll
0x00007ff8b6500000 - 0x00007ff8b66e4000 	C:\WINDOWS\SYSTEM32\DBGHELP.DLL
0x00007ff8aaf70000 - 0x00007ff8aafa5000 	C:\WINDOWS\SYSTEM32\dbgcore.DLL
0x00007ff8b8b50000 - 0x00007ff8b8bd2000 	C:\WINDOWS\System32\bcryptPrimitives.dll
0x00007ff8b0c40000 - 0x00007ff8b0c69000 	C:\Program Files\Android\Android Studio\jre\bin\java.dll
0x00007ff8b2560000 - 0x00007ff8b256b000 	C:\Program Files\Android\Android Studio\jre\bin\jimage.dll
0x00007ff8b0d40000 - 0x00007ff8b0d58000 	C:\Program Files\Android\Android Studio\jre\bin\zip.dll
0x00007ff8b9ac0000 - 0x00007ff8ba204000 	C:\WINDOWS\System32\SHELL32.dll
0x00007ff8b6820000 - 0x00007ff8b6fb2000 	C:\WINDOWS\SYSTEM32\windows.storage.dll
0x00007ff8babf0000 - 0x00007ff8baf45000 	C:\WINDOWS\System32\combase.dll
0x00007ff8b8100000 - 0x00007ff8b8130000 	C:\WINDOWS\SYSTEM32\Wldp.dll
0x00007ff8baf60000 - 0x00007ff8bb00d000 	C:\WINDOWS\System32\SHCORE.dll
0x00007ff8b99a0000 - 0x00007ff8b99f5000 	C:\WINDOWS\System32\shlwapi.dll
0x00007ff8b86c0000 - 0x00007ff8b86df000 	C:\WINDOWS\SYSTEM32\profapi.dll
0x00007ff8b2930000 - 0x00007ff8b294a000 	C:\Program Files\Android\Android Studio\jre\bin\net.dll
0x00007ff8b5e70000 - 0x00007ff8b5f7c000 	C:\WINDOWS\SYSTEM32\WINHTTP.dll
0x00007ff8b7e60000 - 0x00007ff8b7eca000 	C:\WINDOWS\system32\mswsock.dll
0x00007ff8b2910000 - 0x00007ff8b2924000 	C:\Program Files\Android\Android Studio\jre\bin\nio.dll
0x00007ff8b2580000 - 0x00007ff8b25a7000 	C:\Users\tatia\.gradle\native\8bec1ad78214c89d9ad589b4d07fe93259594b29d510b10fafb7a158f7737e5d\windows-amd64\native-platform.dll
0x00007ff86ea80000 - 0x00007ff86ebbd000 	C:\Users\tatia\.gradle\native\53dbd7edfb1c66fb8903c78663c9afc45aea4f116125fa6feffd364cf09443e8\windows-amd64\native-platform-file-events.dll
0x00007ff8b57a0000 - 0x00007ff8b57aa000 	C:\Program Files\Android\Android Studio\jre\bin\management.dll
0x00007ff8b2900000 - 0x00007ff8b290c000 	C:\Program Files\Android\Android Studio\jre\bin\management_ext.dll
0x00007ff8b8050000 - 0x00007ff8b8068000 	C:\WINDOWS\SYSTEM32\CRYPTSP.dll
0x00007ff8b7780000 - 0x00007ff8b77b4000 	C:\WINDOWS\system32\rsaenh.dll
0x00007ff8b8fa0000 - 0x00007ff8b8fc7000 	C:\WINDOWS\System32\bcrypt.dll
0x00007ff8b8680000 - 0x00007ff8b86ae000 	C:\WINDOWS\SYSTEM32\USERENV.dll
0x00007ff8b8070000 - 0x00007ff8b807c000 	C:\WINDOWS\SYSTEM32\CRYPTBASE.dll
0x00007ff8b7b50000 - 0x00007ff8b7b8b000 	C:\WINDOWS\SYSTEM32\IPHLPAPI.DLL
0x00007ff8baf50000 - 0x00007ff8baf58000 	C:\WINDOWS\System32\NSI.dll
0x00007ff8aacf0000 - 0x00007ff8aad07000 	C:\WINDOWS\SYSTEM32\dhcpcsvc6.DLL
0x00007ff8aae70000 - 0x00007ff8aae8d000 	C:\WINDOWS\SYSTEM32\dhcpcsvc.DLL
0x00007ff8b7b90000 - 0x00007ff8b7c5a000 	C:\WINDOWS\SYSTEM32\DNSAPI.dll

dbghelp: loaded successfully - version: 4.0.5 - missing functions: none
symbol engine: initialized successfully - sym options: 0x614 - pdb path: .;C:\Program Files\Android\Android Studio\jre\bin;C:\WINDOWS\SYSTEM32;C:\WINDOWS\WinSxS\amd64_microsoft.windows.common-controls_6595b64144ccf1df_6.0.19041.1110_none_60b5254171f9507e;C:\Program Files\Android\Android Studio\jre\bin\server;C:\Users\tatia\.gradle\native\8bec1ad78214c89d9ad589b4d07fe93259594b29d510b10fafb7a158f7737e5d\windows-amd64;C:\Users\tatia\.gradle\native\53dbd7edfb1c66fb8903c78663c9afc45aea4f116125fa6feffd364cf09443e8\windows-amd64

VM Arguments:
jvm_args: --add-opens=java.base/java.util=ALL-UNNAMED --add-opens=java.base/java.lang=ALL-UNNAMED --add-opens=java.base/java.lang.invoke=ALL-UNNAMED --add-opens=java.base/java.util=ALL-UNNAMED --add-opens=java.prefs/java.util.prefs=ALL-UNNAMED --add-opens=java.prefs/java.util.prefs=ALL-UNNAMED --add-opens=java.base/java.nio.charset=ALL-UNNAMED --add-opens=java.base/java.net=ALL-UNNAMED --add-opens=java.base/java.util.concurrent.atomic=ALL-UNNAMED -Xmx2048m -Dfile.encoding=UTF-8 -Duser.country=RU -Duser.language=ru -Duser.variant 
java_command: org.gradle.launcher.daemon.bootstrap.GradleDaemon 7.0.2
java_class_path (initial): C:\Users\tatia\.gradle\wrapper\dists\gradle-7.0.2-bin\857tjihv64xamwrf0h14cai3r\gradle-7.0.2\lib\gradle-launcher-7.0.2.jar
Launcher Type: SUN_STANDARD

[Global flags]
     intx CICompilerCount                          = 3                                         {product} {ergonomic}
     uint ConcGCThreads                            = 1                                         {product} {ergonomic}
     uint G1ConcRefinementThreads                  = 4                                         {product} {ergonomic}
   size_t G1HeapRegionSize                         = 1048576                                   {product} {ergonomic}
    uintx GCDrainStackTargetSize                   = 64                                        {product} {ergonomic}
   size_t InitialHeapSize                          = 268435456                                 {product} {ergonomic}
   size_t MarkStackSize                            = 4194304                                   {product} {ergonomic}
   size_t MaxHeapSize                              = 2147483648                                {product} {command line}
   size_t MaxNewSize                               = 1287651328                                {product} {ergonomic}
   size_t MinHeapDeltaBytes                        = 1048576                                   {product} {ergonomic}
    uintx NonNMethodCodeHeapSize                   = 5830732                                {pd product} {ergonomic}
    uintx NonProfiledCodeHeapSize                  = 122913754                              {pd product} {ergonomic}
    uintx ProfiledCodeHeapSize                     = 122913754                              {pd product} {ergonomic}
    uintx ReservedCodeCacheSize                    = 251658240                              {pd product} {ergonomic}
     bool SegmentedCodeCache                       = true                                      {product} {ergonomic}
     bool UseCompressedClassPointers               = true                                 {lp64_product} {ergonomic}
     bool UseCompressedOops                        = true                                 {lp64_product} {ergonomic}
     bool UseG1GC                                  = true                                      {product} {ergonomic}
     bool UseLargePagesIndividualAllocation        = false                                  {pd product} {ergonomic}

Logging:
Log output configuration:
 #0: stdout all=warning uptime,level,tags
 #1: stderr all=off uptime,level,tags

Environment Variables:
PATH=C:\Program Files (x86)\Common Files\Oracle\Java\javapath;C:\Program Files (x86)\Intel\Intel(R) Management Engine Components\iCLS\;C:\Program Files\Intel\Intel(R) Management Engine Components\iCLS\;C:\WINDOWS\system32;C:\WINDOWS;C:\WINDOWS\System32\Wbem;C:\WINDOWS\System32\WindowsPowerShell\v1.0\;C:\WINDOWS\System32\OpenSSH\;C:\Program Files (x86)\Intel\Intel(R) Management Engine Components\DAL;C:\Program Files\Intel\Intel(R) Management Engine Components\DAL;C:\Program Files (x86)\Intel\Intel(R) Management Engine Components\IPT;C:\Program Files\Intel\Intel(R) Management Engine Components\IPT;C:\Program Files\Microsoft SQL Server\Client SDK\ODBC\170\Tools\Binn\;C:\Program Files (x86)\Microsoft SQL Server\150\Tools\Binn\;C:\Program Files\Microsoft SQL Server\150\Tools\Binn\;C:\Program Files\Microsoft SQL Server\150\DTS\Binn\;C:\Program Files (x86)\Microsoft SQL Server\150\DTS\Binn\;C:\Program Files\Azure Data Studio\bin;C:\Program Files\dotnet\;C:\Program Files\Microsoft SQL Server\130\Tools\Binn\;C:\Program Files (x86)\dotnet\;C:\Program Files\Git\cmd;C:\Users\tatia\AppData\Local\Microsoft\WindowsApps;;C:\Program Files\Azure Data Studio\bin;C:\Users\tatia\.dotnet\tools
USERNAME=tatia
OS=Windows_NT
PROCESSOR_IDENTIFIER=Intel64 Family 6 Model 142 Stepping 10, GenuineIntel



---------------  S Y S T E M  ---------------

OS: Windows 10 , 64 bit Build 19041 (10.0.19041.2364)
OS uptime: 1 days 13:29 hours

CPU:total 4 (initial active 4) (2 cores per cpu, 2 threads per core) family 6 model 142 stepping 10 microcode 0xb4, cmov, cx8, fxsr, mmx, sse, sse2, sse3, ssse3, sse4.1, sse4.2, popcnt, avx, avx2, aes, clmul, erms, 3dnowpref, lzcnt, ht, tsc, tscinvbit, bmi1, bmi2, adx, fma

Memory: 4k page, system-wide physical 16259M (1923M free)
TotalPageFile size 22930M (AvailPageFile size 20M)
current process WorkingSet (physical memory assigned to process): 388M, peak: 390M
current process commit charge ("private bytes"): 491M, peak: 494M

vm_info: OpenJDK 64-Bit Server VM (11.0.10+0-b96-7249189) for windows-amd64 JRE (11.0.10+0-b96-7249189), built on Mar 31 2021 21:44:00 by "builder" with MS VC++ 14.0 (VS2015)

END.
