#
# There is insufficient memory for the Java Runtime Environment to continue.
# Native memory allocation (malloc) failed to allocate 1247216 bytes for Chunk::new
# Possible reasons:
#   The system is out of physical RAM or swap space
#   The process is running with CompressedOops enabled, and the Java Heap may be blocking the growth of the native heap
# Possible solutions:
#   Reduce memory load on the system
#   Increase physical memory or swap space
#   Check if swap backing store is full
#   Decrease Java heap size (-Xmx/-Xms)
#   Decrease number of Java threads
#   Decrease Java thread stack sizes (-Xss)
#   Set larger code cache with -XX:ReservedCodeCacheSize=
#   JVM is running with Unscaled Compressed Oops mode in which the Java heap is
#     placed in the first 4GB address space. The Java Heap base address is the
#     maximum limit for the native heap growth. Please use -XX:HeapBaseMinAddress
#     to set the Java Heap base and to place the Java Heap above 4GB virtual address.
# This output file may be truncated or incomplete.
#
#  Out of Memory Error (./src/hotspot/share/memory/arena.cpp:197), pid=8776, tid=7432
#
# JRE version: OpenJDK Runtime Environment (11.0.10) (build 11.0.10+0-b96-7249189)
# Java VM: OpenJDK 64-Bit Server VM (11.0.10+0-b96-7249189, mixed mode, tiered, compressed oops, g1 gc, windows-amd64)
# No core dump will be written. Minidumps are not enabled by default on client versions of Windows
#

---------------  S U M M A R Y ------------

Command Line: --add-opens=java.base/java.util=ALL-UNNAMED --add-opens=java.base/java.lang=ALL-UNNAMED --add-opens=java.base/java.lang.invoke=ALL-UNNAMED --add-opens=java.base/java.util=ALL-UNNAMED --add-opens=java.prefs/java.util.prefs=ALL-UNNAMED --add-opens=java.prefs/java.util.prefs=ALL-UNNAMED --add-opens=java.base/java.nio.charset=ALL-UNNAMED --add-opens=java.base/java.net=ALL-UNNAMED --add-opens=java.base/java.util.concurrent.atomic=ALL-UNNAMED -Xmx2048m -Dfile.encoding=UTF-8 -Duser.country=RU -Duser.language=ru -Duser.variant org.gradle.launcher.daemon.bootstrap.GradleDaemon 7.0.2

Host: Intel(R) Core(TM) i3-8130U CPU @ 2.20GHz, 4 cores, 15G,  Windows 10 , 64 bit Build 19041 (10.0.19041.2364)
Time: Fri Feb 17 19:38:33 2023 RTZ 4 (зима) elapsed time: 8154.653535 seconds (0d 2h 15m 54s)

---------------  T H R E A D  ---------------

Current thread (0x000001d62dd70800):  JavaThread "C2 CompilerThread0" daemon [_thread_in_native, id=7432, stack(0x00000072e6100000,0x00000072e6200000)]


Current CompileTask:
C2:8154653 33032       4       com.android.tools.r8.dex.j::a (1038 bytes)

Stack: [0x00000072e6100000,0x00000072e6200000]
Native frames: (J=compiled Java code, j=interpreted, Vv=VM code, C=native code)
V  [jvm.dll+0x5ecfaa]
V  [jvm.dll+0x722bd5]
V  [jvm.dll+0x72412d]
V  [jvm.dll+0x7247e3]
V  [jvm.dll+0x242928]
V  [jvm.dll+0xbc4fc]
V  [jvm.dll+0xbca0c]
V  [jvm.dll+0x352d3b]
V  [jvm.dll+0x197e0c]
V  [jvm.dll+0x1fb70e]
V  [jvm.dll+0x1fa7f4]
V  [jvm.dll+0x18354c]
V  [jvm.dll+0x208ee7]
V  [jvm.dll+0x207731]
V  [jvm.dll+0x6eb1cf]
V  [jvm.dll+0x6e3d45]
V  [jvm.dll+0x5ebe96]
C  [ucrtbase.dll+0x21bb2]
C  [KERNEL32.DLL+0x17614]
C  [ntdll.dll+0x526a1]


---------------  P R O C E S S  ---------------

Threads class SMR info:
_java_thread_list=0x000001d63330aed0, length=59, elements={
0x000001d61195e000, 0x000001d62dd00800, 0x000001d62dd06000, 0x000001d62dd28800,
0x000001d62dd29800, 0x000001d62dd2b000, 0x000001d62dd70800, 0x000001d62ddcc800,
0x000001d62ddd0000, 0x000001d62dee4000, 0x000001d62f546800, 0x000001d62f2b9800,
0x000001d630539800, 0x000001d630b11000, 0x000001d630b0d000, 0x000001d630b0c000,
0x000001d630b0e800, 0x000001d630b0f800, 0x000001d630b12800, 0x000001d62edad800,
0x000001d62edaf800, 0x000001d62edae800, 0x000001d62edb0000, 0x000001d62edaa800,
0x000001d62edb6000, 0x000001d6370aa000, 0x000001d62edac000, 0x000001d62edb2800,
0x000001d62edb1000, 0x000001d62edad000, 0x000001d62edb3800, 0x000001d62edb4000,
0x000001d62edb7800, 0x000001d62edb5000, 0x000001d62edb8800, 0x000001d635aae000,
0x000001d635ab0800, 0x000001d635ab3000, 0x000001d635ab1000, 0x000001d635aad000,
0x000001d635aaf000, 0x000001d635ab5800, 0x000001d635aaf800, 0x000001d635ab8000,
0x000001d635aba000, 0x000001d635abb000, 0x000001d635ab6000, 0x000001d635ab8800,
0x000001d630b9d800, 0x000001d630b9c000, 0x000001d630b9c800, 0x000001d630b98000,
0x000001d630b9f000, 0x000001d630b9e800, 0x000001d630b99800, 0x000001d630b9a000,
0x000001d630ba3000, 0x000001d630ba5800, 0x000001d630ba1800
}

Java Threads: ( => current thread )
  0x000001d61195e000 JavaThread "main" [_thread_blocked, id=2008, stack(0x00000072e5500000,0x00000072e5600000)]
  0x000001d62dd00800 JavaThread "Reference Handler" daemon [_thread_blocked, id=8292, stack(0x00000072e5c00000,0x00000072e5d00000)]
  0x000001d62dd06000 JavaThread "Finalizer" daemon [_thread_blocked, id=15732, stack(0x00000072e5d00000,0x00000072e5e00000)]
  0x000001d62dd28800 JavaThread "Signal Dispatcher" daemon [_thread_blocked, id=2156, stack(0x00000072e5e00000,0x00000072e5f00000)]
  0x000001d62dd29800 JavaThread "Attach Listener" daemon [_thread_blocked, id=16356, stack(0x00000072e5f00000,0x00000072e6000000)]
  0x000001d62dd2b000 JavaThread "Service Thread" daemon [_thread_blocked, id=15520, stack(0x00000072e6000000,0x00000072e6100000)]
=>0x000001d62dd70800 JavaThread "C2 CompilerThread0" daemon [_thread_in_native, id=7432, stack(0x00000072e6100000,0x00000072e6200000)]
  0x000001d62ddcc800 JavaThread "C1 CompilerThread0" daemon [_thread_blocked, id=5424, stack(0x00000072e6200000,0x00000072e6300000)]
  0x000001d62ddd0000 JavaThread "Sweeper thread" daemon [_thread_blocked, id=7588, stack(0x00000072e6300000,0x00000072e6400000)]
  0x000001d62dee4000 JavaThread "Common-Cleaner" daemon [_thread_blocked, id=11912, stack(0x00000072e6400000,0x00000072e6500000)]
  0x000001d62f546800 JavaThread "Daemon health stats" [_thread_blocked, id=1676, stack(0x00000072e6a00000,0x00000072e6b00000)]
  0x000001d62f2b9800 JavaThread "Incoming local TCP Connector on port 58651" [_thread_in_native, id=6152, stack(0x00000072e6600000,0x00000072e6700000)]
  0x000001d630539800 JavaThread "Daemon periodic checks" [_thread_blocked, id=2508, stack(0x00000072e6d00000,0x00000072e6e00000)]
  0x000001d630b11000 JavaThread "Cache worker for file hash cache (C:\Users\tatia\.gradle\caches\7.0.2\fileHashes)" [_thread_blocked, id=3148, stack(0x00000072e7300000,0x00000072e7400000)]
  0x000001d630b0d000 JavaThread "File lock request listener" [_thread_in_native, id=3192, stack(0x00000072e7400000,0x00000072e7500000)]
  0x000001d630b0c000 JavaThread "Cache worker for journal cache (C:\Users\tatia\.gradle\caches\journal-1)" [_thread_blocked, id=2436, stack(0x00000072e7500000,0x00000072e7600000)]
  0x000001d630b0e800 JavaThread "File watcher server" daemon [_thread_in_native, id=2276, stack(0x00000072e7800000,0x00000072e7900000)]
  0x000001d630b0f800 JavaThread "File watcher consumer" daemon [_thread_blocked, id=12528, stack(0x00000072e7900000,0x00000072e7a00000)]
  0x000001d630b12800 JavaThread "jar transforms" [_thread_blocked, id=16368, stack(0x00000072e7a00000,0x00000072e7b00000)]
  0x000001d62edad800 JavaThread "jar transforms Thread 2" [_thread_blocked, id=15768, stack(0x00000072e7b00000,0x00000072e7c00000)]
  0x000001d62edaf800 JavaThread "jar transforms Thread 3" [_thread_blocked, id=14192, stack(0x00000072e7c00000,0x00000072e7d00000)]
  0x000001d62edae800 JavaThread "jar transforms Thread 4" [_thread_blocked, id=6296, stack(0x00000072e7d00000,0x00000072e7e00000)]
  0x000001d62edb0000 JavaThread "Cache worker for execution history cache (C:\Users\tatia\.gradle\caches\7.0.2\executionHistory)" [_thread_blocked, id=6356, stack(0x00000072e8100000,0x00000072e8200000)]
  0x000001d62edaa800 JavaThread "Cache worker for file content cache (C:\Users\tatia\.gradle\caches\7.0.2\fileContent)" [_thread_blocked, id=1400, stack(0x00000072e8200000,0x00000072e8300000)]
  0x000001d62edb6000 JavaThread "Memory manager" [_thread_blocked, id=13656, stack(0x00000072e8900000,0x00000072e8a00000)]
  0x000001d6370aa000 JavaThread "Cache worker for Java compile cache (C:\Users\tatia\.gradle\caches\7.0.2\javaCompile)" [_thread_blocked, id=11168, stack(0x00000072e8f00000,0x00000072e9000000)]
  0x000001d62edac000 JavaThread "ForkJoinPool.commonPool-worker-5" daemon [_thread_blocked, id=13628, stack(0x00000072e9b00000,0x00000072e9c00000)]
  0x000001d62edb2800 JavaThread "Daemon Thread 5" [_thread_blocked, id=17920, stack(0x00000072e5200000,0x00000072e5300000)]
  0x000001d62edb1000 JavaThread "Handler for socket connection from /127.0.0.1:58651 to /127.0.0.1:64087" [_thread_in_native, id=18500, stack(0x00000072e5300000,0x00000072e5400000)]
  0x000001d62edad000 JavaThread "Cancel handler" [_thread_blocked, id=19024, stack(0x00000072e6b00000,0x00000072e6c00000)]
  0x000001d62edb3800 JavaThread "Daemon worker Thread 5" [_thread_blocked, id=19028, stack(0x00000072e6c00000,0x00000072e6d00000)]
  0x000001d62edb4000 JavaThread "Asynchronous log dispatcher for DefaultDaemonConnection: socket connection from /127.0.0.1:58651 to /127.0.0.1:64087" [_thread_blocked, id=18076, stack(0x00000072e6e00000,0x00000072e6f00000)]
  0x000001d62edb7800 JavaThread "Stdin handler" [_thread_blocked, id=18928, stack(0x00000072e6f00000,0x00000072e7000000)]
  0x000001d62edb5000 JavaThread "Daemon client event forwarder" [_thread_blocked, id=5412, stack(0x00000072e7000000,0x00000072e7100000)]
  0x000001d62edb8800 JavaThread "Cache worker for file hash cache (C:\Users\tatia\AndroidStudioProjects\MyApplicationTest\.gradle\7.0.2\fileHashes)" [_thread_blocked, id=19148, stack(0x00000072e7100000,0x00000072e7200000)]
  0x000001d635aae000 JavaThread "Cache worker for checksums cache (C:\Users\tatia\AndroidStudioProjects\MyApplicationTest\.gradle\checksums)" [_thread_blocked, id=19208, stack(0x00000072e7200000,0x00000072e7300000)]
  0x000001d635ab0800 JavaThread "Cache worker for cache directory md-supplier (C:\Users\tatia\.gradle\caches\7.0.2\md-supplier)" [_thread_blocked, id=17928, stack(0x00000072e7600000,0x00000072e7700000)]
  0x000001d635ab3000 JavaThread "Cache worker for cache directory md-rule (C:\Users\tatia\.gradle\caches\7.0.2\md-rule)" [_thread_blocked, id=11944, stack(0x00000072e7700000,0x00000072e7800000)]
  0x000001d635ab1000 JavaThread "Cache worker for dependencies-accessors (C:\Users\tatia\AndroidStudioProjects\MyApplicationTest\.gradle\7.0.2\dependencies-accessors)" [_thread_blocked, id=19216, stack(0x00000072e7e00000,0x00000072e7f00000)]
  0x000001d635aad000 JavaThread "Cache worker for Build Output Cleanup Cache (C:\Users\tatia\AndroidStudioProjects\MyApplicationTest\.gradle\buildOutputCleanup)" [_thread_blocked, id=19224, stack(0x00000072e7f00000,0x00000072e8000000)]
  0x000001d635aaf000 JavaThread "Build operations" [_thread_blocked, id=18492, stack(0x00000072e8000000,0x00000072e8100000)]
  0x000001d635ab5800 JavaThread "Build operations Thread 2" [_thread_blocked, id=19132, stack(0x00000072e8300000,0x00000072e8400000)]
  0x000001d635aaf800 JavaThread "Build operations Thread 3" [_thread_blocked, id=19128, stack(0x00000072e8400000,0x00000072e8500000)]
  0x000001d635ab8000 JavaThread "Build operations Thread 4" [_thread_blocked, id=19124, stack(0x00000072e8500000,0x00000072e8600000)]
  0x000001d635aba000 JavaThread "build event listener" [_thread_blocked, id=8796, stack(0x00000072e8700000,0x00000072e8800000)]
  0x000001d635abb000 JavaThread "Execution worker for ':'" [_thread_blocked, id=18980, stack(0x00000072e8800000,0x00000072e8900000)]
  0x000001d635ab6000 JavaThread "Execution worker for ':' Thread 2" [_thread_blocked, id=19056, stack(0x00000072e8a00000,0x00000072e8b00000)]
  0x000001d635ab8800 JavaThread "Execution worker for ':' Thread 3" [_thread_blocked, id=13668, stack(0x00000072e8b00000,0x00000072e8c00000)]
  0x000001d630b9d800 JavaThread "Cache worker for execution history cache (C:\Users\tatia\AndroidStudioProjects\MyApplicationTest\.gradle\7.0.2\executionHistory)" [_thread_blocked, id=19104, stack(0x00000072e8c00000,0x00000072e8d00000)]
  0x000001d630b9c000 JavaThread "WorkerExecutor Queue" [_thread_in_Java, id=19340, stack(0x00000072e8d00000,0x00000072e8e00000)]
  0x000001d630b9c800 JavaThread "WorkerExecutor Queue Thread 2" [_thread_blocked, id=19192, stack(0x00000072e8e00000,0x00000072e8f00000)]
  0x000001d630b98000 JavaThread "pool-78-thread-1" [_thread_blocked, id=18528, stack(0x00000072e9000000,0x00000072e9100000)]
  0x000001d630b9f000 JavaThread "stderr" [_thread_in_native, id=18540, stack(0x00000072e9100000,0x00000072e9200000)]
  0x000001d630b9e800 JavaThread "stdout" [_thread_in_native, id=18568, stack(0x00000072e9200000,0x00000072e9300000)]
  0x000001d630b99800 JavaThread "Cache worker for Java compile cache (C:\Users\tatia\AndroidStudioProjects\MyApplicationTest\.gradle\7.0.2\javaCompile)" [_thread_blocked, id=16864, stack(0x00000072e8600000,0x00000072e8700000)]
  0x000001d630b9a000 JavaThread "WorkerExecutor Queue Thread 3" [_thread_in_vm, id=888, stack(0x00000072e9300000,0x00000072e9400000)]
  0x000001d630ba3000 JavaThread "WorkerExecutor Queue Thread 4" [_thread_in_native, id=18848, stack(0x00000072e9400000,0x00000072e9500000)]
  0x000001d630ba5800 JavaThread "WorkerExecutor Queue Thread 5" [_thread_blocked, id=18660, stack(0x00000072e9500000,0x00000072e9600000)]
  0x000001d630ba1800 JavaThread "C2 CompilerThread1" daemon [_thread_in_native, id=4768, stack(0x00000072e9600000,0x00000072e9700000)]

Other Threads:
  0x000001d62d4d3800 VMThread "VM Thread" [stack: 0x00000072e5b00000,0x00000072e5c00000] [id=1132]
  0x000001d62def7800 WatcherThread [stack: 0x00000072e6500000,0x00000072e6600000] [id=13644]
  0x000001d611976000 GCTaskThread "GC Thread#0" [stack: 0x00000072e5600000,0x00000072e5700000] [id=16084]
  0x000001d62e88a000 GCTaskThread "GC Thread#1" [stack: 0x00000072e6700000,0x00000072e6800000] [id=3284]
  0x000001d62dfb4000 GCTaskThread "GC Thread#2" [stack: 0x00000072e6800000,0x00000072e6900000] [id=2832]
  0x000001d62e63b800 GCTaskThread "GC Thread#3" [stack: 0x00000072e6900000,0x00000072e6a00000] [id=4828]
  0x000001d6119a9000 ConcurrentGCThread "G1 Main Marker" [stack: 0x00000072e5700000,0x00000072e5800000] [id=4744]
  0x000001d6119aa000 ConcurrentGCThread "G1 Conc#0" [stack: 0x00000072e5800000,0x00000072e5900000] [id=8436]
  0x000001d611a3e000 ConcurrentGCThread "G1 Refine#0" [stack: 0x00000072e5900000,0x00000072e5a00000] [id=16008]
  0x000001d62d344800 ConcurrentGCThread "G1 Young RemSet Sampling" [stack: 0x00000072e5a00000,0x00000072e5b00000] [id=6732]

Threads with active compile tasks:
C2 CompilerThread08154719 33032       4       com.android.tools.r8.dex.j::a (1038 bytes)
C1 CompilerThread08154719 33205       3       com.android.tools.r8.graph.G$j$$Lambda$1854/0x000000010120f040::a (5 bytes)
C2 CompilerThread18154719 33185       4       com.android.tools.r8.internal.k8::a (24 bytes)

VM state:not at safepoint (normal execution)

VM Mutex/Monitor currently owned by a thread:  ([mutex/lock_event])
[0x000001d611958390] CodeCache_lock - owner thread: 0x000001d630ba1800
[0x000001d611958e00] Compile_lock - owner thread: 0x000001d630ba1800
[0x000001d611959430] MethodCompileQueue_lock - owner thread: 0x000001d630ba1800

Heap address: 0x0000000080000000, size: 2048 MB, Compressed Oops mode: 32-bit
Narrow klass base: 0x0000000000000000, Narrow klass shift: 3
Compressed class space size: 1073741824 Address: 0x0000000100000000

Heap:
 garbage-first heap   total 342016K, used 189308K [0x0000000080000000, 0x0000000100000000)
  region size 1024K, 43 young (44032K), 1 survivors (1024K)
 Metaspace       used 143416K, capacity 148046K, committed 149624K, reserved 1179648K
  class space    used 17783K, capacity 19451K, committed 19840K, reserved 1048576K
Heap Regions: E=young(eden), S=young(survivor), O=old, HS=humongous(starts), HC=humongous(continues), CS=collection set, F=free, A=archive, TAMS=top-at-mark-start (previous, next)
|   0|0x0000000080000000, 0x0000000080100000, 0x0000000080100000|100%| O|  |TAMS 0x0000000080100000, 0x0000000080000000| Untracked 
|   1|0x0000000080100000, 0x0000000080200000, 0x0000000080200000|100%| O|  |TAMS 0x0000000080200000, 0x0000000080100000| Complete 
|   2|0x0000000080200000, 0x0000000080300000, 0x0000000080300000|100%| O|  |TAMS 0x0000000080300000, 0x0000000080200000| Complete 
|   3|0x0000000080300000, 0x0000000080400000, 0x0000000080400000|100%|HS|  |TAMS 0x0000000080400000, 0x0000000080300000| Complete 
|   4|0x0000000080400000, 0x0000000080500000, 0x0000000080500000|100%|HC|  |TAMS 0x0000000080500000, 0x0000000080400000| Complete 
|   5|0x0000000080500000, 0x0000000080600000, 0x0000000080600000|100%|HC|  |TAMS 0x0000000080600000, 0x0000000080500000| Complete 
|   6|0x0000000080600000, 0x0000000080700000, 0x0000000080700000|100%| O|  |TAMS 0x0000000080700000, 0x0000000080600000| Untracked 
|   7|0x0000000080700000, 0x0000000080800000, 0x0000000080800000|100%| O|  |TAMS 0x0000000080800000, 0x0000000080700000| Untracked 
|   8|0x0000000080800000, 0x0000000080900000, 0x0000000080900000|100%| O|  |TAMS 0x0000000080900000, 0x0000000080800000| Untracked 
|   9|0x0000000080900000, 0x0000000080a00000, 0x0000000080a00000|100%| O|  |TAMS 0x0000000080a00000, 0x0000000080900000| Untracked 
|  10|0x0000000080a00000, 0x0000000080b00000, 0x0000000080b00000|100%| O|  |TAMS 0x0000000080b00000, 0x0000000080a00000| Untracked 
|  11|0x0000000080b00000, 0x0000000080c00000, 0x0000000080c00000|100%| O|  |TAMS 0x0000000080c00000, 0x0000000080b00000| Untracked 
|  12|0x0000000080c00000, 0x0000000080d00000, 0x0000000080d00000|100%| O|  |TAMS 0x0000000080d00000, 0x0000000080c00000| Untracked 
|  13|0x0000000080d00000, 0x0000000080e00000, 0x0000000080e00000|100%| O|  |TAMS 0x0000000080e00000, 0x0000000080d00000| Untracked 
|  14|0x0000000080e00000, 0x0000000080f00000, 0x0000000080f00000|100%| O|  |TAMS 0x0000000080f00000, 0x0000000080e00000| Untracked 
|  15|0x0000000080f00000, 0x0000000081000000, 0x0000000081000000|100%| O|  |TAMS 0x0000000081000000, 0x0000000080f00000| Untracked 
|  16|0x0000000081000000, 0x0000000081100000, 0x0000000081100000|100%| O|  |TAMS 0x0000000081100000, 0x0000000081000000| Untracked 
|  17|0x0000000081100000, 0x0000000081200000, 0x0000000081200000|100%|HS|  |TAMS 0x0000000081200000, 0x0000000081100000| Complete 
|  18|0x0000000081200000, 0x0000000081300000, 0x0000000081300000|100%|HS|  |TAMS 0x0000000081300000, 0x0000000081200000| Complete 
|  19|0x0000000081300000, 0x0000000081400000, 0x0000000081400000|100%|HS|  |TAMS 0x0000000081400000, 0x0000000081300000| Complete 
|  20|0x0000000081400000, 0x0000000081500000, 0x0000000081500000|100%|HC|  |TAMS 0x0000000081500000, 0x0000000081400000| Complete 
|  21|0x0000000081500000, 0x0000000081600000, 0x0000000081600000|100%| O|  |TAMS 0x0000000081600000, 0x0000000081500000| Untracked 
|  22|0x0000000081600000, 0x0000000081700000, 0x0000000081700000|100%| O|  |TAMS 0x0000000081700000, 0x0000000081600000| Untracked 
|  23|0x0000000081700000, 0x0000000081800000, 0x0000000081800000|100%| O|  |TAMS 0x0000000081800000, 0x0000000081700000| Complete 
|  24|0x0000000081800000, 0x0000000081900000, 0x0000000081900000|100%| O|  |TAMS 0x0000000081900000, 0x0000000081800000| Complete 
|  25|0x0000000081900000, 0x0000000081a00000, 0x0000000081a00000|100%| O|  |TAMS 0x0000000081a00000, 0x0000000081900000| Complete 
|  26|0x0000000081a00000, 0x0000000081b00000, 0x0000000081b00000|100%| O|  |TAMS 0x0000000081b00000, 0x0000000081a00000| Untracked 
|  27|0x0000000081b00000, 0x0000000081c00000, 0x0000000081c00000|100%| O|  |TAMS 0x0000000081c00000, 0x0000000081b00000| Complete 
|  28|0x0000000081c00000, 0x0000000081d00000, 0x0000000081d00000|100%| O|  |TAMS 0x0000000081d00000, 0x0000000081c00000| Complete 
|  29|0x0000000081d00000, 0x0000000081e00000, 0x0000000081e00000|100%| O|  |TAMS 0x0000000081e00000, 0x0000000081d00000| Untracked 
|  30|0x0000000081e00000, 0x0000000081f00000, 0x0000000081f00000|100%| O|  |TAMS 0x0000000081f00000, 0x0000000081e00000| Untracked 
|  31|0x0000000081f00000, 0x0000000082000000, 0x0000000082000000|100%| O|  |TAMS 0x0000000082000000, 0x0000000081f00000| Complete 
|  32|0x0000000082000000, 0x0000000082100000, 0x0000000082100000|100%| O|  |TAMS 0x0000000082100000, 0x0000000082000000| Untracked 
|  33|0x0000000082100000, 0x0000000082200000, 0x0000000082200000|100%| O|  |TAMS 0x0000000082200000, 0x0000000082100000| Untracked 
|  34|0x0000000082200000, 0x0000000082300000, 0x0000000082300000|100%| O|  |TAMS 0x0000000082300000, 0x0000000082200000| Complete 
|  35|0x0000000082300000, 0x0000000082400000, 0x0000000082400000|100%| O|  |TAMS 0x0000000082400000, 0x0000000082300000| Untracked 
|  36|0x0000000082400000, 0x0000000082500000, 0x0000000082500000|100%| O|  |TAMS 0x0000000082500000, 0x0000000082400000| Untracked 
|  37|0x0000000082500000, 0x0000000082600000, 0x0000000082600000|100%| O|  |TAMS 0x0000000082600000, 0x0000000082500000| Untracked 
|  38|0x0000000082600000, 0x0000000082700000, 0x0000000082700000|100%| O|  |TAMS 0x0000000082700000, 0x0000000082600000| Complete 
|  39|0x0000000082700000, 0x0000000082800000, 0x0000000082800000|100%| O|  |TAMS 0x0000000082800000, 0x0000000082700000| Complete 
|  40|0x0000000082800000, 0x0000000082900000, 0x0000000082900000|100%| O|  |TAMS 0x0000000082900000, 0x0000000082800000| Complete 
|  41|0x0000000082900000, 0x0000000082a00000, 0x0000000082a00000|100%| O|  |TAMS 0x0000000082a00000, 0x0000000082900000| Complete 
|  42|0x0000000082a00000, 0x0000000082b00000, 0x0000000082b00000|100%| O|  |TAMS 0x0000000082b00000, 0x0000000082a00000| Complete 
|  43|0x0000000082b00000, 0x0000000082c00000, 0x0000000082c00000|100%| O|  |TAMS 0x0000000082c00000, 0x0000000082b00000| Untracked 
|  44|0x0000000082c00000, 0x0000000082d00000, 0x0000000082d00000|100%| O|  |TAMS 0x0000000082d00000, 0x0000000082c00000| Complete 
|  45|0x0000000082d00000, 0x0000000082e00000, 0x0000000082e00000|100%| O|  |TAMS 0x0000000082e00000, 0x0000000082d00000| Complete 
|  46|0x0000000082e00000, 0x0000000082f00000, 0x0000000082f00000|100%| O|  |TAMS 0x0000000082f00000, 0x0000000082e00000| Untracked 
|  47|0x0000000082f00000, 0x0000000083000000, 0x0000000083000000|100%| O|  |TAMS 0x0000000083000000, 0x0000000082f00000| Complete 
|  48|0x0000000083000000, 0x0000000083100000, 0x0000000083100000|100%| O|  |TAMS 0x0000000083100000, 0x0000000083000000| Complete 
|  49|0x0000000083100000, 0x0000000083200000, 0x0000000083200000|100%| O|  |TAMS 0x0000000083200000, 0x0000000083100000| Untracked 
|  50|0x0000000083200000, 0x0000000083300000, 0x0000000083300000|100%| O|  |TAMS 0x0000000083300000, 0x0000000083200000| Complete 
|  51|0x0000000083300000, 0x0000000083400000, 0x0000000083400000|100%| O|  |TAMS 0x0000000083400000, 0x0000000083300000| Complete 
|  52|0x0000000083400000, 0x0000000083500000, 0x0000000083500000|100%| O|  |TAMS 0x0000000083500000, 0x0000000083400000| Untracked 
|  53|0x0000000083500000, 0x0000000083600000, 0x0000000083600000|100%|HS|  |TAMS 0x0000000083500000, 0x0000000083500000| Complete 
|  54|0x0000000083600000, 0x0000000083700000, 0x0000000083700000|100%| O|  |TAMS 0x0000000083700000, 0x0000000083600000| Complete 
|  55|0x0000000083700000, 0x0000000083800000, 0x0000000083800000|100%| O|  |TAMS 0x0000000083800000, 0x0000000083700000| Complete 
|  56|0x0000000083800000, 0x0000000083900000, 0x0000000083900000|100%|HS|  |TAMS 0x0000000083800000, 0x0000000083800000| Complete 
|  57|0x0000000083900000, 0x0000000083a00000, 0x0000000083a00000|100%| O|  |TAMS 0x0000000083a00000, 0x0000000083900000| Complete 
|  58|0x0000000083a00000, 0x0000000083b00000, 0x0000000083b00000|100%| O|  |TAMS 0x0000000083b00000, 0x0000000083a00000| Complete 
|  59|0x0000000083b00000, 0x0000000083c00000, 0x0000000083c00000|100%| O|  |TAMS 0x0000000083c00000, 0x0000000083b00000| Untracked 
|  60|0x0000000083c00000, 0x0000000083d00000, 0x0000000083d00000|100%|HS|  |TAMS 0x0000000083d00000, 0x0000000083c00000| Complete 
|  61|0x0000000083d00000, 0x0000000083e00000, 0x0000000083e00000|100%|HC|  |TAMS 0x0000000083e00000, 0x0000000083d00000| Complete 
|  62|0x0000000083e00000, 0x0000000083f00000, 0x0000000083f00000|100%|HS|  |TAMS 0x0000000083e00000, 0x0000000083e00000| Complete 
|  63|0x0000000083f00000, 0x0000000084000000, 0x0000000084000000|100%| O|  |TAMS 0x0000000084000000, 0x0000000083f00000| Complete 
|  64|0x0000000084000000, 0x0000000084100000, 0x0000000084100000|100%|HS|  |TAMS 0x0000000084000000, 0x0000000084000000| Complete 
|  65|0x0000000084100000, 0x0000000084200000, 0x0000000084200000|100%|HS|  |TAMS 0x0000000084100000, 0x0000000084100000| Complete 
|  66|0x0000000084200000, 0x0000000084300000, 0x0000000084300000|100%|HS|  |TAMS 0x0000000084200000, 0x0000000084200000| Complete 
|  67|0x0000000084300000, 0x0000000084400000, 0x0000000084400000|100%| O|  |TAMS 0x0000000084400000, 0x0000000084300000| Complete 
|  68|0x0000000084400000, 0x0000000084500000, 0x0000000084500000|100%|HS|  |TAMS 0x0000000084400000, 0x0000000084400000| Complete 
|  69|0x0000000084500000, 0x0000000084600000, 0x0000000084600000|100%|HS|  |TAMS 0x0000000084500000, 0x0000000084500000| Complete 
|  70|0x0000000084600000, 0x0000000084700000, 0x0000000084700000|100%| O|  |TAMS 0x0000000084700000, 0x0000000084600000| Complete 
|  71|0x0000000084700000, 0x0000000084800000, 0x0000000084800000|100%| O|  |TAMS 0x0000000084800000, 0x0000000084700000| Complete 
|  72|0x0000000084800000, 0x0000000084900000, 0x0000000084900000|100%| O|  |TAMS 0x0000000084900000, 0x0000000084800000| Complete 
|  73|0x0000000084900000, 0x0000000084900000, 0x0000000084a00000|  0%| F|  |TAMS 0x0000000084900000, 0x0000000084900000| Untracked 
|  74|0x0000000084a00000, 0x0000000084a00000, 0x0000000084b00000|  0%| F|  |TAMS 0x0000000084a00000, 0x0000000084a00000| Untracked 
|  75|0x0000000084b00000, 0x0000000084c00000, 0x0000000084c00000|100%| O|  |TAMS 0x0000000084c00000, 0x0000000084b00000| Complete 
|  76|0x0000000084c00000, 0x0000000084d00000, 0x0000000084d00000|100%| O|  |TAMS 0x0000000084d00000, 0x0000000084c00000| Complete 
|  77|0x0000000084d00000, 0x0000000084e00000, 0x0000000084e00000|100%| O|  |TAMS 0x0000000084e00000, 0x0000000084d00000| Untracked 
|  78|0x0000000084e00000, 0x0000000084f00000, 0x0000000084f00000|100%| O|  |TAMS 0x0000000084f00000, 0x0000000084e00000| Complete 
|  79|0x0000000084f00000, 0x0000000085000000, 0x0000000085000000|100%| O|  |TAMS 0x0000000085000000, 0x0000000084f00000| Complete 
|  80|0x0000000085000000, 0x0000000085100000, 0x0000000085100000|100%| O|  |TAMS 0x0000000085100000, 0x0000000085000000| Complete 
|  81|0x0000000085100000, 0x0000000085200000, 0x0000000085200000|100%| O|  |TAMS 0x0000000085200000, 0x0000000085100000| Complete 
|  82|0x0000000085200000, 0x0000000085300000, 0x0000000085300000|100%| O|  |TAMS 0x0000000085300000, 0x0000000085200000| Untracked 
|  83|0x0000000085300000, 0x0000000085300000, 0x0000000085400000|  0%| F|  |TAMS 0x0000000085300000, 0x0000000085300000| Untracked 
|  84|0x0000000085400000, 0x0000000085400000, 0x0000000085500000|  0%| F|  |TAMS 0x0000000085400000, 0x0000000085400000| Untracked 
|  85|0x0000000085500000, 0x0000000085500000, 0x0000000085600000|  0%| F|  |TAMS 0x0000000085500000, 0x0000000085500000| Untracked 
|  86|0x0000000085600000, 0x0000000085600000, 0x0000000085700000|  0%| F|  |TAMS 0x0000000085600000, 0x0000000085600000| Untracked 
|  87|0x0000000085700000, 0x0000000085700000, 0x0000000085800000|  0%| F|  |TAMS 0x0000000085700000, 0x0000000085700000| Untracked 
|  88|0x0000000085800000, 0x0000000085800000, 0x0000000085900000|  0%| F|  |TAMS 0x0000000085800000, 0x0000000085800000| Untracked 
|  89|0x0000000085900000, 0x0000000085900000, 0x0000000085a00000|  0%| F|  |TAMS 0x0000000085900000, 0x0000000085900000| Untracked 
|  90|0x0000000085a00000, 0x0000000085a00000, 0x0000000085b00000|  0%| F|  |TAMS 0x0000000085a00000, 0x0000000085a00000| Untracked 
|  91|0x0000000085b00000, 0x0000000085c00000, 0x0000000085c00000|100%| O|  |TAMS 0x0000000085c00000, 0x0000000085b00000| Complete 
|  92|0x0000000085c00000, 0x0000000085d00000, 0x0000000085d00000|100%| O|  |TAMS 0x0000000085d00000, 0x0000000085c00000| Untracked 
|  93|0x0000000085d00000, 0x0000000085e00000, 0x0000000085e00000|100%| O|  |TAMS 0x0000000085e00000, 0x0000000085d00000| Complete 
|  94|0x0000000085e00000, 0x0000000085f00000, 0x0000000085f00000|100%| O|  |TAMS 0x0000000085f00000, 0x0000000085e00000| Complete 
|  95|0x0000000085f00000, 0x0000000086000000, 0x0000000086000000|100%| O|  |TAMS 0x0000000086000000, 0x0000000085f00000| Complete 
|  96|0x0000000086000000, 0x0000000086100000, 0x0000000086100000|100%| O|  |TAMS 0x0000000086100000, 0x0000000086000000| Complete 
|  97|0x0000000086100000, 0x0000000086200000, 0x0000000086200000|100%| O|  |TAMS 0x0000000086200000, 0x0000000086100000| Complete 
|  98|0x0000000086200000, 0x0000000086300000, 0x0000000086300000|100%| O|  |TAMS 0x0000000086300000, 0x0000000086200000| Complete 
|  99|0x0000000086300000, 0x0000000086300000, 0x0000000086400000|  0%| F|  |TAMS 0x0000000086300000, 0x0000000086300000| Untracked 
| 100|0x0000000086400000, 0x0000000086500000, 0x0000000086500000|100%| O|  |TAMS 0x0000000086500000, 0x0000000086400000| Untracked 
| 101|0x0000000086500000, 0x0000000086600000, 0x0000000086600000|100%| O|  |TAMS 0x0000000086600000, 0x0000000086500000| Complete 
| 102|0x0000000086600000, 0x0000000086600000, 0x0000000086700000|  0%| F|  |TAMS 0x0000000086600000, 0x0000000086600000| Untracked 
| 103|0x0000000086700000, 0x0000000086800000, 0x0000000086800000|100%| O|  |TAMS 0x0000000086800000, 0x0000000086700000| Untracked 
| 104|0x0000000086800000, 0x0000000086900000, 0x0000000086900000|100%| O|  |TAMS 0x0000000086900000, 0x0000000086800000| Complete 
| 105|0x0000000086900000, 0x0000000086900000, 0x0000000086a00000|  0%| F|  |TAMS 0x0000000086900000, 0x0000000086900000| Untracked 
| 106|0x0000000086a00000, 0x0000000086a00000, 0x0000000086b00000|  0%| F|  |TAMS 0x0000000086a00000, 0x0000000086a00000| Untracked 
| 107|0x0000000086b00000, 0x0000000086c00000, 0x0000000086c00000|100%| O|  |TAMS 0x0000000086c00000, 0x0000000086b00000| Untracked 
| 108|0x0000000086c00000, 0x0000000086d00000, 0x0000000086d00000|100%| O|  |TAMS 0x0000000086d00000, 0x0000000086c00000| Complete 
| 109|0x0000000086d00000, 0x0000000086e00000, 0x0000000086e00000|100%| O|  |TAMS 0x0000000086e00000, 0x0000000086d00000| Complete 
| 110|0x0000000086e00000, 0x0000000086e00000, 0x0000000086f00000|  0%| F|  |TAMS 0x0000000086e00000, 0x0000000086e00000| Untracked 
| 111|0x0000000086f00000, 0x0000000087000000, 0x0000000087000000|100%| O|  |TAMS 0x0000000087000000, 0x0000000086f00000| Untracked 
| 112|0x0000000087000000, 0x0000000087100000, 0x0000000087100000|100%| O|  |TAMS 0x0000000087100000, 0x0000000087000000| Complete 
| 113|0x0000000087100000, 0x0000000087200000, 0x0000000087200000|100%| O|  |TAMS 0x0000000087200000, 0x0000000087100000| Untracked 
| 114|0x0000000087200000, 0x0000000087200000, 0x0000000087300000|  0%| F|  |TAMS 0x0000000087200000, 0x0000000087200000| Untracked 
| 115|0x0000000087300000, 0x0000000087400000, 0x0000000087400000|100%| O|  |TAMS 0x0000000087400000, 0x0000000087300000| Untracked 
| 116|0x0000000087400000, 0x0000000087500000, 0x0000000087500000|100%| O|  |TAMS 0x0000000087500000, 0x0000000087400000| Complete 
| 117|0x0000000087500000, 0x0000000087600000, 0x0000000087600000|100%| O|  |TAMS 0x0000000087600000, 0x0000000087500000| Untracked 
| 118|0x0000000087600000, 0x0000000087700000, 0x0000000087700000|100%| O|  |TAMS 0x0000000087700000, 0x0000000087600000| Complete 
| 119|0x0000000087700000, 0x0000000087800000, 0x0000000087800000|100%| O|  |TAMS 0x0000000087800000, 0x0000000087700000| Untracked 
| 120|0x0000000087800000, 0x0000000087900000, 0x0000000087900000|100%| O|  |TAMS 0x0000000087900000, 0x0000000087800000| Untracked 
| 121|0x0000000087900000, 0x0000000087a00000, 0x0000000087a00000|100%| O|  |TAMS 0x0000000087a00000, 0x0000000087900000| Untracked 
| 122|0x0000000087a00000, 0x0000000087b00000, 0x0000000087b00000|100%| O|  |TAMS 0x0000000087b00000, 0x0000000087a00000| Complete 
| 123|0x0000000087b00000, 0x0000000087c00000, 0x0000000087c00000|100%| O|  |TAMS 0x0000000087c00000, 0x0000000087b00000| Untracked 
| 124|0x0000000087c00000, 0x0000000087d00000, 0x0000000087d00000|100%| O|  |TAMS 0x0000000087d00000, 0x0000000087c00000| Untracked 
| 125|0x0000000087d00000, 0x0000000087e00000, 0x0000000087e00000|100%| O|  |TAMS 0x0000000087e00000, 0x0000000087d00000| Untracked 
| 126|0x0000000087e00000, 0x0000000087f00000, 0x0000000087f00000|100%| O|  |TAMS 0x0000000087f00000, 0x0000000087e00000| Untracked 
| 127|0x0000000087f00000, 0x0000000088000000, 0x0000000088000000|100%| O|  |TAMS 0x0000000088000000, 0x0000000087f00000| Complete 
| 128|0x0000000088000000, 0x0000000088100000, 0x0000000088100000|100%| O|  |TAMS 0x0000000088100000, 0x0000000088000000| Complete 
| 129|0x0000000088100000, 0x0000000088200000, 0x0000000088200000|100%| O|  |TAMS 0x0000000088200000, 0x0000000088100000| Untracked 
| 130|0x0000000088200000, 0x0000000088300000, 0x0000000088300000|100%| O|  |TAMS 0x0000000088300000, 0x0000000088200000| Complete 
| 131|0x0000000088300000, 0x0000000088400000, 0x0000000088400000|100%| O|  |TAMS 0x0000000088400000, 0x0000000088300000| Complete 
| 132|0x0000000088400000, 0x0000000088500000, 0x0000000088500000|100%| O|  |TAMS 0x0000000088500000, 0x0000000088400000| Untracked 
| 133|0x0000000088500000, 0x0000000088600000, 0x0000000088600000|100%| O|  |TAMS 0x0000000088600000, 0x0000000088500000| Complete 
| 134|0x0000000088600000, 0x0000000088700000, 0x0000000088700000|100%| O|  |TAMS 0x0000000088700000, 0x0000000088600000| Untracked 
| 135|0x0000000088700000, 0x0000000088700000, 0x0000000088800000|  0%| F|  |TAMS 0x0000000088700000, 0x0000000088700000| Untracked 
| 136|0x0000000088800000, 0x0000000088900000, 0x0000000088900000|100%| O|  |TAMS 0x0000000088900000, 0x0000000088800000| Complete 
| 137|0x0000000088900000, 0x0000000088a00000, 0x0000000088a00000|100%| O|  |TAMS 0x0000000088a00000, 0x0000000088900000| Untracked 
| 138|0x0000000088a00000, 0x0000000088b00000, 0x0000000088b00000|100%| O|  |TAMS 0x0000000088b00000, 0x0000000088a00000| Complete 
| 139|0x0000000088b00000, 0x0000000088c00000, 0x0000000088c00000|100%| O|  |TAMS 0x0000000088c00000, 0x0000000088b00000| Untracked 
| 140|0x0000000088c00000, 0x0000000088d00000, 0x0000000088d00000|100%| O|  |TAMS 0x0000000088d00000, 0x0000000088c00000| Complete 
| 141|0x0000000088d00000, 0x0000000088e00000, 0x0000000088e00000|100%| O|  |TAMS 0x0000000088e00000, 0x0000000088d00000| Complete 
| 142|0x0000000088e00000, 0x0000000088f00000, 0x0000000088f00000|100%| O|  |TAMS 0x0000000088f00000, 0x0000000088e00000| Complete 
| 143|0x0000000088f00000, 0x0000000089000000, 0x0000000089000000|100%| O|  |TAMS 0x0000000089000000, 0x0000000088f00000| Untracked 
| 144|0x0000000089000000, 0x0000000089100000, 0x0000000089100000|100%| O|  |TAMS 0x0000000089100000, 0x0000000089000000| Untracked 
| 145|0x0000000089100000, 0x0000000089200000, 0x0000000089200000|100%| O|  |TAMS 0x0000000089200000, 0x0000000089100000| Untracked 
| 146|0x0000000089200000, 0x0000000089300000, 0x0000000089300000|100%| O|  |TAMS 0x0000000089300000, 0x0000000089200000| Untracked 
| 147|0x0000000089300000, 0x0000000089400000, 0x0000000089400000|100%| O|  |TAMS 0x0000000089400000, 0x0000000089300000| Complete 
| 148|0x0000000089400000, 0x0000000089500000, 0x0000000089500000|100%| O|  |TAMS 0x0000000089500000, 0x0000000089400000| Complete 
| 149|0x0000000089500000, 0x0000000089600000, 0x0000000089600000|100%| O|  |TAMS 0x0000000089600000, 0x0000000089500000| Complete 
| 150|0x0000000089600000, 0x0000000089700000, 0x0000000089700000|100%| O|  |TAMS 0x0000000089700000, 0x0000000089600000| Untracked 
| 151|0x0000000089700000, 0x0000000089800000, 0x0000000089800000|100%| O|  |TAMS 0x0000000089800000, 0x0000000089700000| Untracked 
| 152|0x0000000089800000, 0x00000000898eec00, 0x0000000089900000| 93%| O|  |TAMS 0x00000000898eec00, 0x0000000089800000| Untracked 
| 153|0x0000000089900000, 0x0000000089900000, 0x0000000089a00000|  0%| F|  |TAMS 0x0000000089900000, 0x0000000089900000| Untracked 
| 154|0x0000000089a00000, 0x0000000089a00000, 0x0000000089b00000|  0%| F|  |TAMS 0x0000000089a00000, 0x0000000089a00000| Untracked 
| 155|0x0000000089b00000, 0x0000000089c00000, 0x0000000089c00000|100%| O|  |TAMS 0x0000000089c00000, 0x0000000089b00000| Untracked 
| 156|0x0000000089c00000, 0x0000000089c00000, 0x0000000089d00000|  0%| F|  |TAMS 0x0000000089c00000, 0x0000000089c00000| Untracked 
| 157|0x0000000089d00000, 0x0000000089d00000, 0x0000000089e00000|  0%| F|  |TAMS 0x0000000089d00000, 0x0000000089d00000| Untracked 
| 158|0x0000000089e00000, 0x0000000089e00000, 0x0000000089f00000|  0%| F|  |TAMS 0x0000000089e00000, 0x0000000089e00000| Untracked 
| 159|0x0000000089f00000, 0x0000000089f00000, 0x000000008a000000|  0%| F|  |TAMS 0x0000000089f00000, 0x0000000089f00000| Untracked 
| 160|0x000000008a000000, 0x000000008a000000, 0x000000008a100000|  0%| F|  |TAMS 0x000000008a000000, 0x000000008a000000| Untracked 
| 161|0x000000008a100000, 0x000000008a100000, 0x000000008a200000|  0%| F|  |TAMS 0x000000008a100000, 0x000000008a100000| Untracked 
| 162|0x000000008a200000, 0x000000008a200000, 0x000000008a300000|  0%| F|  |TAMS 0x000000008a200000, 0x000000008a200000| Untracked 
| 163|0x000000008a300000, 0x000000008a300000, 0x000000008a400000|  0%| F|  |TAMS 0x000000008a300000, 0x000000008a300000| Untracked 
| 164|0x000000008a400000, 0x000000008a400000, 0x000000008a500000|  0%| F|  |TAMS 0x000000008a400000, 0x000000008a400000| Untracked 
| 165|0x000000008a500000, 0x000000008a500000, 0x000000008a600000|  0%| F|  |TAMS 0x000000008a500000, 0x000000008a500000| Untracked 
| 166|0x000000008a600000, 0x000000008a600000, 0x000000008a700000|  0%| F|  |TAMS 0x000000008a600000, 0x000000008a600000| Untracked 
| 167|0x000000008a700000, 0x000000008a700000, 0x000000008a800000|  0%| F|  |TAMS 0x000000008a700000, 0x000000008a700000| Untracked 
| 168|0x000000008a800000, 0x000000008a800000, 0x000000008a900000|  0%| F|  |TAMS 0x000000008a800000, 0x000000008a800000| Untracked 
| 169|0x000000008a900000, 0x000000008a900000, 0x000000008aa00000|  0%| F|  |TAMS 0x000000008a900000, 0x000000008a900000| Untracked 
| 170|0x000000008aa00000, 0x000000008ab00000, 0x000000008ab00000|100%| O|  |TAMS 0x000000008ab00000, 0x000000008aa00000| Complete 
| 171|0x000000008ab00000, 0x000000008ac00000, 0x000000008ac00000|100%| O|  |TAMS 0x000000008ac00000, 0x000000008ab00000| Complete 
| 172|0x000000008ac00000, 0x000000008ad00000, 0x000000008ad00000|100%| O|  |TAMS 0x000000008ad00000, 0x000000008ac00000| Untracked 
| 173|0x000000008ad00000, 0x000000008ad00000, 0x000000008ae00000|  0%| F|  |TAMS 0x000000008ad00000, 0x000000008ad00000| Untracked 
| 174|0x000000008ae00000, 0x000000008ae00000, 0x000000008af00000|  0%| F|  |TAMS 0x000000008ae00000, 0x000000008ae00000| Untracked 
| 175|0x000000008af00000, 0x000000008af00000, 0x000000008b000000|  0%| F|  |TAMS 0x000000008af00000, 0x000000008af00000| Untracked 
| 176|0x000000008b000000, 0x000000008b000000, 0x000000008b100000|  0%| F|  |TAMS 0x000000008b000000, 0x000000008b000000| Untracked 
| 177|0x000000008b100000, 0x000000008b100000, 0x000000008b200000|  0%| F|  |TAMS 0x000000008b100000, 0x000000008b100000| Untracked 
| 178|0x000000008b200000, 0x000000008b200000, 0x000000008b300000|  0%| F|  |TAMS 0x000000008b200000, 0x000000008b200000| Untracked 
| 179|0x000000008b300000, 0x000000008b400000, 0x000000008b400000|100%| O|  |TAMS 0x000000008b400000, 0x000000008b300000| Untracked 
| 180|0x000000008b400000, 0x000000008b500000, 0x000000008b500000|100%| O|  |TAMS 0x000000008b500000, 0x000000008b400000| Untracked 
| 181|0x000000008b500000, 0x000000008b600000, 0x000000008b600000|100%| O|  |TAMS 0x000000008b600000, 0x000000008b500000| Untracked 
| 182|0x000000008b600000, 0x000000008b700000, 0x000000008b700000|100%| O|  |TAMS 0x000000008b700000, 0x000000008b600000| Complete 
| 183|0x000000008b700000, 0x000000008b700000, 0x000000008b800000|  0%| F|  |TAMS 0x000000008b700000, 0x000000008b700000| Untracked 
| 184|0x000000008b800000, 0x000000008b800000, 0x000000008b900000|  0%| F|  |TAMS 0x000000008b800000, 0x000000008b800000| Untracked 
| 185|0x000000008b900000, 0x000000008b900000, 0x000000008ba00000|  0%| F|  |TAMS 0x000000008b900000, 0x000000008b900000| Untracked 
| 186|0x000000008ba00000, 0x000000008ba00000, 0x000000008bb00000|  0%| F|  |TAMS 0x000000008ba00000, 0x000000008ba00000| Untracked 
| 187|0x000000008bb00000, 0x000000008bb00000, 0x000000008bc00000|  0%| F|  |TAMS 0x000000008bb00000, 0x000000008bb00000| Untracked 
| 188|0x000000008bc00000, 0x000000008bc00000, 0x000000008bd00000|  0%| F|  |TAMS 0x000000008bc00000, 0x000000008bc00000| Untracked 
| 189|0x000000008bd00000, 0x000000008bd00000, 0x000000008be00000|  0%| F|  |TAMS 0x000000008bd00000, 0x000000008bd00000| Untracked 
| 190|0x000000008be00000, 0x000000008be00000, 0x000000008bf00000|  0%| F|  |TAMS 0x000000008be00000, 0x000000008be00000| Untracked 
| 191|0x000000008bf00000, 0x000000008bf00000, 0x000000008c000000|  0%| F|  |TAMS 0x000000008bf00000, 0x000000008bf00000| Untracked 
| 192|0x000000008c000000, 0x000000008c000000, 0x000000008c100000|  0%| F|  |TAMS 0x000000008c000000, 0x000000008c000000| Untracked 
| 193|0x000000008c100000, 0x000000008c100000, 0x000000008c200000|  0%| F|  |TAMS 0x000000008c100000, 0x000000008c100000| Untracked 
| 194|0x000000008c200000, 0x000000008c200000, 0x000000008c300000|  0%| F|  |TAMS 0x000000008c200000, 0x000000008c200000| Untracked 
| 195|0x000000008c300000, 0x000000008c300000, 0x000000008c400000|  0%| F|  |TAMS 0x000000008c300000, 0x000000008c300000| Untracked 
| 196|0x000000008c400000, 0x000000008c400000, 0x000000008c500000|  0%| F|  |TAMS 0x000000008c400000, 0x000000008c400000| Untracked 
| 197|0x000000008c500000, 0x000000008c500000, 0x000000008c600000|  0%| F|  |TAMS 0x000000008c500000, 0x000000008c500000| Untracked 
| 198|0x000000008c600000, 0x000000008c600000, 0x000000008c700000|  0%| F|  |TAMS 0x000000008c600000, 0x000000008c600000| Untracked 
| 199|0x000000008c700000, 0x000000008c700000, 0x000000008c800000|  0%| F|  |TAMS 0x000000008c700000, 0x000000008c700000| Untracked 
| 200|0x000000008c800000, 0x000000008c800000, 0x000000008c900000|  0%| F|  |TAMS 0x000000008c800000, 0x000000008c800000| Untracked 
| 201|0x000000008c900000, 0x000000008c900000, 0x000000008ca00000|  0%| F|  |TAMS 0x000000008c900000, 0x000000008c900000| Untracked 
| 202|0x000000008ca00000, 0x000000008ca00000, 0x000000008cb00000|  0%| F|  |TAMS 0x000000008ca00000, 0x000000008ca00000| Untracked 
| 203|0x000000008cb00000, 0x000000008cb00000, 0x000000008cc00000|  0%| F|  |TAMS 0x000000008cb00000, 0x000000008cb00000| Untracked 
| 204|0x000000008cc00000, 0x000000008cc00000, 0x000000008cd00000|  0%| F|  |TAMS 0x000000008cc00000, 0x000000008cc00000| Untracked 
| 205|0x000000008cd00000, 0x000000008cd00000, 0x000000008ce00000|  0%| F|  |TAMS 0x000000008cd00000, 0x000000008cd00000| Untracked 
| 206|0x000000008ce00000, 0x000000008ce00000, 0x000000008cf00000|  0%| F|  |TAMS 0x000000008ce00000, 0x000000008ce00000| Untracked 
| 207|0x000000008cf00000, 0x000000008cf00000, 0x000000008d000000|  0%| F|  |TAMS 0x000000008cf00000, 0x000000008cf00000| Untracked 
| 208|0x000000008d000000, 0x000000008d000000, 0x000000008d100000|  0%| F|  |TAMS 0x000000008d000000, 0x000000008d000000| Untracked 
| 209|0x000000008d100000, 0x000000008d100000, 0x000000008d200000|  0%| F|  |TAMS 0x000000008d100000, 0x000000008d100000| Untracked 
| 210|0x000000008d200000, 0x000000008d200000, 0x000000008d300000|  0%| F|  |TAMS 0x000000008d200000, 0x000000008d200000| Untracked 
| 211|0x000000008d300000, 0x000000008d300000, 0x000000008d400000|  0%| F|  |TAMS 0x000000008d300000, 0x000000008d300000| Untracked 
| 212|0x000000008d400000, 0x000000008d400000, 0x000000008d500000|  0%| F|  |TAMS 0x000000008d400000, 0x000000008d400000| Untracked 
| 213|0x000000008d500000, 0x000000008d500000, 0x000000008d600000|  0%| F|  |TAMS 0x000000008d500000, 0x000000008d500000| Untracked 
| 214|0x000000008d600000, 0x000000008d600000, 0x000000008d700000|  0%| F|  |TAMS 0x000000008d600000, 0x000000008d600000| Untracked 
| 215|0x000000008d700000, 0x000000008d700000, 0x000000008d800000|  0%| F|  |TAMS 0x000000008d700000, 0x000000008d700000| Untracked 
| 216|0x000000008d800000, 0x000000008d800000, 0x000000008d900000|  0%| F|  |TAMS 0x000000008d800000, 0x000000008d800000| Untracked 
| 217|0x000000008d900000, 0x000000008d900000, 0x000000008da00000|  0%| F|  |TAMS 0x000000008d900000, 0x000000008d900000| Untracked 
| 218|0x000000008da00000, 0x000000008da00000, 0x000000008db00000|  0%| F|  |TAMS 0x000000008da00000, 0x000000008da00000| Untracked 
| 219|0x000000008db00000, 0x000000008db00000, 0x000000008dc00000|  0%| F|  |TAMS 0x000000008db00000, 0x000000008db00000| Untracked 
| 220|0x000000008dc00000, 0x000000008dc00000, 0x000000008dd00000|  0%| F|  |TAMS 0x000000008dc00000, 0x000000008dc00000| Untracked 
| 221|0x000000008dd00000, 0x000000008dd00000, 0x000000008de00000|  0%| F|  |TAMS 0x000000008dd00000, 0x000000008dd00000| Untracked 
| 222|0x000000008de00000, 0x000000008de00000, 0x000000008df00000|  0%| F|  |TAMS 0x000000008de00000, 0x000000008de00000| Untracked 
| 223|0x000000008df00000, 0x000000008df00000, 0x000000008e000000|  0%| F|  |TAMS 0x000000008df00000, 0x000000008df00000| Untracked 
| 224|0x000000008e000000, 0x000000008e000000, 0x000000008e100000|  0%| F|  |TAMS 0x000000008e000000, 0x000000008e000000| Untracked 
| 225|0x000000008e100000, 0x000000008e100000, 0x000000008e200000|  0%| F|  |TAMS 0x000000008e100000, 0x000000008e100000| Untracked 
| 226|0x000000008e200000, 0x000000008e200000, 0x000000008e300000|  0%| F|  |TAMS 0x000000008e200000, 0x000000008e200000| Untracked 
| 227|0x000000008e300000, 0x000000008e300000, 0x000000008e400000|  0%| F|  |TAMS 0x000000008e300000, 0x000000008e300000| Untracked 
| 228|0x000000008e400000, 0x000000008e400000, 0x000000008e500000|  0%| F|  |TAMS 0x000000008e400000, 0x000000008e400000| Untracked 
| 229|0x000000008e500000, 0x000000008e500000, 0x000000008e600000|  0%| F|  |TAMS 0x000000008e500000, 0x000000008e500000| Untracked 
| 230|0x000000008e600000, 0x000000008e600000, 0x000000008e700000|  0%| F|  |TAMS 0x000000008e600000, 0x000000008e600000| Untracked 
| 231|0x000000008e700000, 0x000000008e700000, 0x000000008e800000|  0%| F|  |TAMS 0x000000008e700000, 0x000000008e700000| Untracked 
| 232|0x000000008e800000, 0x000000008e800000, 0x000000008e900000|  0%| F|  |TAMS 0x000000008e800000, 0x000000008e800000| Untracked 
| 233|0x000000008e900000, 0x000000008e900000, 0x000000008ea00000|  0%| F|  |TAMS 0x000000008e900000, 0x000000008e900000| Untracked 
| 234|0x000000008ea00000, 0x000000008ea00000, 0x000000008eb00000|  0%| F|  |TAMS 0x000000008ea00000, 0x000000008ea00000| Untracked 
| 235|0x000000008eb00000, 0x000000008eb00000, 0x000000008ec00000|  0%| F|  |TAMS 0x000000008eb00000, 0x000000008eb00000| Untracked 
| 236|0x000000008ec00000, 0x000000008ec00000, 0x000000008ed00000|  0%| F|  |TAMS 0x000000008ec00000, 0x000000008ec00000| Untracked 
| 237|0x000000008ed00000, 0x000000008ed00000, 0x000000008ee00000|  0%| F|  |TAMS 0x000000008ed00000, 0x000000008ed00000| Untracked 
| 238|0x000000008ee00000, 0x000000008ee00000, 0x000000008ef00000|  0%| F|  |TAMS 0x000000008ee00000, 0x000000008ee00000| Untracked 
| 239|0x000000008ef00000, 0x000000008ef00000, 0x000000008f000000|  0%| F|  |TAMS 0x000000008ef00000, 0x000000008ef00000| Untracked 
| 240|0x000000008f000000, 0x000000008f000000, 0x000000008f100000|  0%| F|  |TAMS 0x000000008f000000, 0x000000008f000000| Untracked 
| 241|0x000000008f100000, 0x000000008f100000, 0x000000008f200000|  0%| F|  |TAMS 0x000000008f100000, 0x000000008f100000| Untracked 
| 242|0x000000008f200000, 0x000000008f200000, 0x000000008f300000|  0%| F|  |TAMS 0x000000008f200000, 0x000000008f200000| Untracked 
| 243|0x000000008f300000, 0x000000008f300000, 0x000000008f400000|  0%| F|  |TAMS 0x000000008f300000, 0x000000008f300000| Untracked 
| 244|0x000000008f400000, 0x000000008f400000, 0x000000008f500000|  0%| F|  |TAMS 0x000000008f400000, 0x000000008f400000| Untracked 
| 245|0x000000008f500000, 0x000000008f500000, 0x000000008f600000|  0%| F|  |TAMS 0x000000008f500000, 0x000000008f500000| Untracked 
| 246|0x000000008f600000, 0x000000008f600000, 0x000000008f700000|  0%| F|  |TAMS 0x000000008f600000, 0x000000008f600000| Untracked 
| 247|0x000000008f700000, 0x000000008f700000, 0x000000008f800000|  0%| F|  |TAMS 0x000000008f700000, 0x000000008f700000| Untracked 
| 248|0x000000008f800000, 0x000000008f800000, 0x000000008f900000|  0%| F|  |TAMS 0x000000008f800000, 0x000000008f800000| Untracked 
| 249|0x000000008f900000, 0x000000008f900000, 0x000000008fa00000|  0%| F|  |TAMS 0x000000008f900000, 0x000000008f900000| Untracked 
| 250|0x000000008fa00000, 0x000000008fa00000, 0x000000008fb00000|  0%| F|  |TAMS 0x000000008fa00000, 0x000000008fa00000| Untracked 
| 251|0x000000008fb00000, 0x000000008fb00000, 0x000000008fc00000|  0%| F|  |TAMS 0x000000008fb00000, 0x000000008fb00000| Untracked 
| 252|0x000000008fc00000, 0x000000008fc00000, 0x000000008fd00000|  0%| F|  |TAMS 0x000000008fc00000, 0x000000008fc00000| Untracked 
| 253|0x000000008fd00000, 0x000000008fd00000, 0x000000008fe00000|  0%| F|  |TAMS 0x000000008fd00000, 0x000000008fd00000| Untracked 
| 254|0x000000008fe00000, 0x000000008fe00000, 0x000000008ff00000|  0%| F|  |TAMS 0x000000008fe00000, 0x000000008fe00000| Untracked 
| 255|0x000000008ff00000, 0x000000008ff00000, 0x0000000090000000|  0%| F|  |TAMS 0x000000008ff00000, 0x000000008ff00000| Untracked 
| 256|0x0000000090000000, 0x0000000090000000, 0x0000000090100000|  0%| F|  |TAMS 0x0000000090000000, 0x0000000090000000| Untracked 
| 257|0x0000000090100000, 0x0000000090100000, 0x0000000090200000|  0%| F|  |TAMS 0x0000000090100000, 0x0000000090100000| Untracked 
| 258|0x0000000090200000, 0x0000000090200000, 0x0000000090300000|  0%| F|  |TAMS 0x0000000090200000, 0x0000000090200000| Untracked 
| 259|0x0000000090300000, 0x0000000090300000, 0x0000000090400000|  0%| F|  |TAMS 0x0000000090300000, 0x0000000090300000| Untracked 
| 260|0x0000000090400000, 0x0000000090400000, 0x0000000090500000|  0%| F|  |TAMS 0x0000000090400000, 0x0000000090400000| Untracked 
| 261|0x0000000090500000, 0x0000000090500000, 0x0000000090600000|  0%| F|  |TAMS 0x0000000090500000, 0x0000000090500000| Untracked 
| 262|0x0000000090600000, 0x0000000090600000, 0x0000000090700000|  0%| F|  |TAMS 0x0000000090600000, 0x0000000090600000| Untracked 
| 263|0x0000000090700000, 0x0000000090700000, 0x0000000090800000|  0%| F|  |TAMS 0x0000000090700000, 0x0000000090700000| Untracked 
| 264|0x0000000090800000, 0x0000000090800000, 0x0000000090900000|  0%| F|  |TAMS 0x0000000090800000, 0x0000000090800000| Untracked 
| 265|0x0000000090900000, 0x0000000090900000, 0x0000000090a00000|  0%| F|  |TAMS 0x0000000090900000, 0x0000000090900000| Untracked 
| 266|0x0000000090a00000, 0x0000000090a00000, 0x0000000090b00000|  0%| F|  |TAMS 0x0000000090a00000, 0x0000000090a00000| Untracked 
| 267|0x0000000090b00000, 0x0000000090b00000, 0x0000000090c00000|  0%| F|  |TAMS 0x0000000090b00000, 0x0000000090b00000| Untracked 
| 268|0x0000000090c00000, 0x0000000090c00000, 0x0000000090d00000|  0%| F|  |TAMS 0x0000000090c00000, 0x0000000090c00000| Untracked 
| 269|0x0000000090d00000, 0x0000000090d00000, 0x0000000090e00000|  0%| F|  |TAMS 0x0000000090d00000, 0x0000000090d00000| Untracked 
| 270|0x0000000090e00000, 0x0000000090e00000, 0x0000000090f00000|  0%| F|  |TAMS 0x0000000090e00000, 0x0000000090e00000| Untracked 
| 271|0x0000000090f00000, 0x0000000090f00000, 0x0000000091000000|  0%| F|  |TAMS 0x0000000090f00000, 0x0000000090f00000| Untracked 
| 272|0x0000000091000000, 0x0000000091000000, 0x0000000091100000|  0%| F|  |TAMS 0x0000000091000000, 0x0000000091000000| Untracked 
| 273|0x0000000091100000, 0x0000000091100000, 0x0000000091200000|  0%| F|  |TAMS 0x0000000091100000, 0x0000000091100000| Untracked 
| 274|0x0000000091200000, 0x0000000091200000, 0x0000000091300000|  0%| F|  |TAMS 0x0000000091200000, 0x0000000091200000| Untracked 
| 275|0x0000000091300000, 0x0000000091300000, 0x0000000091400000|  0%| F|  |TAMS 0x0000000091300000, 0x0000000091300000| Untracked 
| 276|0x0000000091400000, 0x0000000091400000, 0x0000000091500000|  0%| F|  |TAMS 0x0000000091400000, 0x0000000091400000| Untracked 
| 277|0x0000000091500000, 0x0000000091500000, 0x0000000091600000|  0%| F|  |TAMS 0x0000000091500000, 0x0000000091500000| Untracked 
| 278|0x0000000091600000, 0x0000000091600000, 0x0000000091700000|  0%| F|  |TAMS 0x0000000091600000, 0x0000000091600000| Untracked 
| 279|0x0000000091700000, 0x0000000091700000, 0x0000000091800000|  0%| F|  |TAMS 0x0000000091700000, 0x0000000091700000| Untracked 
| 280|0x0000000091800000, 0x0000000091800000, 0x0000000091900000|  0%| F|  |TAMS 0x0000000091800000, 0x0000000091800000| Untracked 
| 281|0x0000000091900000, 0x0000000091900000, 0x0000000091a00000|  0%| F|  |TAMS 0x0000000091900000, 0x0000000091900000| Untracked 
| 282|0x0000000091a00000, 0x0000000091a00000, 0x0000000091b00000|  0%| F|  |TAMS 0x0000000091a00000, 0x0000000091a00000| Untracked 
| 283|0x0000000091b00000, 0x0000000091b00000, 0x0000000091c00000|  0%| F|  |TAMS 0x0000000091b00000, 0x0000000091b00000| Untracked 
| 284|0x0000000091c00000, 0x0000000091c00000, 0x0000000091d00000|  0%| F|  |TAMS 0x0000000091c00000, 0x0000000091c00000| Untracked 
| 285|0x0000000091d00000, 0x0000000091d00000, 0x0000000091e00000|  0%| F|  |TAMS 0x0000000091d00000, 0x0000000091d00000| Untracked 
| 286|0x0000000091e00000, 0x0000000091e00000, 0x0000000091f00000|  0%| F|  |TAMS 0x0000000091e00000, 0x0000000091e00000| Untracked 
| 287|0x0000000091f00000, 0x0000000091f00000, 0x0000000092000000|  0%| F|  |TAMS 0x0000000091f00000, 0x0000000091f00000| Untracked 
| 288|0x0000000092000000, 0x0000000092000000, 0x0000000092100000|  0%| F|  |TAMS 0x0000000092000000, 0x0000000092000000| Untracked 
| 289|0x0000000092100000, 0x0000000092100000, 0x0000000092200000|  0%| F|  |TAMS 0x0000000092100000, 0x0000000092100000| Untracked 
| 290|0x0000000092200000, 0x0000000092200000, 0x0000000092300000|  0%| F|  |TAMS 0x0000000092200000, 0x0000000092200000| Untracked 
| 291|0x0000000092300000, 0x0000000092400000, 0x0000000092400000|100%| E|  |TAMS 0x0000000092300000, 0x0000000092300000| Complete 
| 292|0x0000000092400000, 0x0000000092500000, 0x0000000092500000|100%| E|CS|TAMS 0x0000000092400000, 0x0000000092400000| Complete 
| 293|0x0000000092500000, 0x0000000092600000, 0x0000000092600000|100%| E|CS|TAMS 0x0000000092500000, 0x0000000092500000| Complete 
| 294|0x0000000092600000, 0x0000000092700000, 0x0000000092700000|100%| E|CS|TAMS 0x0000000092600000, 0x0000000092600000| Complete 
| 295|0x0000000092700000, 0x0000000092800000, 0x0000000092800000|100%| E|CS|TAMS 0x0000000092700000, 0x0000000092700000| Complete 
| 296|0x0000000092800000, 0x0000000092900000, 0x0000000092900000|100%| E|CS|TAMS 0x0000000092800000, 0x0000000092800000| Complete 
| 297|0x0000000092900000, 0x0000000092a00000, 0x0000000092a00000|100%| E|CS|TAMS 0x0000000092900000, 0x0000000092900000| Complete 
| 298|0x0000000092a00000, 0x0000000092b00000, 0x0000000092b00000|100%| E|CS|TAMS 0x0000000092a00000, 0x0000000092a00000| Complete 
| 299|0x0000000092b00000, 0x0000000092c00000, 0x0000000092c00000|100%| E|CS|TAMS 0x0000000092b00000, 0x0000000092b00000| Complete 
| 300|0x0000000092c00000, 0x0000000092d00000, 0x0000000092d00000|100%| E|CS|TAMS 0x0000000092c00000, 0x0000000092c00000| Complete 
| 301|0x0000000092d00000, 0x0000000092e00000, 0x0000000092e00000|100%| E|CS|TAMS 0x0000000092d00000, 0x0000000092d00000| Complete 
| 302|0x0000000092e00000, 0x0000000092f00000, 0x0000000092f00000|100%| E|CS|TAMS 0x0000000092e00000, 0x0000000092e00000| Complete 
| 303|0x0000000092f00000, 0x0000000093000000, 0x0000000093000000|100%| E|CS|TAMS 0x0000000092f00000, 0x0000000092f00000| Complete 
| 304|0x0000000093000000, 0x0000000093100000, 0x0000000093100000|100%| E|CS|TAMS 0x0000000093000000, 0x0000000093000000| Complete 
| 305|0x0000000093100000, 0x0000000093200000, 0x0000000093200000|100%| E|CS|TAMS 0x0000000093100000, 0x0000000093100000| Complete 
| 306|0x0000000093200000, 0x0000000093300000, 0x0000000093300000|100%| E|CS|TAMS 0x0000000093200000, 0x0000000093200000| Complete 
| 307|0x0000000093300000, 0x0000000093400000, 0x0000000093400000|100%| E|CS|TAMS 0x0000000093300000, 0x0000000093300000| Complete 
| 308|0x0000000093400000, 0x0000000093500000, 0x0000000093500000|100%| E|CS|TAMS 0x0000000093400000, 0x0000000093400000| Complete 
| 309|0x0000000093500000, 0x0000000093600000, 0x0000000093600000|100%| E|CS|TAMS 0x0000000093500000, 0x0000000093500000| Complete 
| 310|0x0000000093600000, 0x0000000093700000, 0x0000000093700000|100%| E|CS|TAMS 0x0000000093600000, 0x0000000093600000| Complete 
| 311|0x0000000093700000, 0x0000000093800000, 0x0000000093800000|100%| E|CS|TAMS 0x0000000093700000, 0x0000000093700000| Complete 
| 312|0x0000000093800000, 0x0000000093900000, 0x0000000093900000|100%| E|CS|TAMS 0x0000000093800000, 0x0000000093800000| Complete 
| 313|0x0000000093900000, 0x0000000093a00000, 0x0000000093a00000|100%| E|CS|TAMS 0x0000000093900000, 0x0000000093900000| Complete 
| 314|0x0000000093a00000, 0x0000000093b00000, 0x0000000093b00000|100%| E|CS|TAMS 0x0000000093a00000, 0x0000000093a00000| Complete 
| 315|0x0000000093b00000, 0x0000000093c00000, 0x0000000093c00000|100%| E|CS|TAMS 0x0000000093b00000, 0x0000000093b00000| Complete 
| 316|0x0000000093c00000, 0x0000000093d00000, 0x0000000093d00000|100%| E|CS|TAMS 0x0000000093c00000, 0x0000000093c00000| Complete 
| 317|0x0000000093d00000, 0x0000000093df0670, 0x0000000093e00000| 93%| S|CS|TAMS 0x0000000093d00000, 0x0000000093d00000| Complete 
| 318|0x0000000093e00000, 0x0000000093f00000, 0x0000000093f00000|100%| E|CS|TAMS 0x0000000093e00000, 0x0000000093e00000| Complete 
| 319|0x0000000093f00000, 0x0000000094000000, 0x0000000094000000|100%| E|CS|TAMS 0x0000000093f00000, 0x0000000093f00000| Complete 
| 320|0x0000000094000000, 0x0000000094100000, 0x0000000094100000|100%| E|CS|TAMS 0x0000000094000000, 0x0000000094000000| Complete 
| 321|0x0000000094100000, 0x0000000094200000, 0x0000000094200000|100%| E|CS|TAMS 0x0000000094100000, 0x0000000094100000| Complete 
| 322|0x0000000094200000, 0x0000000094300000, 0x0000000094300000|100%| E|  |TAMS 0x0000000094200000, 0x0000000094200000| Complete 
| 323|0x0000000094300000, 0x0000000094400000, 0x0000000094400000|100%| E|CS|TAMS 0x0000000094300000, 0x0000000094300000| Complete 
| 324|0x0000000094400000, 0x0000000094500000, 0x0000000094500000|100%| E|CS|TAMS 0x0000000094400000, 0x0000000094400000| Complete 
| 325|0x0000000094500000, 0x0000000094600000, 0x0000000094600000|100%| E|CS|TAMS 0x0000000094500000, 0x0000000094500000| Complete 
| 326|0x0000000094600000, 0x0000000094700000, 0x0000000094700000|100%| E|CS|TAMS 0x0000000094600000, 0x0000000094600000| Complete 
| 327|0x0000000094700000, 0x0000000094800000, 0x0000000094800000|100%| E|CS|TAMS 0x0000000094700000, 0x0000000094700000| Complete 
| 328|0x0000000094800000, 0x0000000094900000, 0x0000000094900000|100%| E|CS|TAMS 0x0000000094800000, 0x0000000094800000| Complete 
| 329|0x0000000094900000, 0x0000000094a00000, 0x0000000094a00000|100%| E|CS|TAMS 0x0000000094900000, 0x0000000094900000| Complete 
| 330|0x0000000094a00000, 0x0000000094b00000, 0x0000000094b00000|100%| E|CS|TAMS 0x0000000094a00000, 0x0000000094a00000| Complete 
| 331|0x0000000094b00000, 0x0000000094c00000, 0x0000000094c00000|100%| E|CS|TAMS 0x0000000094b00000, 0x0000000094b00000| Complete 
| 332|0x0000000094c00000, 0x0000000094d00000, 0x0000000094d00000|100%| E|CS|TAMS 0x0000000094c00000, 0x0000000094c00000| Complete 
| 333|0x0000000094d00000, 0x0000000094e00000, 0x0000000094e00000|100%| E|CS|TAMS 0x0000000094d00000, 0x0000000094d00000| Complete 

Card table byte_map: [0x000001d6266a0000,0x000001d626aa0000] _byte_map_base: 0x000001d6262a0000

Marking Bits (Prev, Next): (CMBitMap*) 0x000001d6119a0348, (CMBitMap*) 0x000001d6119a0380
 Prev Bits: [0x000001d626ea0000, 0x000001d628ea0000)
 Next Bits: [0x000001d628ea0000, 0x000001d62aea0000)

Polling page: 0x000001d6117c0000

Metaspace:

Usage:
  Non-class:    125.58 MB capacity,   122.69 MB ( 98%) used,     2.35 MB (  2%) free+waste,   552.75 KB ( <1%) overhead. 
      Class:     19.00 MB capacity,    17.37 MB ( 91%) used,     1.40 MB (  7%) free+waste,   238.31 KB (  1%) overhead. 
       Both:    144.58 MB capacity,   140.05 MB ( 97%) used,     3.75 MB (  3%) free+waste,   791.06 KB ( <1%) overhead. 

Virtual space:
  Non-class space:      128.00 MB reserved,     126.74 MB (>99%) committed 
      Class space:        1.00 GB reserved,      19.38 MB (  2%) committed 
             Both:        1.13 GB reserved,     146.12 MB ( 13%) committed 

Chunk freelists:
   Non-Class:  997.00 KB
       Class:  326.00 KB
        Both:  1.29 MB

MaxMetaspaceSize: 17179869184.00 GB
CompressedClassSpaceSize: 1.00 GB

CodeHeap 'non-profiled nmethods': size=120064Kb used=23652Kb max_used=23652Kb free=96411Kb
 bounds [0x000001d61e740000, 0x000001d61fe60000, 0x000001d625c80000]
CodeHeap 'profiled nmethods': size=120000Kb used=59278Kb max_used=59278Kb free=60721Kb
 bounds [0x000001d617210000, 0x000001d61aca0000, 0x000001d61e740000]
CodeHeap 'non-nmethods': size=5696Kb used=2356Kb max_used=2431Kb free=3339Kb
 bounds [0x000001d616c80000, 0x000001d616ef0000, 0x000001d617210000]
 total_blobs=27684 nmethods=26705 adapters=888
 compilation: enabled
              stopped_count=0, restarted_count=0
 full_count=0

Compilation events (20 events):
Event: 8154.641 Thread 0x000001d630ba1800 nmethod 33159 0x000001d61fe56110 code [0x000001d61fe562c0, 0x000001d61fe56438]
Event: 8154.641 Thread 0x000001d630ba1800 33153       4       com.android.tools.r8.code.w1$a::b (18 bytes)
Event: 8154.641 Thread 0x000001d630ba1800 nmethod 33153 0x000001d61fe56890 code [0x000001d61fe56a20, 0x000001d61fe56a98]
Event: 8154.641 Thread 0x000001d630ba1800 33147       4       com.android.tools.r8.graph.G$c::hashCode (11 bytes)
Event: 8154.642 Thread 0x000001d630ba1800 nmethod 33147 0x000001d61fe56b10 code [0x000001d61fe56ca0, 0x000001d61fe56d18]
Event: 8154.642 Thread 0x000001d630ba1800 33156       4       com.android.tools.r8.graph.G$d::hashCode (10 bytes)
Event: 8154.642 Thread 0x000001d630ba1800 nmethod 33156 0x000001d61fe56d90 code [0x000001d61fe56f20, 0x000001d61fe56f98]
Event: 8154.642 Thread 0x000001d630ba1800 33149       4       com.android.tools.r8.graph.G$a::hashCode (10 bytes)
Event: 8154.642 Thread 0x000001d630ba1800 nmethod 33149 0x000001d61fe57010 code [0x000001d61fe571a0, 0x000001d61fe57218]
Event: 8154.645 Thread 0x000001d62ddcc800 33162       3       com.android.tools.r8.internal.qf::e (4 bytes)
Event: 8154.646 Thread 0x000001d62ddcc800 nmethod 33162 0x000001d618206d90 code [0x000001d618206f40, 0x000001d618207038]
Event: 8154.646 Thread 0x000001d62ddcc800 33163       3       com.android.tools.r8.utils.V$$Lambda$1366/0x000000010109a840::call (16 bytes)
Event: 8154.646 Thread 0x000001d630ba1800 33164       4       com.google.common.util.concurrent.TrustedListenableFutureTask$TrustedFutureInterruptibleTask::isDone (8 bytes)
Event: 8154.646 Thread 0x000001d62ddcc800 nmethod 33163 0x000001d618947d90 code [0x000001d618947f60, 0x000001d618948188]
Event: 8154.646 Thread 0x000001d62ddcc800 33167       3       com.android.tools.r8.graph.c0::a (44 bytes)
Event: 8154.646 Thread 0x000001d630ba1800 nmethod 33164 0x000001d61fe57290 code [0x000001d61fe57420, 0x000001d61fe574b8]
Event: 8154.647 Thread 0x000001d630ba1800 33165       4       com.google.common.util.concurrent.TrustedListenableFutureTask$TrustedFutureInterruptibleTask::afterRanInterruptibly (26 bytes)
Event: 8154.647 Thread 0x000001d62ddcc800 nmethod 33167 0x000001d618965210 code [0x000001d6189653e0, 0x000001d618965678]
Event: 8154.647 Thread 0x000001d62ddcc800 33169       3       com.android.tools.r8.internal.Sh::c (32 bytes)
Event: 8154.647 Thread 0x000001d62ddcc800 nmethod 33169 0x000001d618209d10 code [0x000001d618209ec0, 0x000001d618209fd8]

GC Heap History (20 events):
Event: 8143.441 GC heap before
{Heap before GC invocations=148 (full 0):
 garbage-first heap   total 342016K, used 268895K [0x0000000080000000, 0x0000000100000000)
  region size 1024K, 110 young (112640K), 7 survivors (7168K)
 Metaspace       used 143060K, capacity 147504K, committed 149368K, reserved 1179648K
  class space    used 17759K, capacity 19422K, committed 19840K, reserved 1048576K
}
Event: 8143.461 GC heap after
{Heap after GC invocations=149 (full 0):
 garbage-first heap   total 342016K, used 143897K [0x0000000080000000, 0x0000000100000000)
  region size 1024K, 11 young (11264K), 11 survivors (11264K)
 Metaspace       used 143060K, capacity 147504K, committed 149368K, reserved 1179648K
  class space    used 17759K, capacity 19422K, committed 19840K, reserved 1048576K
}
Event: 8143.477 GC heap before
{Heap before GC invocations=149 (full 0):
 garbage-first heap   total 342016K, used 147993K [0x0000000080000000, 0x0000000100000000)
  region size 1024K, 16 young (16384K), 11 survivors (11264K)
 Metaspace       used 143060K, capacity 147504K, committed 149368K, reserved 1179648K
  class space    used 17759K, capacity 19422K, committed 19840K, reserved 1048576K
}
Event: 8143.539 GC heap after
{Heap after GC invocations=150 (full 0):
 garbage-first heap   total 342016K, used 126283K [0x0000000080000000, 0x0000000100000000)
  region size 1024K, 2 young (2048K), 2 survivors (2048K)
 Metaspace       used 143060K, capacity 147504K, committed 149368K, reserved 1179648K
  class space    used 17759K, capacity 19422K, committed 19840K, reserved 1048576K
}
Event: 8143.592 GC heap before
{Heap before GC invocations=150 (full 0):
 garbage-first heap   total 342016K, used 139595K [0x0000000080000000, 0x0000000100000000)
  region size 1024K, 16 young (16384K), 2 survivors (2048K)
 Metaspace       used 143060K, capacity 147504K, committed 149368K, reserved 1179648K
  class space    used 17759K, capacity 19422K, committed 19840K, reserved 1048576K
}
Event: 8143.612 GC heap after
{Heap after GC invocations=151 (full 0):
 garbage-first heap   total 342016K, used 128512K [0x0000000080000000, 0x0000000100000000)
  region size 1024K, 2 young (2048K), 2 survivors (2048K)
 Metaspace       used 143060K, capacity 147504K, committed 149368K, reserved 1179648K
  class space    used 17759K, capacity 19422K, committed 19840K, reserved 1048576K
}
Event: 8145.520 GC heap before
{Heap before GC invocations=151 (full 0):
 garbage-first heap   total 342016K, used 199168K [0x0000000080000000, 0x0000000100000000)
  region size 1024K, 73 young (74752K), 2 survivors (2048K)
 Metaspace       used 143296K, capacity 147962K, committed 149368K, reserved 1179648K
  class space    used 17781K, capacity 19472K, committed 19840K, reserved 1048576K
}
Event: 8145.559 GC heap after
{Heap after GC invocations=152 (full 0):
 garbage-first heap   total 342016K, used 135136K [0x0000000080000000, 0x0000000100000000)
  region size 1024K, 9 young (9216K), 9 survivors (9216K)
 Metaspace       used 143296K, capacity 147962K, committed 149368K, reserved 1179648K
  class space    used 17781K, capacity 19472K, committed 19840K, reserved 1048576K
}
Event: 8148.289 GC heap before
{Heap before GC invocations=153 (full 0):
 garbage-first heap   total 342016K, used 240608K [0x0000000080000000, 0x0000000100000000)
  region size 1024K, 110 young (112640K), 9 survivors (9216K)
 Metaspace       used 143767K, capacity 148381K, committed 149368K, reserved 1179648K
  class space    used 17827K, capacity 19504K, committed 19840K, reserved 1048576K
}
Event: 8148.326 GC heap after
{Heap after GC invocations=154 (full 0):
 garbage-first heap   total 342016K, used 153269K [0x0000000080000000, 0x0000000100000000)
  region size 1024K, 14 young (14336K), 14 survivors (14336K)
 Metaspace       used 143767K, capacity 148381K, committed 149368K, reserved 1179648K
  class space    used 17827K, capacity 19504K, committed 19840K, reserved 1048576K
}
Event: 8148.401 GC heap before
{Heap before GC invocations=154 (full 0):
 garbage-first heap   total 342016K, used 155317K [0x0000000080000000, 0x0000000100000000)
  region size 1024K, 16 young (16384K), 14 survivors (14336K)
 Metaspace       used 143767K, capacity 148381K, committed 149368K, reserved 1179648K
  class space    used 17827K, capacity 19504K, committed 19840K, reserved 1048576K
}
Event: 8148.488 GC heap after
{Heap after GC invocations=155 (full 0):
 garbage-first heap   total 342016K, used 146814K [0x0000000080000000, 0x0000000100000000)
  region size 1024K, 2 young (2048K), 2 survivors (2048K)
 Metaspace       used 143767K, capacity 148381K, committed 149368K, reserved 1179648K
  class space    used 17827K, capacity 19504K, committed 19840K, reserved 1048576K
}
Event: 8152.394 GC heap before
{Heap before GC invocations=155 (full 0):
 garbage-first heap   total 342016K, used 243070K [0x0000000080000000, 0x0000000100000000)
  region size 1024K, 98 young (100352K), 2 survivors (2048K)
 Metaspace       used 143878K, capacity 148535K, committed 149624K, reserved 1179648K
  class space    used 17835K, capacity 19507K, committed 19840K, reserved 1048576K
}
Event: 8152.411 GC heap after
{Heap after GC invocations=156 (full 0):
 garbage-first heap   total 342016K, used 148776K [0x0000000080000000, 0x0000000100000000)
  region size 1024K, 4 young (4096K), 4 survivors (4096K)
 Metaspace       used 143878K, capacity 148535K, committed 149624K, reserved 1179648K
  class space    used 17835K, capacity 19507K, committed 19840K, reserved 1048576K
}
Event: 8153.220 GC heap before
{Heap before GC invocations=157 (full 0):
 garbage-first heap   total 342016K, used 258344K [0x0000000080000000, 0x0000000100000000)
  region size 1024K, 107 young (109568K), 4 survivors (4096K)
 Metaspace       used 143935K, capacity 148590K, committed 149624K, reserved 1179648K
  class space    used 17840K, capacity 19516K, committed 19840K, reserved 1048576K
}
Event: 8153.238 GC heap after
{Heap after GC invocations=158 (full 0):
 garbage-first heap   total 342016K, used 156576K [0x0000000080000000, 0x0000000100000000)
  region size 1024K, 12 young (12288K), 12 survivors (12288K)
 Metaspace       used 143935K, capacity 148590K, committed 149624K, reserved 1179648K
  class space    used 17840K, capacity 19516K, committed 19840K, reserved 1048576K
}
Event: 8153.272 GC heap before
{Heap before GC invocations=158 (full 0):
 garbage-first heap   total 342016K, used 160672K [0x0000000080000000, 0x0000000100000000)
  region size 1024K, 16 young (16384K), 12 survivors (12288K)
 Metaspace       used 143937K, capacity 148590K, committed 149624K, reserved 1179648K
  class space    used 17840K, capacity 19516K, committed 19840K, reserved 1048576K
}
Event: 8153.309 GC heap after
{Heap after GC invocations=159 (full 0):
 garbage-first heap   total 342016K, used 148867K [0x0000000080000000, 0x0000000100000000)
  region size 1024K, 2 young (2048K), 2 survivors (2048K)
 Metaspace       used 143937K, capacity 148590K, committed 149624K, reserved 1179648K
  class space    used 17840K, capacity 19516K, committed 19840K, reserved 1048576K
}
Event: 8153.477 GC heap before
{Heap before GC invocations=159 (full 0):
 garbage-first heap   total 342016K, used 161155K [0x0000000080000000, 0x0000000100000000)
  region size 1024K, 16 young (16384K), 2 survivors (2048K)
 Metaspace       used 143938K, capacity 148590K, committed 149624K, reserved 1179648K
  class space    used 17840K, capacity 19516K, committed 19840K, reserved 1048576K
}
Event: 8153.488 GC heap after
{Heap after GC invocations=160 (full 0):
 garbage-first heap   total 342016K, used 148348K [0x0000000080000000, 0x0000000100000000)
  region size 1024K, 1 young (1024K), 1 survivors (1024K)
 Metaspace       used 143938K, capacity 148590K, committed 149624K, reserved 1179648K
  class space    used 17840K, capacity 19516K, committed 19840K, reserved 1048576K
}

Deoptimization events (20 events):
Event: 8153.711 Thread 0x000001d630ba5800 DEOPT PACKING pc=0x000001d61fe14898 sp=0x00000072e95fcc40
Event: 8153.711 Thread 0x000001d630ba5800 DEOPT UNPACKING pc=0x000001d616ca78af sp=0x00000072e95fcc00 mode 2
Event: 8154.185 Thread 0x000001d630b9c000 Uncommon trap: trap_request=0xffffff4d fr.pc=0x000001d61f9acdb0 relative=0x0000000000000eb0
Event: 8154.185 Thread 0x000001d630b9c000 Uncommon trap: reason=unstable_if action=reinterpret pc=0x000001d61f9acdb0 method=com.android.tools.r8.internal.ak.b(C)Ljava/lang/String; @ 37 c2
Event: 8154.185 Thread 0x000001d630b9c000 DEOPT PACKING pc=0x000001d61f9acdb0 sp=0x00000072e8dfd260
Event: 8154.185 Thread 0x000001d630b9c000 DEOPT UNPACKING pc=0x000001d616ca78af sp=0x00000072e8dfd228 mode 2
Event: 8154.227 Thread 0x000001d630b9c000 DEOPT PACKING pc=0x000001d619c9fc55 sp=0x00000072e8dfccf0
Event: 8154.227 Thread 0x000001d630b9c000 DEOPT UNPACKING pc=0x000001d616ca76ce sp=0x00000072e8dfc2f0 mode 0
Event: 8154.232 Thread 0x000001d630b9c000 DEOPT PACKING pc=0x000001d619c9fc55 sp=0x00000072e8dfccf0
Event: 8154.232 Thread 0x000001d630b9c000 DEOPT UNPACKING pc=0x000001d616ca76ce sp=0x00000072e8dfc2f0 mode 0
Event: 8154.243 Thread 0x000001d630b9c000 DEOPT PACKING pc=0x000001d619c9fc55 sp=0x00000072e8dfccf0
Event: 8154.243 Thread 0x000001d630b9c000 DEOPT UNPACKING pc=0x000001d616ca76ce sp=0x00000072e8dfc2f0 mode 0
Event: 8154.248 Thread 0x000001d630b9c000 DEOPT PACKING pc=0x000001d619c9fc55 sp=0x00000072e8dfccf0
Event: 8154.248 Thread 0x000001d630b9c000 DEOPT UNPACKING pc=0x000001d616ca76ce sp=0x00000072e8dfc2f0 mode 0
Event: 8154.584 Thread 0x000001d630b9a000 Uncommon trap: trap_request=0xffffff4d fr.pc=0x000001d61f9b0470 relative=0x00000000000012d0
Event: 8154.584 Thread 0x000001d630b9a000 Uncommon trap: reason=unstable_if action=reinterpret pc=0x000001d61f9b0470 method=com.android.tools.r8.code.w1.a(Ljava/nio/ShortBuffer;IILcom/android/tools/r8/internal/av;)[Lcom/android/tools/r8/code/v1; @ 505 c2
Event: 8154.584 Thread 0x000001d630b9a000 DEOPT PACKING pc=0x000001d61f9b0470 sp=0x00000072e93fd1a0
Event: 8154.584 Thread 0x000001d630b9a000 DEOPT UNPACKING pc=0x000001d616ca78af sp=0x00000072e93fd198 mode 2
Event: 8154.584 Thread 0x000001d630b9a000 DEOPT PACKING pc=0x000001d619c9fc55 sp=0x00000072e93fd250
Event: 8154.584 Thread 0x000001d630b9a000 DEOPT UNPACKING pc=0x000001d616ca76ce sp=0x00000072e93fc850 mode 0

Classes redefined (0 events):
No events

Internal exceptions (20 events):
Event: 8151.837 Thread 0x000001d635ab8800 Exception <a 'sun/nio/fs/WindowsException'{0x000000008f6c6850}> (0x000000008f6c6850) thrown at [./src/hotspot/share/prims/jni.cpp, line 615]
Event: 8151.843 Thread 0x000001d635ab8800 Exception <a 'sun/nio/fs/WindowsException'{0x000000008f6e4400}> (0x000000008f6e4400) thrown at [./src/hotspot/share/prims/jni.cpp, line 615]
Event: 8151.858 Thread 0x000001d635ab8800 Exception <a 'sun/nio/fs/WindowsException'{0x000000008f506b80}> (0x000000008f506b80) thrown at [./src/hotspot/share/prims/jni.cpp, line 615]
Event: 8151.867 Thread 0x000001d635ab8800 Exception <a 'sun/nio/fs/WindowsException'{0x000000008f5694a8}> (0x000000008f5694a8) thrown at [./src/hotspot/share/prims/jni.cpp, line 615]
Event: 8152.151 Thread 0x000001d635ab8800 Implicit null exception at 0x000001d61eaecc60 to 0x000001d61eaef518
Event: 8152.173 Thread 0x000001d62edb5000 Exception <a 'java/lang/NoSuchMethodError'{0x000000008f212290}: <clinit>> (0x000000008f212290) thrown at [./src/hotspot/share/prims/jni.cpp, line 1362]
Event: 8152.174 Thread 0x000001d62edb5000 Exception <a 'java/lang/NoSuchMethodError'{0x000000008f2c65c0}: <clinit>> (0x000000008f2c65c0) thrown at [./src/hotspot/share/prims/jni.cpp, line 1362]
Event: 8152.438 Thread 0x000001d635ab6000 Exception <a 'sun/nio/fs/WindowsException'{0x0000000094d76b60}> (0x0000000094d76b60) thrown at [./src/hotspot/share/prims/jni.cpp, line 615]
Event: 8152.443 Thread 0x000001d635ab6000 Exception <a 'java/lang/NoSuchMethodError'{0x0000000094da3ea0}: <clinit>> (0x0000000094da3ea0) thrown at [./src/hotspot/share/prims/jni.cpp, line 1362]
Event: 8152.453 Thread 0x000001d630b9c800 Exception <a 'sun/nio/fs/WindowsException'{0x0000000094a50718}> (0x0000000094a50718) thrown at [./src/hotspot/share/prims/jni.cpp, line 615]
Event: 8152.461 Thread 0x000001d630b9c000 Exception <a 'sun/nio/fs/WindowsException'{0x000000009485c590}> (0x000000009485c590) thrown at [./src/hotspot/share/prims/jni.cpp, line 615]
Event: 8152.501 Thread 0x000001d630b9c000 Exception <a 'sun/nio/fs/WindowsException'{0x000000009429af40}> (0x000000009429af40) thrown at [./src/hotspot/share/prims/jni.cpp, line 615]
Event: 8152.580 Thread 0x000001d630b9c800 Exception <a 'sun/nio/fs/WindowsException'{0x0000000093775038}> (0x0000000093775038) thrown at [./src/hotspot/share/prims/jni.cpp, line 615]
Event: 8152.996 Thread 0x000001d630b9c000 Exception <a 'sun/nio/fs/WindowsException'{0x00000000942a5b70}> (0x00000000942a5b70) thrown at [./src/hotspot/share/prims/jni.cpp, line 615]
Event: 8154.178 Thread 0x000001d630b9c000 Exception <a 'sun/nio/fs/WindowsException'{0x00000000946e0f38}> (0x00000000946e0f38) thrown at [./src/hotspot/share/prims/jni.cpp, line 615]
Event: 8154.326 Thread 0x000001d630ba5800 Exception <a 'sun/nio/fs/WindowsException'{0x00000000948e7b80}> (0x00000000948e7b80) thrown at [./src/hotspot/share/prims/jni.cpp, line 615]
Event: 8154.342 Thread 0x000001d630ba5800 Exception <a 'sun/nio/fs/WindowsException'{0x0000000092eaae28}> (0x0000000092eaae28) thrown at [./src/hotspot/share/prims/jni.cpp, line 615]
Event: 8154.369 Thread 0x000001d630ba5800 Exception <a 'sun/nio/fs/WindowsException'{0x0000000092eb1f20}> (0x0000000092eb1f20) thrown at [./src/hotspot/share/prims/jni.cpp, line 615]
Event: 8154.378 Thread 0x000001d630ba5800 Exception <a 'sun/nio/fs/WindowsException'{0x0000000092b44ac8}> (0x0000000092b44ac8) thrown at [./src/hotspot/share/prims/jni.cpp, line 615]
Event: 8154.565 Thread 0x000001d630b9a000 Exception <a 'sun/nio/fs/WindowsException'{0x0000000094243a08}> (0x0000000094243a08) thrown at [./src/hotspot/share/prims/jni.cpp, line 615]

Events (20 events):
Event: 8152.721 Executing VM operation: ICBufferFull
Event: 8152.722 Executing VM operation: ICBufferFull done
Event: 8152.769 Executing VM operation: CGC_Operation
Event: 8152.789 Executing VM operation: CGC_Operation done
Event: 8152.995 Executing VM operation: CGC_Operation
Event: 8152.996 Executing VM operation: CGC_Operation done
Event: 8153.219 Executing VM operation: G1CollectForAllocation
Event: 8153.238 Executing VM operation: G1CollectForAllocation done
Event: 8153.272 Executing VM operation: G1CollectForAllocation
Event: 8153.310 Executing VM operation: G1CollectForAllocation done
Event: 8153.477 Executing VM operation: G1CollectForAllocation
Event: 8153.488 Executing VM operation: G1CollectForAllocation done
Event: 8153.862 Executing VM operation: CGC_Operation
Event: 8153.910 Executing VM operation: CGC_Operation done
Event: 8154.080 Executing VM operation: RevokeBias
Event: 8154.081 Executing VM operation: RevokeBias done
Event: 8154.111 Executing VM operation: CGC_Operation
Event: 8154.111 Executing VM operation: CGC_Operation done
Event: 8154.340 Executing VM operation: ICBufferFull
Event: 8154.340 Executing VM operation: ICBufferFull done


Dynamic libraries:
0x00007ff666b20000 - 0x00007ff666b2a000 	C:\Program Files\Android\Android Studio\jre\bin\java.exe
0x00007ffdb15b0000 - 0x00007ffdb17a8000 	C:\WINDOWS\SYSTEM32\ntdll.dll
0x00007ffdafdb0000 - 0x00007ffdafe6f000 	C:\WINDOWS\System32\KERNEL32.DLL
0x00007ffdaef30000 - 0x00007ffdaf202000 	C:\WINDOWS\System32\KERNELBASE.dll
0x00007ffdaed50000 - 0x00007ffdaee50000 	C:\WINDOWS\System32\ucrtbase.dll
0x00007ffd9d9d0000 - 0x00007ffd9d9e7000 	C:\Program Files\Android\Android Studio\jre\bin\VCRUNTIME140.dll
0x00007ffd9d9b0000 - 0x00007ffd9d9c9000 	C:\Program Files\Android\Android Studio\jre\bin\jli.dll
0x00007ffdb0b10000 - 0x00007ffdb0cb1000 	C:\WINDOWS\System32\USER32.dll
0x00007ffdaf2b0000 - 0x00007ffdaf2d2000 	C:\WINDOWS\System32\win32u.dll
0x00007ffdaff90000 - 0x00007ffdaffbb000 	C:\WINDOWS\System32\GDI32.dll
0x00007ffd9ca60000 - 0x00007ffd9ccfa000 	C:\WINDOWS\WinSxS\amd64_microsoft.windows.common-controls_6595b64144ccf1df_6.0.19041.1110_none_60b5254171f9507e\COMCTL32.dll
0x00007ffdaf470000 - 0x00007ffdaf57f000 	C:\WINDOWS\System32\gdi32full.dll
0x00007ffdafd10000 - 0x00007ffdafdae000 	C:\WINDOWS\System32\msvcrt.dll
0x00007ffdaf210000 - 0x00007ffdaf2ad000 	C:\WINDOWS\System32\msvcp_win.dll
0x00007ffdb0e70000 - 0x00007ffdb0ea2000 	C:\WINDOWS\System32\IMM32.DLL
0x00007ffd840f0000 - 0x00007ffd8418d000 	C:\Program Files\Android\Android Studio\jre\bin\msvcp140.dll
0x00007ffd6de30000 - 0x00007ffd6e8ff000 	C:\Program Files\Android\Android Studio\jre\bin\server\jvm.dll
0x00007ffdb1330000 - 0x00007ffdb13de000 	C:\WINDOWS\System32\ADVAPI32.dll
0x00007ffdafe90000 - 0x00007ffdaff2c000 	C:\WINDOWS\System32\sechost.dll
0x00007ffdb0790000 - 0x00007ffdb08b5000 	C:\WINDOWS\System32\RPCRT4.dll
0x00007ffdb0eb0000 - 0x00007ffdb0eb8000 	C:\WINDOWS\System32\PSAPI.DLL
0x00007ffd86ce0000 - 0x00007ffd86ce9000 	C:\WINDOWS\SYSTEM32\WSOCK32.dll
0x00007ffdb0920000 - 0x00007ffdb098b000 	C:\WINDOWS\System32\WS2_32.dll
0x00007ffd94f40000 - 0x00007ffd94f67000 	C:\WINDOWS\SYSTEM32\WINMM.dll
0x00007ffda1670000 - 0x00007ffda167a000 	C:\WINDOWS\SYSTEM32\VERSION.dll
0x00007ffdad4f0000 - 0x00007ffdad502000 	C:\WINDOWS\SYSTEM32\kernel.appcore.dll
0x00007ffd86cc0000 - 0x00007ffd86cd1000 	C:\Program Files\Android\Android Studio\jre\bin\verify.dll
0x00007ffdaca20000 - 0x00007ffdacc04000 	C:\WINDOWS\SYSTEM32\DBGHELP.DLL
0x00007ffd9d550000 - 0x00007ffd9d585000 	C:\WINDOWS\SYSTEM32\dbgcore.DLL
0x00007ffdaeea0000 - 0x00007ffdaef22000 	C:\WINDOWS\System32\bcryptPrimitives.dll
0x00007ffd81da0000 - 0x00007ffd81dc9000 	C:\Program Files\Android\Android Studio\jre\bin\java.dll
0x00007ffd86620000 - 0x00007ffd8662b000 	C:\Program Files\Android\Android Studio\jre\bin\jimage.dll
0x00007ffd85900000 - 0x00007ffd85918000 	C:\Program Files\Android\Android Studio\jre\bin\zip.dll
0x00007ffdb0040000 - 0x00007ffdb0784000 	C:\WINDOWS\System32\SHELL32.dll
0x00007ffdacd30000 - 0x00007ffdad4c2000 	C:\WINDOWS\SYSTEM32\windows.storage.dll
0x00007ffdaf7b0000 - 0x00007ffdafb05000 	C:\WINDOWS\System32\combase.dll
0x00007ffdae620000 - 0x00007ffdae650000 	C:\WINDOWS\SYSTEM32\Wldp.dll
0x00007ffdb13e0000 - 0x00007ffdb148d000 	C:\WINDOWS\System32\SHCORE.dll
0x00007ffdaff30000 - 0x00007ffdaff85000 	C:\WINDOWS\System32\shlwapi.dll
0x00007ffdaebe0000 - 0x00007ffdaebff000 	C:\WINDOWS\SYSTEM32\profapi.dll
0x00007ffd7e010000 - 0x00007ffd7e02a000 	C:\Program Files\Android\Android Studio\jre\bin\net.dll
0x00007ffdac3d0000 - 0x00007ffdac4dc000 	C:\WINDOWS\SYSTEM32\WINHTTP.dll
0x00007ffdae380000 - 0x00007ffdae3ea000 	C:\WINDOWS\system32\mswsock.dll
0x00007ffd79e40000 - 0x00007ffd79e54000 	C:\Program Files\Android\Android Studio\jre\bin\nio.dll
0x00007ffda7630000 - 0x00007ffda7657000 	C:\Users\tatia\.gradle\native\8bec1ad78214c89d9ad589b4d07fe93259594b29d510b10fafb7a158f7737e5d\windows-amd64\native-platform.dll
0x00007ffd7e250000 - 0x00007ffd7e38d000 	C:\Users\tatia\.gradle\native\53dbd7edfb1c66fb8903c78663c9afc45aea4f116125fa6feffd364cf09443e8\windows-amd64\native-platform-file-events.dll
0x00007ffd85c20000 - 0x00007ffd85c2a000 	C:\Program Files\Android\Android Studio\jre\bin\management.dll
0x00007ffd85060000 - 0x00007ffd8506c000 	C:\Program Files\Android\Android Studio\jre\bin\management_ext.dll
0x00007ffdae570000 - 0x00007ffdae588000 	C:\WINDOWS\SYSTEM32\CRYPTSP.dll
0x00007ffdadca0000 - 0x00007ffdadcd4000 	C:\WINDOWS\system32\rsaenh.dll
0x00007ffdaf440000 - 0x00007ffdaf467000 	C:\WINDOWS\System32\bcrypt.dll
0x00007ffdaeba0000 - 0x00007ffdaebce000 	C:\WINDOWS\SYSTEM32\USERENV.dll
0x00007ffdae590000 - 0x00007ffdae59c000 	C:\WINDOWS\SYSTEM32\CRYPTBASE.dll
0x00007ffdae070000 - 0x00007ffdae0ab000 	C:\WINDOWS\SYSTEM32\IPHLPAPI.DLL
0x00007ffdafe80000 - 0x00007ffdafe88000 	C:\WINDOWS\System32\NSI.dll
0x00007ffda1500000 - 0x00007ffda1517000 	C:\WINDOWS\SYSTEM32\dhcpcsvc6.DLL
0x00007ffda1710000 - 0x00007ffda172d000 	C:\WINDOWS\SYSTEM32\dhcpcsvc.DLL
0x00007ffdae0b0000 - 0x00007ffdae17a000 	C:\WINDOWS\SYSTEM32\DNSAPI.dll
0x00007ffd640e0000 - 0x00007ffd64107000 	C:\Program Files\Android\Android Studio\jre\bin\sunec.dll

dbghelp: loaded successfully - version: 4.0.5 - missing functions: none
symbol engine: initialized successfully - sym options: 0x614 - pdb path: .;C:\Program Files\Android\Android Studio\jre\bin;C:\WINDOWS\SYSTEM32;C:\WINDOWS\WinSxS\amd64_microsoft.windows.common-controls_6595b64144ccf1df_6.0.19041.1110_none_60b5254171f9507e;C:\Program Files\Android\Android Studio\jre\bin\server;C:\Users\tatia\.gradle\native\8bec1ad78214c89d9ad589b4d07fe93259594b29d510b10fafb7a158f7737e5d\windows-amd64;C:\Users\tatia\.gradle\native\53dbd7edfb1c66fb8903c78663c9afc45aea4f116125fa6feffd364cf09443e8\windows-amd64

VM Arguments:
jvm_args: --add-opens=java.base/java.util=ALL-UNNAMED --add-opens=java.base/java.lang=ALL-UNNAMED --add-opens=java.base/java.lang.invoke=ALL-UNNAMED --add-opens=java.base/java.util=ALL-UNNAMED --add-opens=java.prefs/java.util.prefs=ALL-UNNAMED --add-opens=java.prefs/java.util.prefs=ALL-UNNAMED --add-opens=java.base/java.nio.charset=ALL-UNNAMED --add-opens=java.base/java.net=ALL-UNNAMED --add-opens=java.base/java.util.concurrent.atomic=ALL-UNNAMED -Xmx2048m -Dfile.encoding=UTF-8 -Duser.country=RU -Duser.language=ru -Duser.variant 
java_command: org.gradle.launcher.daemon.bootstrap.GradleDaemon 7.0.2
java_class_path (initial): C:\Users\tatia\.gradle\wrapper\dists\gradle-7.0.2-bin\857tjihv64xamwrf0h14cai3r\gradle-7.0.2\lib\gradle-launcher-7.0.2.jar
Launcher Type: SUN_STANDARD

[Global flags]
     intx CICompilerCount                          = 3                                         {product} {ergonomic}
     uint ConcGCThreads                            = 1                                         {product} {ergonomic}
     uint G1ConcRefinementThreads                  = 4                                         {product} {ergonomic}
   size_t G1HeapRegionSize                         = 1048576                                   {product} {ergonomic}
    uintx GCDrainStackTargetSize                   = 64                                        {product} {ergonomic}
   size_t InitialHeapSize                          = 268435456                                 {product} {ergonomic}
   size_t MarkStackSize                            = 4194304                                   {product} {ergonomic}
   size_t MaxHeapSize                              = 2147483648                                {product} {command line}
   size_t MaxNewSize                               = 1287651328                                {product} {ergonomic}
   size_t MinHeapDeltaBytes                        = 1048576                                   {product} {ergonomic}
    uintx NonNMethodCodeHeapSize                   = 5830732                                {pd product} {ergonomic}
    uintx NonProfiledCodeHeapSize                  = 122913754                              {pd product} {ergonomic}
    uintx ProfiledCodeHeapSize                     = 122913754                              {pd product} {ergonomic}
    uintx ReservedCodeCacheSize                    = 251658240                              {pd product} {ergonomic}
     bool SegmentedCodeCache                       = true                                      {product} {ergonomic}
     bool UseCompressedClassPointers               = true                                 {lp64_product} {ergonomic}
     bool UseCompressedOops                        = true                                 {lp64_product} {ergonomic}
     bool UseG1GC                                  = true                                      {product} {ergonomic}
     bool UseLargePagesIndividualAllocation        = false                                  {pd product} {ergonomic}

Logging:
Log output configuration:
 #0: stdout all=warning uptime,level,tags
 #1: stderr all=off uptime,level,tags

Environment Variables:
PATH=C:\Program Files (x86)\Common Files\Oracle\Java\javapath;C:\Program Files (x86)\Intel\Intel(R) Management Engine Components\iCLS\;C:\Program Files\Intel\Intel(R) Management Engine Components\iCLS\;C:\WINDOWS\system32;C:\WINDOWS;C:\WINDOWS\System32\Wbem;C:\WINDOWS\System32\WindowsPowerShell\v1.0\;C:\WINDOWS\System32\OpenSSH\;C:\Program Files (x86)\Intel\Intel(R) Management Engine Components\DAL;C:\Program Files\Intel\Intel(R) Management Engine Components\DAL;C:\Program Files (x86)\Intel\Intel(R) Management Engine Components\IPT;C:\Program Files\Intel\Intel(R) Management Engine Components\IPT;C:\Program Files\Microsoft SQL Server\Client SDK\ODBC\170\Tools\Binn\;C:\Program Files (x86)\Microsoft SQL Server\150\Tools\Binn\;C:\Program Files\Microsoft SQL Server\150\Tools\Binn\;C:\Program Files\Microsoft SQL Server\150\DTS\Binn\;C:\Program Files (x86)\Microsoft SQL Server\150\DTS\Binn\;C:\Program Files\Azure Data Studio\bin;C:\Program Files\dotnet\;C:\Program Files\Microsoft SQL Server\130\Tools\Binn\;C:\Program Files (x86)\dotnet\;C:\Program Files\Git\cmd;C:\Users\tatia\AppData\Local\Microsoft\WindowsApps;;C:\Program Files\Azure Data Studio\bin;C:\Users\tatia\.dotnet\tools
USERNAME=tatia
OS=Windows_NT
PROCESSOR_IDENTIFIER=Intel64 Family 6 Model 142 Stepping 10, GenuineIntel



---------------  S Y S T E M  ---------------

OS: Windows 10 , 64 bit Build 19041 (10.0.19041.2364)
OS uptime: 0 days 22:04 hours

CPU:total 4 (initial active 4) (2 cores per cpu, 2 threads per core) family 6 model 142 stepping 10 microcode 0xb4, cmov, cx8, fxsr, mmx, sse, sse2, sse3, ssse3, sse4.1, sse4.2, popcnt, avx, avx2, aes, clmul, erms, 3dnowpref, lzcnt, ht, tsc, tscinvbit, bmi1, bmi2, adx, fma

Memory: 4k page, system-wide physical 16259M (633M free)
TotalPageFile size 22330M (AvailPageFile size 0M)
current process WorkingSet (physical memory assigned to process): 659M, peak: 746M
current process commit charge ("private bytes"): 774M, peak: 782M

vm_info: OpenJDK 64-Bit Server VM (11.0.10+0-b96-7249189) for windows-amd64 JRE (11.0.10+0-b96-7249189), built on Mar 31 2021 21:44:00 by "builder" with MS VC++ 14.0 (VS2015)

END.
